
Showing logs for build [32mentando-k8s-entando-k8s-control-mn6v4-6[0m stage [32mfrom-build-pack[0m and container [32mstep-credential-initializer-sqpqb[0m
{"level":"warn","ts":1610899061.258128,"logger":"fallback-logger","caller":"logging/config.go:69","msg":"Fetch GitHub commit ID from kodata failed: \"ref: refs/heads/0.8.0-**-support-backwards-incompats\" is not a valid GitHub commit ID"}
{"level":"info","ts":1610899061.2664754,"logger":"fallback-logger","caller":"creds-init/main.go:40","msg":"Credentials initialized."}

Showing logs for build [32mentando-k8s-entando-k8s-control-mn6v4-6[0m stage [32mfrom-build-pack[0m and container [32mstep-working-dir-initializer-4dtcd[0m
{"level":"warn","ts":1610899067.428684,"logger":"fallback-logger","caller":"logging/config.go:69","msg":"Fetch GitHub commit ID from kodata failed: open /var/run/ko/HEAD: no such file or directory"}
{"level":"info","ts":1610899067.440995,"logger":"fallback-logger","caller":"bash/main.go:64","msg":"Successfully e**cuted command \"sh -c mkdir -p /workspace/source\"; output "}

Showing logs for build [32mentando-k8s-entando-k8s-control-mn6v4-6[0m stage [32mfrom-build-pack[0m and container [32mstep-place-tools[0m

Showing logs for build [32mentando-k8s-entando-k8s-control-mn6v4-6[0m stage [32mfrom-build-pack[0m and container [32mstep-git-source-entando-k8s-entando-k8s-control-xtl6n[0m
{"level":"warn","ts":1610899116.1658602,"logger":"fallback-logger","caller":"logging/config.go:69","msg":"Fetch GitHub commit ID from kodata failed: \"ref: refs/heads/0.8.0-**-support-backwards-incompats\" is not a valid GitHub commit ID"}
{"level":"info","ts":1610899117.615969,"logger":"fallback-logger","caller":"git/git.go:103","msg":"Successfully cloned https://github.com/entando-k8s/entando-k8s-controller-coordinator.git @ master in path /workspace/source"}

Showing logs for build [32mentando-k8s-entando-k8s-control-mn6v4-6[0m stage [32mfrom-build-pack[0m and container [32mstep-git-merge[0m
Using SHAs from PULL_REFS=master:56488f4031dfb222efcff6b9234f5953ead00ca9,65:83a63594581e7ddaa072132c2ea32ac0c138f919
DEBUG: ran git fetch --unshallow origin 83a63594581e7ddaa072132c2ea32ac0c138f919: 56488f4031dfb222efcff6b9234f5953ead00ca9: in 
DEBUG: ran git checkout master in 
DEBUG: ran git reset --hard 56488f4031dfb222efcff6b9234f5953ead00ca9 in 
DEBUG: ran clean --force -d . in 
DEBUG: ran git merge 83a63594581e7ddaa072132c2ea32ac0c138f919 in 
Merged SHA d152d0db4f8e7778cb22e1511e79f96565197fae with commit message 'Merge commit '83a63594581e7ddaa072132c2ea32ac0c138f919'' into base branch master
Merged SHA 83a63594581e7ddaa072132c2ea32ac0c138f919 with commit message 'ENG-1737 refined makefile' into base branch master
Merged SHA 4b743b9af189d497b4056c1b50a1efe235532009 with commit message 'ENG-1737 creating redhat-registry secret now' into base branch master
Merged SHA 4f957185af7bfcf11895f9af4958576b4a6b9206 with commit message 'ENG-1737_redhat_certification' into base branch master
Merged SHA 07ab73651af89d399eb3923a30f43346206c64d3 with commit message 'ENG-1737 end to end test for Keycloak' into base branch master
Merged SHA e97722d152b66c25dfb1d813c402ee0102824dd8 with commit message 'ENG-1737 pointing to latest operator-common' into base branch master

Showing logs for build [32mentando-k8s-entando-k8s-control-mn6v4-6[0m stage [32mfrom-build-pack[0m and container [32mstep-build-set-version[0m
Picked up _JAVA_OPTIONS: -XX:+UnlockExperimentalVMOptions -Dsun.zip.disableMemoryMapping=**** -XX:+UseParallelGC -XX:MinHeapFreeRatio=5 -XX:MaxHeapFreeRatio=10 -XX:GCTimeRatio=4 -XX:AdaptiveSizePolicyWeight=90 -Xms1000m -Xmx12000m
[INFO] Scanning for projects...
[INFO] 
[INFO] -----------< org.entando:entando-k8s-controller-coordinator >-----------
[INFO] Building Entando K8S Controller Coordinator 6.3.0-SNAPSHOT
[INFO] --------------------------------[ jar ]---------------------------------
[INFO] 
[INFO] --- versions-maven-plugin:2.8.1:set (default-cli) @ entando-k8s-controller-coordinator ---
[INFO] Local aggregation ****: /workspace/source
[INFO] Processing change of org.entando:entando-k8s-controller-coordinator:6.3.0-SNAPSHOT -> 0.0.0-SNAPSHOT-PR-65-6
[INFO] Processing org.entando:entando-k8s-controller-coordinator
[INFO]     Updating project org.entando:entando-k8s-controller-coordinator
[INFO]         from version 6.3.0-SNAPSHOT to 0.0.0-SNAPSHOT-PR-65-6
[INFO] 
[INFO] ------------------------------------------------------------------------
[INFO] BUILD SUCCESS
[INFO] ------------------------------------------------------------------------
[INFO] Total time:  8.537 s
[INFO] Finished at: 2021-01-17T15:58:51Z
[INFO] ------------------------------------------------------------------------

Showing logs for build [32mentando-k8s-entando-k8s-control-mn6v4-6[0m stage [32mfrom-build-pack[0m and container [32mstep-build-fix-git-for-sonar[0m
Switched to a new branch 'PR-65'
M	pom.xml
Deleted branch master (was d152d0d).
From https://github.com/entando-k8s/entando-k8s-controller-coordinator
 * [new branch]      master                  -> master
 * [new tag]         Entando6.2.1-pre-test01 -> Entando6.2.1-pre-test01

Showing logs for build [32mentando-k8s-entando-k8s-control-mn6v4-6[0m stage [32mfrom-build-pack[0m and container [32mstep-build-mvn-verify-pr[0m
  % Total    % Received % Xferd  Average Speed   Time    Time     Time  Current
                                 Dload  Upload   Total   Spent    Left  Speed
  0     0    0     0    0     0      0      0 --:--:-- --:--:-- --:--:--     0100  1891  100  1665  100   226   2713    368 --:--:-- --:--:-- --:--:--  2716
{
  "url": "https://api.github.com/repos/entando-k8s/entando-k8s-controller-coordinator/statuses/83a63594581e7ddaa072132c2ea32ac0c138f919",
  "avatar_url": "https://avatars2.githubusercontent.com/u/57885396?v=4",
  "id": 11881115036,
  "node_id": "MDEzOlN0YXR1c0NvbnRleHQxMTg4MTExNTAzNg==",
  "state": "pending",
  "description": "Pre-deployment tests pending!",
  "target_url": "https://entando-k8s.github.io/devops-results/entando-k8s-controller-coordinator/PR-65/surefire-report.html",
  "context": "Pre-deployment tests",
  "created_at": "2021-01-17T15:58:54Z",
  "updated_at": "2021-01-17T15:58:54Z",
  "creator": {
    "login": "entando-**",
    "id": 57885396,
    "node_id": "MDQ6VXNlcjU3ODg1Mzk2",
    "avatar_url": "https://avatars2.githubusercontent.com/u/57885396?v=4",
    "gravatar_id": "",
    "url": "https://api.github.com/users/**********",
    "html_url": "https://github.com/**********",
    "followers_url": "https://api.github.com/users/**********/followers",
    "following_url": "https://api.github.com/users/**********/following{/other_user}",
    "gists_url": "https://api.github.com/users/entando-**/gists{/gist_id}",
    "starred_url": "https://api.github.com/users/**********/starred{/owner}{/repo}",
    "subscriptions_url": "https://api.github.com/users/entando-**/subscriptions",
    "organizations_url": "https://api.github.com/users/**********/orgs",
    "repos_url": "https://api.github.com/users/entando-**/repos",
    "events_url": "https://api.github.com/users/entando-**/events{/privacy}",
    "received_events_url": "https://api.github.com/users/**********/received_events",
    "type": "User",
    "site_*****": false
  }
}
  % Total    % Received % Xferd  Average Speed   Time    Time     Time  Current
                                 Dload  Upload   Total   Spent    Left  Speed
{
  "url": "https://api.github.com/repos/entando-k8s/entando-k8s-controller-coordinator/statuses/83a63594581e7ddaa072132c2ea32ac0c138f919",
  "avatar_url": "https://avatars2.githubusercontent.com/u/57885396?v=4",
  "id": 11881115067,
  "node_id": "MDEzOlN0YXR1c0NvbnRleHQxMTg4MTExNTA2Nw==",
  "state": "pending",
  "description": "Post-deployment tests pending!",
  "target_url": "https://entando-k8s.github.io/devops-results/entando-k8s-controller-coordinator/PR-65/failsafe-report.html",
  "context": "Post-deployment tests",
  "created_at": "2021-01-17T15:58:54Z",
  "updated_at": "2021-01-17T15:58:54Z",
  "creator": {
    "login": "entando-**",
    "id": 57885396,
    "node_id": "MDQ6VXNlcjU3ODg1Mzk2",
    "avatar_url": "https://avatars2.githubusercontent.com/u/57885396?v=4",
    "gravatar_id": "",
    "url": "https://api.github.com/users/entando-**",
    "html_url": "https://github.com/**********",
    "followers_url": "https://api.github.com/users/entando-**/followers",
    "following_url": "https://api.github.com/users/**********/following{/other_user}",
    "gists_url": "https://api.github.com/users/**********/gists{/gist_id}",
    "starred_url": "https://api.github.com/users/**********/starred{/owner}{/repo}",
    "subscriptions_url": "https://api.github.com/users/entando-**/subscriptions",
    "organizations_url": "https://api.github.com/users/**********/orgs",
    "repos_url": "https://api.github.com/users/entando-**/repos",
    "events_url": "https://api.github.com/users/**********/events{/privacy}",
    "received_events_url": "https://api.github.com/users/entando-**/received_events",
    "type": "User",
    "site_*****": false
  }
}
  0     0    0     0    0     0      0      0 --:--:-- --:--:-- --:--:--     0  0     0    0     0    0     0      0      0 --:--:-- --:--:-- --:--:--     0100  1895  100  1667  100   228   2604    356 --:--:-- --:--:-- --:--:--  2604
  % Total    % Received % Xferd  Average Speed   Time    Time     Time  Current
                                 Dload  Upload   Total   Spent    Left  Speed
  0     0    0     0    0     0      0      0 --:--:-- --:--:-- --:--:--     0 10  1841    0     0  100   201      0    303 --:--:-- --:--:-- --:--:--   303100  1841  100  1640  100   201   2473    303 --:--:-- --:--:-- --:--:--  2473
{
  "url": "https://api.github.com/repos/entando-k8s/entando-k8s-controller-coordinator/statuses/83a63594581e7ddaa072132c2ea32ac0c138f919",
  "avatar_url": "https://avatars2.githubusercontent.com/u/57885396?v=4",
  "id": 11881115087,
  "node_id": "MDEzOlN0YXR1c0NvbnRleHQxMTg4MTExNTA4Nw==",
  "state": "pending",
  "description": "Checkstyle pending!",
  "target_url": "https://entando-k8s.github.io/devops-results/entando-k8s-controller-coordinator/PR-65/checkstyle.html",
  "context": "Checkstyle",
  "created_at": "2021-01-17T15:58:55Z",
  "updated_at": "2021-01-17T15:58:55Z",
  "creator": {
    "login": "**********",
    "id": 57885396,
    "node_id": "MDQ6VXNlcjU3ODg1Mzk2",
    "avatar_url": "https://avatars2.githubusercontent.com/u/57885396?v=4",
    "gravatar_id": "",
    "url": "https://api.github.com/users/entando-**",
    "html_url": "https://github.com/**********",
    "followers_url": "https://api.github.com/users/entando-**/followers",
    "following_url": "https://api.github.com/users/entando-**/following{/other_user}",
    "gists_url": "https://api.github.com/users/entando-**/gists{/gist_id}",
    "starred_url": "https://api.github.com/users/**********/starred{/owner}{/repo}",
    "subscriptions_url": "https://api.github.com/users/entando-**/subscriptions",
    "organizations_url": "https://api.github.com/users/entando-**/orgs",
    "repos_url": "https://api.github.com/users/**********/repos",
    "events_url": "https://api.github.com/users/**********/events{/privacy}",
    "received_events_url": "https://api.github.com/users/entando-**/received_events",
    "type": "User",
    "site_*****": false
  }
}
  % Total    % Received % Xferd  Average Speed   Time    Time     Time  Current
                                 Dload  Upload   Total   Spent    Left  Speed
  0     0    0     0    0     0      0      0 --:--:-- --:--:-- --:--:--     0100  1863  100  1651  100   212   2259    290 --:--:-- --:--:-- --:--:--  2261
{
  "url": "https://api.github.com/repos/entando-k8s/entando-k8s-controller-coordinator/statuses/83a63594581e7ddaa072132c2ea32ac0c138f919",
  "avatar_url": "https://avatars2.githubusercontent.com/u/57885396?v=4",
  "id": 11881115110,
  "node_id": "MDEzOlN0YXR1c0NvbnRleHQxMTg4MTExNTExMA==",
  "state": "pending",
  "description": "OWASP CVE pending!",
  "target_url": "https://entando-k8s.github.io/devops-results/entando-k8s-controller-coordinator/PR-65/dependency-check-report.html",
  "context": "OWASP CVE",
  "created_at": "2021-01-17T15:58:56Z",
  "updated_at": "2021-01-17T15:58:56Z",
  "creator": {
    "login": "entando-**",
    "id": 57885396,
    "node_id": "MDQ6VXNlcjU3ODg1Mzk2",
    "avatar_url": "https://avatars2.githubusercontent.com/u/57885396?v=4",
    "gravatar_id": "",
    "url": "https://api.github.com/users/**********",
    "html_url": "https://github.com/**********",
    "followers_url": "https://api.github.com/users/entando-**/followers",
    "following_url": "https://api.github.com/users/**********/following{/other_user}",
    "gists_url": "https://api.github.com/users/**********/gists{/gist_id}",
    "starred_url": "https://api.github.com/users/**********/starred{/owner}{/repo}",
    "subscriptions_url": "https://api.github.com/users/**********/subscriptions",
    "organizations_url": "https://api.github.com/users/**********/orgs",
    "repos_url": "https://api.github.com/users/entando-**/repos",
    "events_url": "https://api.github.com/users/**********/events{/privacy}",
    "received_events_url": "https://api.github.com/users/entando-**/received_events",
    "type": "User",
    "site_*****": false
  }
}
Picked up _JAVA_OPTIONS: -XX:+UnlockExperimentalVMOptions -Dsun.zip.disableMemoryMapping=**** -XX:+UseParallelGC -XX:MinHeapFreeRatio=5 -XX:MaxHeapFreeRatio=10 -XX:GCTimeRatio=4 -XX:AdaptiveSizePolicyWeight=90 -Xms1000m -Xmx12000m
[INFO] Scanning for projects...
[INFO] 
[INFO] -----------< org.entando:entando-k8s-controller-coordinator >-----------
[INFO] Building Entando K8S Controller Coordinator 0.0.0-SNAPSHOT-PR-65-6
[INFO] --------------------------------[ jar ]---------------------------------
[INFO] 
[INFO] --- maven-checkstyle-plugin:3.1.1:check (validate) @ entando-k8s-controller-coordinator ---
[INFO] Starting audit...
Audit done.
[INFO] You have 0 Checkstyle violations.
[INFO] 
[INFO] --- maven-checkstyle-plugin:3.1.1:checkstyle (validate) @ entando-k8s-controller-coordinator ---
[INFO] Starting audit...
Audit done.
[INFO] 
[INFO] --- jacoco-maven-plugin:0.8.5:prepare-agent (prepare-agent) @ entando-k8s-controller-coordinator ---
[INFO] argLine set to -javaagent:/home/jenkins/.mvnrepository/org/jacoco/org.jacoco.agent/0.8.5/org.jacoco.agent-0.8.5-runtime.jar=destfile=/workspace/source/target/jacoco.e**c
[INFO] 
[INFO] --- maven-resources-plugin:2.6:resources (default-resources) @ entando-k8s-controller-coordinator ---
[INFO] Using 'UTF-8' encoding to copy filtered resources.
[INFO] Copying 3 resources
[INFO] 
[INFO] --- maven-compiler-plugin:3.8.1:compile (default-compile) @ entando-k8s-controller-coordinator ---
[INFO] Changes detected - recompiling the module!
[INFO] Compiling 4 source files to /workspace/source/target/classes
[INFO] 
[INFO] --- maven-resources-plugin:2.6:testResources (default-testResources) @ entando-k8s-controller-coordinator ---
[INFO] Using 'UTF-8' encoding to copy filtered resources.
[INFO] Copying 6 resources
[INFO] 
[INFO] --- maven-compiler-plugin:3.8.1:testCompile (default-testCompile) @ entando-k8s-controller-coordinator ---
[INFO] Changes detected - recompiling the module!
[INFO] Compiling 6 source files to /workspace/source/target/test-classes
[INFO] 
[INFO] --- maven-surefire-plugin:3.0.0-M1:test (default-test) @ entando-k8s-controller-coordinator ---
[INFO] 
[INFO] -------------------------------------------------------
[INFO]  T E S T S
[INFO] -------------------------------------------------------
[INFO] Running org.entando.kubernetes.controller.coordinator.inprocesstests.EntandoOperatorMatcherTest
Jan 17, 2021 3:59:18 PM org.entando.kubernetes.controller.coordinator.EntandoOperatorMatcher matchesThisOperator
WARNING: Operator ID mismatch. Ignoring resource EntandoApp:null/null
Jan 17, 2021 3:59:18 PM org.entando.kubernetes.controller.coordinator.EntandoOperatorMatcher matchesThisOperator
WARNING: Operator version mismatch. Ignoring resource EntandoApp:null/null
Jan 17, 2021 3:59:18 PM org.entando.kubernetes.controller.coordinator.EntandoOperatorMatcher matchesThisOperator
WARNING: Operator ID mismatch. Ignoring resource EntandoApp:null/null
Jan 17, 2021 3:59:18 PM org.entando.kubernetes.controller.coordinator.EntandoOperatorMatcher matchesThisOperator
WARNING: Operator ID mismatch. Ignoring resource EntandoApp:null/null
[INFO] Tests run: 7, Failures: 0, Errors: 0, Skipped: 0, Time elapsed: 0.224 s - in org.entando.kubernetes.controller.coordinator.inprocesstests.EntandoOperatorMatcherTest
[INFO] Running org.entando.kubernetes.controller.coordinator.inprocesstests.ControllerCoordinatorEdgeConditionsTest
Jan 17, 2021 3:59:19 PM okhttp3.mockwebserver.MockWebServer$2 e**cute
INFO: MockWebServer[46669] starting to accept connections
Jan 17, 2021 3:59:20 PM okhttp3.mockwebserver.MockWebServer$3 processOneRequest
INFO: MockWebServer[46669] received request: GET /api/v1/namespaces/entando-k8s-controller-coordinator-carcpr65 HTTP/1.1 and responded: HTTP/1.1 404 Client Error
Jan 17, 2021 3:59:20 PM okhttp3.mockwebserver.MockWebServer$3 processOneRequest
INFO: MockWebServer[46669] received request: POST /api/v1/namespaces HTTP/1.1 and responded: HTTP/1.1 202 OK
Jan 17, 2021 3:59:20 PM okhttp3.mockwebserver.MockWebServer$3 processOneRequest
INFO: MockWebServer[46669] received request: GET /apis/apiextensions.k8s.io/v1beta1/customresourcedefinitions/entandokeycloakservers.entando.org HTTP/1.1 and responded: HTTP/1.1 404 Client Error
Jan 17, 2021 3:59:20 PM okhttp3.mockwebserver.MockWebServer$3 processOneRequest
INFO: MockWebServer[46669] received request: POST /apis/apiextensions.k8s.io/v1beta1/customresourcedefinitions HTTP/1.1 and responded: HTTP/1.1 202 OK
Jan 17, 2021 3:59:20 PM okhttp3.mockwebserver.MockWebServer$3 processOneRequest
INFO: MockWebServer[46669] received request: GET /api/v1/namespaces/entando-k8s-controller-coordinator-carcpr65 HTTP/1.1 and responded: HTTP/1.1 200 OK
Jan 17, 2021 3:59:20 PM okhttp3.mockwebserver.MockWebServer$3 processOneRequest
INFO: MockWebServer[46669] received request: GET /apis/entando.org/v1/namespaces/entando-k8s-controller-coordinator-carcpr65/entandokeycloakservers HTTP/1.1 and responded: HTTP/1.1 200 OK
Jan 17, 2021 3:59:21 PM okhttp3.mockwebserver.MockWebServer$3 processOneRequest
INFO: MockWebServer[46669] received request: GET /api/v1/namespaces/entando-k8s-controller-coordinator-carcpr65 HTTP/1.1 and responded: HTTP/1.1 200 OK
Jan 17, 2021 3:59:21 PM okhttp3.mockwebserver.MockWebServer$3 processOneRequest
INFO: MockWebServer[46669] received request: GET /apis/entando.org/v1/namespaces/entando-k8s-controller-coordinator-carcpr65/entandokeycloakservers HTTP/1.1 and responded: HTTP/1.1 200 OK
Jan 17, 2021 3:59:21 PM okhttp3.mockwebserver.MockWebServer$3 processOneRequest
INFO: MockWebServer[46669] received request: GET /apis/entando.org/v1/namespaces/entando-k8s-controller-coordinator-carcpr65/entandokeycloakservers HTTP/1.1 and responded: HTTP/1.1 200 OK
Jan 17, 2021 3:59:21 PM okhttp3.mockwebserver.MockWebServer$3 processOneRequest
INFO: MockWebServer[46669] received request: GET /apis/entando.org/v1/namespaces/entando-k8s-controller-coordinator-carcpr65/entandokeycloakservers?watch=**** HTTP/1.1 and responded: HTTP/1.1 200 OK
Jan 17, 2021 3:59:21 PM okhttp3.mockwebserver.MockWebServer$3 processOneRequest
INFO: MockWebServer[46669] received request: GET /apis/entando.org/v1/namespaces/entando-k8s-controller-coordinator-carcpr65/entandokeycloakservers?watch=**** HTTP/1.1 and responded: HTTP/1.1 200 OK
Jan 17, 2021 3:59:21 PM okhttp3.mockwebserver.MockWebServer$3 processOneRequest
INFO: MockWebServer[46669] received request: GET /apis/apiextensions.k8s.io/v1beta1/customresourcedefinitions/entandoclusterinfrastructures.entando.org HTTP/1.1 and responded: HTTP/1.1 404 Client Error
Jan 17, 2021 3:59:21 PM io.fabric8.kubernetes.client.dsl.internal.WatchHTTPManager$1 onResponse
INFO: Watch terminated unexpectedly. reason: \n not found: limit=46 content=7b2261706956657273696f6e223a227631222c226b696e64223a224c69737422…
Jan 17, 2021 3:59:21 PM okhttp3.mockwebserver.MockWebServer$3 processOneRequest
INFO: MockWebServer[46669] received request: POST /apis/apiextensions.k8s.io/v1beta1/customresourcedefinitions HTTP/1.1 and responded: HTTP/1.1 202 OK
Jan 17, 2021 3:59:21 PM okhttp3.mockwebserver.MockWebServer$3 processOneRequest
INFO: MockWebServer[46669] received request: GET /api/v1/namespaces/entando-k8s-controller-coordinator-carcpr65 HTTP/1.1 and responded: HTTP/1.1 200 OK
Jan 17, 2021 3:59:21 PM okhttp3.mockwebserver.MockWebServer$3 processOneRequest
INFO: MockWebServer[46669] received request: GET /apis/entando.org/v1/namespaces/entando-k8s-controller-coordinator-carcpr65/entandoclusterinfrastructures HTTP/1.1 and responded: HTTP/1.1 200 OK
Jan 17, 2021 3:59:21 PM okhttp3.mockwebserver.MockWebServer$3 processOneRequest
INFO: MockWebServer[46669] received request: GET /api/v1/namespaces/entando-k8s-controller-coordinator-carcpr65 HTTP/1.1 and responded: HTTP/1.1 200 OK
Jan 17, 2021 3:59:21 PM okhttp3.mockwebserver.MockWebServer$3 processOneRequest
INFO: MockWebServer[46669] received request: GET /apis/entando.org/v1/namespaces/entando-k8s-controller-coordinator-carcpr65/entandoclusterinfrastructures HTTP/1.1 and responded: HTTP/1.1 200 OK
Jan 17, 2021 3:59:21 PM okhttp3.mockwebserver.MockWebServer$3 processOneRequest
INFO: MockWebServer[46669] received request: GET /apis/entando.org/v1/namespaces/entando-k8s-controller-coordinator-carcpr65/entandoclusterinfrastructures HTTP/1.1 and responded: HTTP/1.1 200 OK
Jan 17, 2021 3:59:22 PM okhttp3.mockwebserver.MockWebServer$3 processOneRequest
INFO: MockWebServer[46669] received request: GET /apis/entando.org/v1/namespaces/entando-k8s-controller-coordinator-carcpr65/entandoclusterinfrastructures?watch=**** HTTP/1.1 and responded: HTTP/1.1 200 OK
Jan 17, 2021 3:59:22 PM okhttp3.mockwebserver.MockWebServer$3 processOneRequest
INFO: MockWebServer[46669] received request: GET /apis/apiextensions.k8s.io/v1beta1/customresourcedefinitions/entandoapps.entando.org HTTP/1.1 and responded: HTTP/1.1 404 Client Error
Jan 17, 2021 3:59:22 PM okhttp3.mockwebserver.MockWebServer$3 processOneRequest
INFO: MockWebServer[46669] received request: GET /apis/entando.org/v1/namespaces/entando-k8s-controller-coordinator-carcpr65/entandoclusterinfrastructures?watch=**** HTTP/1.1 and responded: HTTP/1.1 200 OK
Jan 17, 2021 3:59:22 PM io.fabric8.kubernetes.client.dsl.internal.WatchHTTPManager$1 onResponse
INFO: Watch terminated unexpectedly. reason: \n not found: limit=46 content=7b2261706956657273696f6e223a227631222c226b696e64223a224c69737422…
Jan 17, 2021 3:59:22 PM okhttp3.mockwebserver.MockWebServer$3 processOneRequest
INFO: MockWebServer[46669] received request: POST /apis/apiextensions.k8s.io/v1beta1/customresourcedefinitions HTTP/1.1 and responded: HTTP/1.1 202 OK
Jan 17, 2021 3:59:22 PM okhttp3.mockwebserver.MockWebServer$3 processOneRequest
INFO: MockWebServer[46669] received request: GET /api/v1/namespaces/entando-k8s-controller-coordinator-carcpr65 HTTP/1.1 and responded: HTTP/1.1 200 OK
Jan 17, 2021 3:59:22 PM okhttp3.mockwebserver.MockWebServer$3 processOneRequest
INFO: MockWebServer[46669] received request: GET /apis/entando.org/v1/namespaces/entando-k8s-controller-coordinator-carcpr65/entandoapps HTTP/1.1 and responded: HTTP/1.1 200 OK
Jan 17, 2021 3:59:22 PM okhttp3.mockwebserver.MockWebServer$3 processOneRequest
INFO: MockWebServer[46669] received request: GET /apis/entando.org/v1/namespaces/entando-k8s-controller-coordinator-carcpr65/entandokeycloakservers?watch=**** HTTP/1.1 and responded: HTTP/1.1 200 OK
Jan 17, 2021 3:59:22 PM io.fabric8.kubernetes.client.dsl.internal.WatchHTTPManager$1 onResponse
INFO: Watch terminated unexpectedly. reason: \n not found: limit=46 content=7b2261706956657273696f6e223a227631222c226b696e64223a224c69737422…
Jan 17, 2021 3:59:22 PM okhttp3.mockwebserver.MockWebServer$3 processOneRequest
INFO: MockWebServer[46669] received request: GET /api/v1/namespaces/entando-k8s-controller-coordinator-carcpr65 HTTP/1.1 and responded: HTTP/1.1 200 OK
Jan 17, 2021 3:59:22 PM okhttp3.mockwebserver.MockWebServer$3 processOneRequest
INFO: MockWebServer[46669] received request: GET /apis/entando.org/v1/namespaces/entando-k8s-controller-coordinator-carcpr65/entandoapps HTTP/1.1 and responded: HTTP/1.1 200 OK
Jan 17, 2021 3:59:22 PM okhttp3.mockwebserver.MockWebServer$3 processOneRequest
INFO: MockWebServer[46669] received request: GET /apis/entando.org/v1/namespaces/entando-k8s-controller-coordinator-carcpr65/entandoapps HTTP/1.1 and responded: HTTP/1.1 200 OK
Jan 17, 2021 3:59:22 PM okhttp3.mockwebserver.MockWebServer$3 processOneRequest
INFO: MockWebServer[46669] received request: GET /apis/entando.org/v1/namespaces/entando-k8s-controller-coordinator-carcpr65/entandoapps?watch=**** HTTP/1.1 and responded: HTTP/1.1 200 OK
Jan 17, 2021 3:59:22 PM okhttp3.mockwebserver.MockWebServer$3 processOneRequest
INFO: MockWebServer[46669] received request: GET /apis/entando.org/v1/namespaces/entando-k8s-controller-coordinator-carcpr65/entandoapps?watch=**** HTTP/1.1 and responded: HTTP/1.1 200 OK
Jan 17, 2021 3:59:22 PM okhttp3.mockwebserver.MockWebServer$3 processOneRequest
INFO: MockWebServer[46669] received request: GET /apis/apiextensions.k8s.io/v1beta1/customresourcedefinitions/entandoplugins.entando.org HTTP/1.1 and responded: HTTP/1.1 404 Client Error
Jan 17, 2021 3:59:22 PM io.fabric8.kubernetes.client.dsl.internal.WatchHTTPManager$1 onResponse
INFO: Watch terminated unexpectedly. reason: \n not found: limit=46 content=7b2261706956657273696f6e223a227631222c226b696e64223a224c69737422…
Jan 17, 2021 3:59:22 PM okhttp3.mockwebserver.MockWebServer$3 processOneRequest
INFO: MockWebServer[46669] received request: POST /apis/apiextensions.k8s.io/v1beta1/customresourcedefinitions HTTP/1.1 and responded: HTTP/1.1 202 OK
Jan 17, 2021 3:59:23 PM okhttp3.mockwebserver.MockWebServer$3 processOneRequest
INFO: MockWebServer[46669] received request: GET /api/v1/namespaces/entando-k8s-controller-coordinator-carcpr65 HTTP/1.1 and responded: HTTP/1.1 200 OK
Jan 17, 2021 3:59:23 PM okhttp3.mockwebserver.MockWebServer$3 processOneRequest
INFO: MockWebServer[46669] received request: GET /apis/entando.org/v1/namespaces/entando-k8s-controller-coordinator-carcpr65/entandoplugins HTTP/1.1 and responded: HTTP/1.1 200 OK
Jan 17, 2021 3:59:23 PM okhttp3.mockwebserver.MockWebServer$3 processOneRequest
INFO: MockWebServer[46669] received request: GET /api/v1/namespaces/entando-k8s-controller-coordinator-carcpr65 HTTP/1.1 and responded: HTTP/1.1 200 OK
Jan 17, 2021 3:59:23 PM okhttp3.mockwebserver.MockWebServer$3 processOneRequest
INFO: MockWebServer[46669] received request: GET /apis/entando.org/v1/namespaces/entando-k8s-controller-coordinator-carcpr65/entandoclusterinfrastructures?watch=**** HTTP/1.1 and responded: HTTP/1.1 200 OK
Jan 17, 2021 3:59:23 PM io.fabric8.kubernetes.client.dsl.internal.WatchHTTPManager$1 onResponse
INFO: Watch terminated unexpectedly. reason: \n not found: limit=46 content=7b2261706956657273696f6e223a227631222c226b696e64223a224c69737422…
Jan 17, 2021 3:59:23 PM okhttp3.mockwebserver.MockWebServer$3 processOneRequest
INFO: MockWebServer[46669] received request: GET /apis/entando.org/v1/namespaces/entando-k8s-controller-coordinator-carcpr65/entandoplugins HTTP/1.1 and responded: HTTP/1.1 200 OK
Jan 17, 2021 3:59:23 PM okhttp3.mockwebserver.MockWebServer$3 processOneRequest
INFO: MockWebServer[46669] received request: GET /apis/entando.org/v1/namespaces/entando-k8s-controller-coordinator-carcpr65/entandoplugins HTTP/1.1 and responded: HTTP/1.1 200 OK
Jan 17, 2021 3:59:23 PM okhttp3.mockwebserver.MockWebServer$3 processOneRequest
INFO: MockWebServer[46669] received request: GET /apis/entando.org/v1/namespaces/entando-k8s-controller-coordinator-carcpr65/entandoplugins?watch=**** HTTP/1.1 and responded: HTTP/1.1 200 OK
Jan 17, 2021 3:59:23 PM okhttp3.mockwebserver.MockWebServer$3 processOneRequest
INFO: MockWebServer[46669] received request: GET /apis/entando.org/v1/namespaces/entando-k8s-controller-coordinator-carcpr65/entandoplugins?watch=**** HTTP/1.1 and responded: HTTP/1.1 200 OK
Jan 17, 2021 3:59:23 PM io.fabric8.kubernetes.client.dsl.internal.WatchHTTPManager$1 onResponse
INFO: Watch terminated unexpectedly. reason: \n not found: limit=46 content=7b2261706956657273696f6e223a227631222c226b696e64223a224c69737422…
Jan 17, 2021 3:59:23 PM okhttp3.mockwebserver.MockWebServer$3 processOneRequest
INFO: MockWebServer[46669] received request: GET /apis/apiextensions.k8s.io/v1beta1/customresourcedefinitions/entandoapppluginlinks.entando.org HTTP/1.1 and responded: HTTP/1.1 404 Client Error
Jan 17, 2021 3:59:23 PM okhttp3.mockwebserver.MockWebServer$3 processOneRequest
INFO: MockWebServer[46669] received request: POST /apis/apiextensions.k8s.io/v1beta1/customresourcedefinitions HTTP/1.1 and responded: HTTP/1.1 202 OK
Jan 17, 2021 3:59:23 PM okhttp3.mockwebserver.MockWebServer$3 processOneRequest
INFO: MockWebServer[46669] received request: GET /api/v1/namespaces/entando-k8s-controller-coordinator-carcpr65 HTTP/1.1 and responded: HTTP/1.1 200 OK
Jan 17, 2021 3:59:23 PM okhttp3.mockwebserver.MockWebServer$3 processOneRequest
INFO: MockWebServer[46669] received request: GET /apis/entando.org/v1/namespaces/entando-k8s-controller-coordinator-carcpr65/entandoapppluginlinks HTTP/1.1 and responded: HTTP/1.1 200 OK
Jan 17, 2021 3:59:23 PM okhttp3.mockwebserver.MockWebServer$3 processOneRequest
INFO: MockWebServer[46669] received request: GET /api/v1/namespaces/entando-k8s-controller-coordinator-carcpr65 HTTP/1.1 and responded: HTTP/1.1 200 OK
Jan 17, 2021 3:59:23 PM okhttp3.mockwebserver.MockWebServer$3 processOneRequest
INFO: MockWebServer[46669] received request: GET /apis/entando.org/v1/namespaces/entando-k8s-controller-coordinator-carcpr65/entandoapps?watch=**** HTTP/1.1 and responded: HTTP/1.1 200 OK
Jan 17, 2021 3:59:23 PM io.fabric8.kubernetes.client.dsl.internal.WatchHTTPManager$1 onResponse
INFO: Watch terminated unexpectedly. reason: \n not found: limit=46 content=7b2261706956657273696f6e223a227631222c226b696e64223a224c69737422…
Jan 17, 2021 3:59:24 PM okhttp3.mockwebserver.MockWebServer$3 processOneRequest
INFO: MockWebServer[46669] received request: GET /apis/entando.org/v1/namespaces/entando-k8s-controller-coordinator-carcpr65/entandoapppluginlinks HTTP/1.1 and responded: HTTP/1.1 200 OK
Jan 17, 2021 3:59:24 PM okhttp3.mockwebserver.MockWebServer$3 processOneRequest
INFO: MockWebServer[46669] received request: GET /apis/entando.org/v1/namespaces/entando-k8s-controller-coordinator-carcpr65/entandoapppluginlinks HTTP/1.1 and responded: HTTP/1.1 200 OK
Jan 17, 2021 3:59:24 PM okhttp3.mockwebserver.MockWebServer$3 processOneRequest
INFO: MockWebServer[46669] received request: GET /apis/entando.org/v1/namespaces/entando-k8s-controller-coordinator-carcpr65/entandoapppluginlinks?watch=**** HTTP/1.1 and responded: HTTP/1.1 200 OK
Jan 17, 2021 3:59:24 PM okhttp3.mockwebserver.MockWebServer$3 processOneRequest
INFO: MockWebServer[46669] received request: GET /apis/entando.org/v1/namespaces/entando-k8s-controller-coordinator-carcpr65/entandoapppluginlinks?watch=**** HTTP/1.1 and responded: HTTP/1.1 200 OK
Jan 17, 2021 3:59:24 PM okhttp3.mockwebserver.MockWebServer$3 processOneRequest
INFO: MockWebServer[46669] received request: GET /apis/apiextensions.k8s.io/v1beta1/customresourcedefinitions/entandocompositeapps.entando.org HTTP/1.1 and responded: HTTP/1.1 404 Client Error
Jan 17, 2021 3:59:24 PM io.fabric8.kubernetes.client.dsl.internal.WatchHTTPManager$1 onResponse
INFO: Watch terminated unexpectedly. reason: \n not found: limit=46 content=7b2261706956657273696f6e223a227631222c226b696e64223a224c69737422…
Jan 17, 2021 3:59:24 PM okhttp3.mockwebserver.MockWebServer$3 processOneRequest
INFO: MockWebServer[46669] received request: POST /apis/apiextensions.k8s.io/v1beta1/customresourcedefinitions HTTP/1.1 and responded: HTTP/1.1 202 OK
Jan 17, 2021 3:59:24 PM okhttp3.mockwebserver.MockWebServer$3 processOneRequest
INFO: MockWebServer[46669] received request: GET /api/v1/namespaces/entando-k8s-controller-coordinator-carcpr65 HTTP/1.1 and responded: HTTP/1.1 200 OK
Jan 17, 2021 3:59:24 PM okhttp3.mockwebserver.MockWebServer$3 processOneRequest
INFO: MockWebServer[46669] received request: GET /apis/entando.org/v1/namespaces/entando-k8s-controller-coordinator-carcpr65/entandocompositeapps HTTP/1.1 and responded: HTTP/1.1 200 OK
Jan 17, 2021 3:59:24 PM okhttp3.mockwebserver.MockWebServer$3 processOneRequest
INFO: MockWebServer[46669] received request: GET /api/v1/namespaces/entando-k8s-controller-coordinator-carcpr65 HTTP/1.1 and responded: HTTP/1.1 200 OK
Jan 17, 2021 3:59:24 PM okhttp3.mockwebserver.MockWebServer$3 processOneRequest
INFO: MockWebServer[46669] received request: GET /apis/entando.org/v1/namespaces/entando-k8s-controller-coordinator-carcpr65/entandokeycloakservers?watch=**** HTTP/1.1 and responded: HTTP/1.1 200 OK
Jan 17, 2021 3:59:24 PM io.fabric8.kubernetes.client.dsl.internal.WatchHTTPManager$1 onResponse
INFO: Watch terminated unexpectedly. reason: \n not found: limit=46 content=7b2261706956657273696f6e223a227631222c226b696e64223a224c69737422…
Jan 17, 2021 3:59:24 PM okhttp3.mockwebserver.MockWebServer$3 processOneRequest
INFO: MockWebServer[46669] received request: GET /apis/entando.org/v1/namespaces/entando-k8s-controller-coordinator-carcpr65/entandocompositeapps HTTP/1.1 and responded: HTTP/1.1 200 OK
Jan 17, 2021 3:59:24 PM okhttp3.mockwebserver.MockWebServer$3 processOneRequest
INFO: MockWebServer[46669] received request: GET /apis/entando.org/v1/namespaces/entando-k8s-controller-coordinator-carcpr65/entandoplugins?watch=**** HTTP/1.1 and responded: HTTP/1.1 200 OK
Jan 17, 2021 3:59:24 PM io.fabric8.kubernetes.client.dsl.internal.WatchHTTPManager$1 onResponse
INFO: Watch terminated unexpectedly. reason: \n not found: limit=46 content=7b2261706956657273696f6e223a227631222c226b696e64223a224c69737422…
Jan 17, 2021 3:59:24 PM okhttp3.mockwebserver.MockWebServer$3 processOneRequest
INFO: MockWebServer[46669] received request: GET /apis/entando.org/v1/namespaces/entando-k8s-controller-coordinator-carcpr65/entandocompositeapps HTTP/1.1 and responded: HTTP/1.1 200 OK
Jan 17, 2021 3:59:24 PM okhttp3.mockwebserver.MockWebServer$3 processOneRequest
INFO: MockWebServer[46669] received request: GET /apis/entando.org/v1/namespaces/entando-k8s-controller-coordinator-carcpr65/entandocompositeapps?watch=**** HTTP/1.1 and responded: HTTP/1.1 200 OK
Jan 17, 2021 3:59:24 PM okhttp3.mockwebserver.MockWebServer$3 processOneRequest
INFO: MockWebServer[46669] received request: GET /apis/entando.org/v1/namespaces/entando-k8s-controller-coordinator-carcpr65/entandocompositeapps?watch=**** HTTP/1.1 and responded: HTTP/1.1 200 OK
Jan 17, 2021 3:59:24 PM okhttp3.mockwebserver.MockWebServer$3 processOneRequest
INFO: MockWebServer[46669] received request: GET /apis/apiextensions.k8s.io/v1beta1/customresourcedefinitions/entandodatabaseservices.entando.org HTTP/1.1 and responded: HTTP/1.1 404 Client Error
Jan 17, 2021 3:59:24 PM io.fabric8.kubernetes.client.dsl.internal.WatchHTTPManager$1 onResponse
INFO: Watch terminated unexpectedly. reason: \n not found: limit=46 content=7b2261706956657273696f6e223a227631222c226b696e64223a224c69737422…
Jan 17, 2021 3:59:24 PM okhttp3.mockwebserver.MockWebServer$3 processOneRequest
INFO: MockWebServer[46669] received request: POST /apis/apiextensions.k8s.io/v1beta1/customresourcedefinitions HTTP/1.1 and responded: HTTP/1.1 202 OK
Jan 17, 2021 3:59:25 PM okhttp3.mockwebserver.MockWebServer$3 processOneRequest
INFO: MockWebServer[46669] received request: GET /api/v1/namespaces/entando-k8s-controller-coordinator-carcpr65 HTTP/1.1 and responded: HTTP/1.1 200 OK
Jan 17, 2021 3:59:25 PM okhttp3.mockwebserver.MockWebServer$3 processOneRequest
INFO: MockWebServer[46669] received request: GET /apis/entando.org/v1/namespaces/entando-k8s-controller-coordinator-carcpr65/entandodatabaseservices HTTP/1.1 and responded: HTTP/1.1 200 OK
Jan 17, 2021 3:59:25 PM okhttp3.mockwebserver.MockWebServer$3 processOneRequest
INFO: MockWebServer[46669] received request: GET /api/v1/namespaces/entando-k8s-controller-coordinator-carcpr65 HTTP/1.1 and responded: HTTP/1.1 200 OK
Jan 17, 2021 3:59:25 PM okhttp3.mockwebserver.MockWebServer$3 processOneRequest
INFO: MockWebServer[46669] received request: GET /apis/entando.org/v1/namespaces/entando-k8s-controller-coordinator-carcpr65/entandodatabaseservices HTTP/1.1 and responded: HTTP/1.1 200 OK
Jan 17, 2021 3:59:25 PM okhttp3.mockwebserver.MockWebServer$3 processOneRequest
INFO: MockWebServer[46669] received request: GET /apis/entando.org/v1/namespaces/entando-k8s-controller-coordinator-carcpr65/entandoclusterinfrastructures?watch=**** HTTP/1.1 and responded: HTTP/1.1 200 OK
Jan 17, 2021 3:59:25 PM io.fabric8.kubernetes.client.dsl.internal.WatchHTTPManager$1 onResponse
INFO: Watch terminated unexpectedly. reason: \n not found: limit=46 content=7b2261706956657273696f6e223a227631222c226b696e64223a224c69737422…
Jan 17, 2021 3:59:25 PM okhttp3.mockwebserver.MockWebServer$3 processOneRequest
INFO: MockWebServer[46669] received request: GET /apis/entando.org/v1/namespaces/entando-k8s-controller-coordinator-carcpr65/entandodatabaseservices HTTP/1.1 and responded: HTTP/1.1 200 OK
Jan 17, 2021 3:59:25 PM okhttp3.mockwebserver.MockWebServer$3 processOneRequest
INFO: MockWebServer[46669] received request: GET /apis/entando.org/v1/namespaces/entando-k8s-controller-coordinator-carcpr65/entandoapppluginlinks?watch=**** HTTP/1.1 and responded: HTTP/1.1 200 OK
Jan 17, 2021 3:59:25 PM io.fabric8.kubernetes.client.dsl.internal.WatchHTTPManager$1 onResponse
INFO: Watch terminated unexpectedly. reason: \n not found: limit=46 content=7b2261706956657273696f6e223a227631222c226b696e64223a224c69737422…
Jan 17, 2021 3:59:25 PM okhttp3.mockwebserver.MockWebServer$3 processOneRequest
INFO: MockWebServer[46669] received request: GET /apis/entando.org/v1/namespaces/entando-k8s-controller-coordinator-carcpr65/entandodatabaseservices?watch=**** HTTP/1.1 and responded: HTTP/1.1 200 OK
Jan 17, 2021 3:59:25 PM okhttp3.mockwebserver.MockWebServer$3 processOneRequest
INFO: MockWebServer[46669] received request: GET /apis/entando.org/v1/namespaces/entando-k8s-controller-coordinator-carcpr65/entandodatabaseservices?watch=**** HTTP/1.1 and responded: HTTP/1.1 200 OK
Jan 17, 2021 3:59:25 PM io.fabric8.kubernetes.client.dsl.internal.WatchHTTPManager$1 onResponse
INFO: Watch terminated unexpectedly. reason: \n not found: limit=46 content=7b2261706956657273696f6e223a227631222c226b696e64223a224c69737422…
Jan 17, 2021 3:59:25 PM okhttp3.mockwebserver.MockWebServer$3 processOneRequest
INFO: MockWebServer[46669] received request: POST /api/v1/namespaces/entando/configmaps HTTP/1.1 and responded: HTTP/1.1 202 OK
Jan 17, 2021 3:59:25 PM okhttp3.mockwebserver.MockWebServer$3 processOneRequest
INFO: MockWebServer[46669] received request: GET /api/v1/namespaces/entando-k8s-controller-coordinator-carcpr65 HTTP/1.1 and responded: HTTP/1.1 200 OK
Jan 17, 2021 3:59:25 PM okhttp3.mockwebserver.MockWebServer$3 processOneRequest
INFO: MockWebServer[46669] received request: GET /apis/entando.org/v1/namespaces/entando-k8s-controller-coordinator-carcpr65/entandokeycloakservers HTTP/1.1 and responded: HTTP/1.1 200 OK
Jan 17, 2021 3:59:25 PM okhttp3.mockwebserver.MockWebServer$3 processOneRequest
INFO: MockWebServer[46669] received request: GET /api/v1/namespaces/entando-k8s-controller-coordinator-carcpr65 HTTP/1.1 and responded: HTTP/1.1 200 OK
Jan 17, 2021 3:59:25 PM okhttp3.mockwebserver.MockWebServer$3 processOneRequest
INFO: MockWebServer[46669] received request: GET /apis/entando.org/v1/namespaces/entando-k8s-controller-coordinator-carcpr65/entandokeycloakservers HTTP/1.1 and responded: HTTP/1.1 200 OK
Jan 17, 2021 3:59:25 PM okhttp3.mockwebserver.MockWebServer$3 processOneRequest
INFO: MockWebServer[46669] received request: POST /apis/entando.org/v1/namespaces/entando-k8s-controller-coordinator-carcpr65/entandokeycloakservers HTTP/1.1 and responded: HTTP/1.1 202 OK
Jan 17, 2021 3:59:25 PM okhttp3.mockwebserver.MockWebServer$3 processOneRequest
INFO: MockWebServer[46669] received request: GET /apis/entando.org/v1/namespaces/entando-k8s-controller-coordinator-carcpr65/entandocompositeapps?watch=**** HTTP/1.1 and responded: HTTP/1.1 200 OK
Jan 17, 2021 3:59:25 PM io.fabric8.kubernetes.client.dsl.internal.WatchHTTPManager$1 onResponse
INFO: Watch terminated unexpectedly. reason: \n not found: limit=46 content=7b2261706956657273696f6e223a227631222c226b696e64223a224c69737422…
Jan 17, 2021 3:59:26 PM org.entando.kubernetes.controller.coordinator.EntandoResourceObserver logAction
INFO: Received ADDED for resource EntandoKeycloakServer entando-k8s-controller-coordinator-carcpr65/test-keycloak
Jan 17, 2021 3:59:26 PM okhttp3.mockwebserver.MockWebServer$3 processOneRequest
INFO: MockWebServer[46669] received request: GET /apis/entando.org/v1/namespaces/entando-k8s-controller-coordinator-carcpr65/entandoapps?watch=**** HTTP/1.1 and responded: HTTP/1.1 200 OK
Jan 17, 2021 3:59:26 PM io.fabric8.kubernetes.client.dsl.internal.WatchHTTPManager$1 onResponse
INFO: Watch terminated unexpectedly. reason: \n not found: limit=46 content=7b2261706956657273696f6e223a227631222c226b696e64223a224c69737422…
Jan 17, 2021 3:59:26 PM okhttp3.mockwebserver.MockWebServer$3 processOneRequest
INFO: MockWebServer[46669] received request: GET /api/v1/namespaces/entando/configmaps/entando-docker-image-info-v6.3 HTTP/1.1 and responded: HTTP/1.1 200 OK
Jan 17, 2021 3:59:26 PM okhttp3.mockwebserver.MockWebServer$3 processOneRequest
INFO: MockWebServer[46669] received request: GET /api/v1/namespaces/entando-k8s-controller-coordinator-carcpr65/pods?labelSelector=EntandoResourceNamespace%3Dentando-k8s-controller-coordinator-carcpr65%2CEntandoResourceKind%3DEntandoKeycloakServer%2CEntandoKeycloakServer%3Dtest-keycloak HTTP/1.1 and responded: HTTP/1.1 200 OK
Jan 17, 2021 3:59:26 PM okhttp3.mockwebserver.MockWebServer$3 processOneRequest
INFO: MockWebServer[46669] received request: GET /api/v1/namespaces/entando-k8s-controller-coordinator-carcpr65/pods?labelSelector=EntandoResourceKind%3DEntandoKeycloakServer HTTP/1.1 and responded: HTTP/1.1 200 OK
Jan 17, 2021 3:59:26 PM okhttp3.mockwebserver.MockWebServer$3 processOneRequest
INFO: MockWebServer[46669] received request: GET /api/v1/namespaces/entando-k8s-controller-coordinator-carcpr65/pods?labelSelector=EntandoResourceNamespace%3Dentando-k8s-controller-coordinator-carcpr65%2CEntandoResourceKind%3DEntandoKeycloakServer%2CEntandoKeycloakServer%3Dtest-keycloak&watch=**** HTTP/1.1 and responded: HTTP/1.1 200 OK
Jan 17, 2021 3:59:26 PM okhttp3.mockwebserver.MockWebServer$3 processOneRequest
INFO: MockWebServer[46669] received request: GET /api/v1/namespaces/entando-k8s-controller-coordinator-carcpr65/pods?labelSelector=EntandoResourceNamespace%3Dentando-k8s-controller-coordinator-carcpr65%2CEntandoResourceKind%3DEntandoKeycloakServer%2CEntandoKeycloakServer%3Dtest-keycloak HTTP/1.1 and responded: HTTP/1.1 200 OK
Jan 17, 2021 3:59:26 PM okhttp3.mockwebserver.MockWebServer$3 processOneRequest
INFO: MockWebServer[46669] received request: GET /api/v1/namespaces/entando-k8s-controller-coordinator-carcpr65/pods?labelSelector=EntandoResourceNamespace%3Dentando-k8s-controller-coordinator-carcpr65%2CEntandoResourceKind%3DEntandoKeycloakServer%2CEntandoKeycloakServer%3Dtest-keycloak&watch=**** HTTP/1.1 and responded: HTTP/1.1 200 OK
Jan 17, 2021 3:59:26 PM io.fabric8.kubernetes.client.dsl.internal.WatchHTTPManager$1 onResponse
INFO: Watch terminated unexpectedly. reason: \n not found: limit=46 content=7b2261706956657273696f6e223a227631222c226b696e64223a224c69737422…
Jan 17, 2021 3:59:26 PM okhttp3.mockwebserver.MockWebServer$3 processOneRequest
INFO: MockWebServer[46669] received request: GET /api/v1/namespaces/entando-k8s-controller-coordinator-carcpr65/pods?labelSelector=EntandoResourceNamespace%3Dentando-k8s-controller-coordinator-carcpr65%2CEntandoResourceKind%3DEntandoKeycloakServer%2CEntandoKeycloakServer%3Dtest-keycloak HTTP/1.1 and responded: HTTP/1.1 200 OK
Jan 17, 2021 3:59:26 PM okhttp3.mockwebserver.MockWebServer$3 processOneRequest
INFO: MockWebServer[46669] received request: GET /api/v1/namespaces/entando-k8s-controller-coordinator-carcpr65/pods?labelSelector=EntandoResourceKind%3DEntandoKeycloakServer HTTP/1.1 and responded: HTTP/1.1 200 OK
Jan 17, 2021 3:59:26 PM okhttp3.mockwebserver.MockWebServer$3 processOneRequest
INFO: MockWebServer[46669] received request: GET /apis/entando.org/v1/namespaces/entando-k8s-controller-coordinator-carcpr65/entandodatabaseservices?watch=**** HTTP/1.1 and responded: HTTP/1.1 200 OK
Jan 17, 2021 3:59:26 PM io.fabric8.kubernetes.client.dsl.internal.WatchHTTPManager$1 onResponse
INFO: Watch terminated unexpectedly. reason: \n not found: limit=46 content=7b2261706956657273696f6e223a227631222c226b696e64223a224c69737422…
Jan 17, 2021 3:59:26 PM okhttp3.mockwebserver.MockWebServer$3 processOneRequest
INFO: MockWebServer[46669] received request: GET /api/v1/namespaces/entando-k8s-controller-coordinator-carcpr65/pods?labelSelector=EntandoResourceKind%3DEntandoKeycloakServer HTTP/1.1 and responded: HTTP/1.1 200 OK
Jan 17, 2021 3:59:26 PM okhttp3.mockwebserver.MockWebServer$3 processOneRequest
INFO: MockWebServer[46669] received request: GET /apis/entando.org/v1/namespaces/entando-k8s-controller-coordinator-carcpr65/entandoplugins?watch=**** HTTP/1.1 and responded: HTTP/1.1 200 OK
Jan 17, 2021 3:59:26 PM io.fabric8.kubernetes.client.dsl.internal.WatchHTTPManager$1 onResponse
INFO: Watch terminated unexpectedly. reason: \n not found: limit=46 content=7b2261706956657273696f6e223a227631222c226b696e64223a224c69737422…
Jan 17, 2021 3:59:26 PM okhttp3.mockwebserver.MockWebServer$3 processOneRequest
INFO: MockWebServer[46669] received request: GET /api/v1/namespaces/entando-k8s-controller-coordinator-carcpr65/pods?labelSelector=EntandoResourceKind%3DEntandoKeycloakServer HTTP/1.1 and responded: HTTP/1.1 200 OK
Jan 17, 2021 3:59:27 PM okhttp3.mockwebserver.MockWebServer$3 processOneRequest
INFO: MockWebServer[46669] received request: GET /api/v1/namespaces/entando-k8s-controller-coordinator-carcpr65/pods?labelSelector=EntandoResourceKind%3DEntandoKeycloakServer HTTP/1.1 and responded: HTTP/1.1 200 OK
Jan 17, 2021 3:59:27 PM okhttp3.mockwebserver.MockWebServer$3 processOneRequest
INFO: MockWebServer[46669] received request: GET /api/v1/namespaces/entando-k8s-controller-coordinator-carcpr65/pods?labelSelector=EntandoResourceKind%3DEntandoKeycloakServer HTTP/1.1 and responded: HTTP/1.1 200 OK
Jan 17, 2021 3:59:27 PM okhttp3.mockwebserver.MockWebServer$3 processOneRequest
INFO: MockWebServer[46669] received request: GET /api/v1/namespaces/entando-k8s-controller-coordinator-carcpr65/pods?labelSelector=EntandoResourceKind%3DEntandoKeycloakServer HTTP/1.1 and responded: HTTP/1.1 200 OK
Jan 17, 2021 3:59:27 PM okhttp3.mockwebserver.MockWebServer$3 processOneRequest
INFO: MockWebServer[46669] received request: GET /apis/entando.org/v1/namespaces/entando-k8s-controller-coordinator-carcpr65/entandoapppluginlinks?watch=**** HTTP/1.1 and responded: HTTP/1.1 200 OK
Jan 17, 2021 3:59:27 PM io.fabric8.kubernetes.client.dsl.internal.WatchHTTPManager$1 onResponse
INFO: Watch terminated unexpectedly. reason: \n not found: limit=46 content=7b2261706956657273696f6e223a227631222c226b696e64223a224c69737422…
Jan 17, 2021 3:59:27 PM okhttp3.mockwebserver.MockWebServer$3 processOneRequest
INFO: MockWebServer[46669] received request: GET /api/v1/namespaces/entando-k8s-controller-coordinator-carcpr65/pods?labelSelector=EntandoResourceKind%3DEntandoKeycloakServer HTTP/1.1 and responded: HTTP/1.1 200 OK
Jan 17, 2021 3:59:27 PM io.fabric8.kubernetes.client.dsl.internal.WatchHTTPManager$1 onResponse
INFO: Watch terminated unexpectedly. reason: \n not found: limit=46 content=7b2261706956657273696f6e223a227631222c226b696e64223a224c69737422…
Jan 17, 2021 3:59:27 PM io.fabric8.kubernetes.client.dsl.internal.WatchHTTPManager scheduleReconnect
WARN: Ignoring error for already closed/closing connection
Jan 17, 2021 3:59:27 PM okhttp3.mockwebserver.MockWebServer$3 processOneRequest
INFO: MockWebServer[46669] received request: GET /api/v1/namespaces/entando-k8s-controller-coordinator-carcpr65/pods?labelSelector=EntandoResourceNamespace%3Dentando-k8s-controller-coordinator-carcpr65%2CEntandoResourceKind%3DEntandoKeycloakServer%2CEntandoKeycloakServer%3Dtest-keycloak&watch=**** HTTP/1.1 and responded: HTTP/1.1 200 OK
Jan 17, 2021 3:59:27 PM okhttp3.mockwebserver.MockWebServer$3 processOneRequest
INFO: MockWebServer[46669] received request: GET /api/v1/namespaces/entando-k8s-controller-coordinator-carcpr65/pods?labelSelector=EntandoResourceKind%3DEntandoKeycloakServer HTTP/1.1 and responded: HTTP/1.1 200 OK
Jan 17, 2021 3:59:27 PM okhttp3.mockwebserver.MockWebServer$3 processOneRequest
INFO: MockWebServer[46669] received request: GET /api/v1/namespaces/entando-k8s-controller-coordinator-carcpr65/secrets/test-keycloak-controller-ca-cert-secret HTTP/1.1 and responded: HTTP/1.1 404 Client Error
Jan 17, 2021 3:59:27 PM okhttp3.mockwebserver.MockWebServer$3 processOneRequest
INFO: MockWebServer[46669] received request: POST /api/v1/namespaces/entando-k8s-controller-coordinator-carcpr65/secrets HTTP/1.1 and responded: HTTP/1.1 202 OK
Jan 17, 2021 3:59:27 PM okhttp3.mockwebserver.MockWebServer$3 processOneRequest
INFO: MockWebServer[46669] received request: GET /api/v1/namespaces/entando-k8s-controller-coordinator-carcpr65/pods?labelSelector=EntandoResourceKind%3DEntandoKeycloakServer HTTP/1.1 and responded: HTTP/1.1 200 OK
Jan 17, 2021 3:59:27 PM okhttp3.mockwebserver.MockWebServer$3 processOneRequest
INFO: MockWebServer[46669] received request: POST /api/v1/namespaces/entando-k8s-controller-coordinator-carcpr65/pods HTTP/1.1 and responded: HTTP/1.1 202 OK
Jan 17, 2021 3:59:28 PM okhttp3.mockwebserver.MockWebServer$3 processOneRequest
INFO: MockWebServer[46669] received request: GET /apis/entando.org/v1/namespaces/entando-k8s-controller-coordinator-carcpr65/entandocompositeapps?watch=**** HTTP/1.1 and responded: HTTP/1.1 200 OK
Jan 17, 2021 3:59:28 PM io.fabric8.kubernetes.client.dsl.internal.WatchHTTPManager$1 onResponse
INFO: Watch terminated unexpectedly. reason: \n not found: limit=46 content=7b2261706956657273696f6e223a227631222c226b696e64223a224c69737422…
Jan 17, 2021 3:59:28 PM okhttp3.mockwebserver.MockWebServer$3 processOneRequest
INFO: MockWebServer[46669] received request: GET /api/v1/namespaces/entando-k8s-controller-coordinator-carcpr65/pods?labelSelector=EntandoResourceKind%3DEntandoKeycloakServer HTTP/1.1 and responded: HTTP/1.1 200 OK
Jan 17, 2021 3:59:28 PM okhttp3.mockwebserver.MockWebServer$3 processOneRequest
INFO: MockWebServer[46669] received request: GET /api/v1/namespaces/entando-k8s-controller-coordinator-carcpr65 HTTP/1.1 and responded: HTTP/1.1 200 OK
Jan 17, 2021 3:59:28 PM okhttp3.mockwebserver.MockWebServer$3 processOneRequest
INFO: MockWebServer[46669] received request: GET /apis/entando.org/v1/namespaces/entando-k8s-controller-coordinator-carcpr65/entandokeycloakservers HTTP/1.1 and responded: HTTP/1.1 200 OK
Jan 17, 2021 3:59:28 PM okhttp3.mockwebserver.MockWebServer$3 processOneRequest
INFO: MockWebServer[46669] received request: GET /api/v1/namespaces/entando-k8s-controller-coordinator-carcpr65 HTTP/1.1 and responded: HTTP/1.1 200 OK
Jan 17, 2021 3:59:28 PM okhttp3.mockwebserver.MockWebServer$3 processOneRequest
INFO: MockWebServer[46669] received request: GET /apis/entando.org/v1/namespaces/entando-k8s-controller-coordinator-carcpr65/entandokeycloakservers HTTP/1.1 and responded: HTTP/1.1 200 OK
Jan 17, 2021 3:59:28 PM okhttp3.mockwebserver.MockWebServer$3 processOneRequest
INFO: MockWebServer[46669] received request: GET /apis/entando.org/v1/namespaces/entando-k8s-controller-coordinator-carcpr65/entandokeycloakservers/test-keycloak HTTP/1.1 and responded: HTTP/1.1 200 OK
Jan 17, 2021 3:59:28 PM okhttp3.mockwebserver.MockWebServer$3 processOneRequest
INFO: MockWebServer[46669] received request: GET /api/v1/namespaces/entando-k8s-controller-coordinator-carcpr65/pods?labelSelector=EntandoResourceKind%3DEntandoKeycloakServer HTTP/1.1 and responded: HTTP/1.1 200 OK
Jan 17, 2021 3:59:28 PM io.fabric8.kubernetes.client.dsl.internal.WatchHTTPManager$1 onResponse
INFO: Watch terminated unexpectedly. reason: \n not found: limit=325 content=7b2261706956657273696f6e223a227631222c226b696e64223a224c69737422…
Jan 17, 2021 3:59:28 PM okhttp3.mockwebserver.MockWebServer$3 processOneRequest
INFO: MockWebServer[46669] received request: GET /apis/entando.org/v1/namespaces/entando-k8s-controller-coordinator-carcpr65/entandokeycloakservers?watch=**** HTTP/1.1 and responded: HTTP/1.1 200 OK
Jan 17, 2021 3:59:28 PM okhttp3.mockwebserver.MockWebServer$3 processOneRequest
INFO: MockWebServer[46669] received request: GET /apis/entando.org/v1/namespaces/entando-k8s-controller-coordinator-carcpr65/entandodatabaseservices?watch=**** HTTP/1.1 and responded: HTTP/1.1 200 OK
Jan 17, 2021 3:59:28 PM io.fabric8.kubernetes.client.dsl.internal.WatchHTTPManager$1 onResponse
INFO: Watch terminated unexpectedly. reason: \n not found: limit=46 content=7b2261706956657273696f6e223a227631222c226b696e64223a224c69737422…
Jan 17, 2021 3:59:28 PM okhttp3.mockwebserver.MockWebServer$3 processOneRequest
INFO: MockWebServer[46669] received request: GET /api/v1/namespaces/entando-k8s-controller-coordinator-carcpr65/pods?labelSelector=EntandoResourceKind%3DEntandoKeycloakServer HTTP/1.1 and responded: HTTP/1.1 200 OK
Jan 17, 2021 3:59:28 PM okhttp3.mockwebserver.MockWebServer$3 processOneRequest
INFO: MockWebServer[46669] received request: GET /api/v1/namespaces/entando-k8s-controller-coordinator-carcpr65/pods?labelSelector=EntandoResourceKind%3DEntandoKeycloakServer HTTP/1.1 and responded: HTTP/1.1 200 OK
Jan 17, 2021 3:59:29 PM okhttp3.mockwebserver.MockWebServer$3 processOneRequest
INFO: MockWebServer[46669] received request: GET /api/v1/namespaces/entando-k8s-controller-coordinator-carcpr65/pods?labelSelector=EntandoResourceKind%3DEntandoKeycloakServer HTTP/1.1 and responded: HTTP/1.1 200 OK
Jan 17, 2021 3:59:29 PM okhttp3.mockwebserver.MockWebServer$3 processOneRequest
INFO: MockWebServer[46669] received request: GET /api/v1/namespaces/entando-k8s-controller-coordinator-carcpr65/pods?labelSelector=EntandoResourceKind%3DEntandoKeycloakServer HTTP/1.1 and responded: HTTP/1.1 200 OK
Jan 17, 2021 3:59:29 PM io.fabric8.kubernetes.client.dsl.internal.WatchHTTPManager$1 onResponse
INFO: Watch terminated unexpectedly. reason: \n not found: limit=46 content=7b2261706956657273696f6e223a227631222c226b696e64223a224c69737422…
Jan 17, 2021 3:59:29 PM okhttp3.mockwebserver.MockWebServer$3 processOneRequest
INFO: MockWebServer[46669] received request: GET /apis/entando.org/v1/namespaces/entando-k8s-controller-coordinator-carcpr65/entandoclusterinfrastructures?watch=**** HTTP/1.1 and responded: HTTP/1.1 200 OK
Jan 17, 2021 3:59:29 PM okhttp3.mockwebserver.MockWebServer$3 processOneRequest
INFO: MockWebServer[46669] received request: GET /api/v1/namespaces/entando-k8s-controller-coordinator-carcpr65/pods?labelSelector=EntandoResourceKind%3DEntandoKeycloakServer HTTP/1.1 and responded: HTTP/1.1 200 OK
Jan 17, 2021 3:59:29 PM okhttp3.mockwebserver.MockWebServer$3 processOneRequest
INFO: MockWebServer[46669] received request: GET /api/v1/namespaces/entando-k8s-controller-coordinator-carcpr65/pods?labelSelector=EntandoResourceKind%3DEntandoKeycloakServer HTTP/1.1 and responded: HTTP/1.1 200 OK
Jan 17, 2021 3:59:29 PM okhttp3.mockwebserver.MockWebServer$3 processOneRequest
INFO: MockWebServer[46669] received request: GET /api/v1/namespaces/entando-k8s-controller-coordinator-carcpr65/pods?labelSelector=EntandoResourceKind%3DEntandoKeycloakServer HTTP/1.1 and responded: HTTP/1.1 200 OK
Jan 17, 2021 3:59:29 PM okhttp3.mockwebserver.MockWebServer$3 processOneRequest
INFO: MockWebServer[46669] received request: GET /api/v1/namespaces/entando-k8s-controller-coordinator-carcpr65/pods?labelSelector=EntandoResourceKind%3DEntandoKeycloakServer HTTP/1.1 and responded: HTTP/1.1 200 OK
Jan 17, 2021 3:59:29 PM okhttp3.mockwebserver.MockWebServer$3 processOneRequest
INFO: MockWebServer[46669] received request: GET /api/v1/namespaces/entando-k8s-controller-coordinator-carcpr65/pods?labelSelector=EntandoResourceKind%3DEntandoKeycloakServer HTTP/1.1 and responded: HTTP/1.1 200 OK
Jan 17, 2021 3:59:30 PM okhttp3.mockwebserver.MockWebServer$3 processOneRequest
INFO: MockWebServer[46669] received request: GET /api/v1/namespaces/entando-k8s-controller-coordinator-carcpr65/pods?labelSelector=EntandoResourceKind%3DEntandoKeycloakServer HTTP/1.1 and responded: HTTP/1.1 200 OK
Jan 17, 2021 3:59:30 PM okhttp3.mockwebserver.MockWebServer$3 processOneRequest
INFO: MockWebServer[46669] received request: GET /apis/entando.org/v1/namespaces/entando-k8s-controller-coordinator-carcpr65/entandoapps?watch=**** HTTP/1.1 and responded: HTTP/1.1 200 OK
Jan 17, 2021 3:59:30 PM io.fabric8.kubernetes.client.dsl.internal.WatchHTTPManager$1 onResponse
INFO: Watch terminated unexpectedly. reason: \n not found: limit=46 content=7b2261706956657273696f6e223a227631222c226b696e64223a224c69737422…
Jan 17, 2021 3:59:30 PM okhttp3.mockwebserver.MockWebServer$3 processOneRequest
INFO: MockWebServer[46669] received request: GET /api/v1/namespaces/entando-k8s-controller-coordinator-carcpr65/pods?labelSelector=EntandoResourceKind%3DEntandoKeycloakServer HTTP/1.1 and responded: HTTP/1.1 200 OK
Jan 17, 2021 3:59:30 PM okhttp3.mockwebserver.MockWebServer$3 processOneRequest
INFO: MockWebServer[46669] received request: GET /api/v1/namespaces/entando-k8s-controller-coordinator-carcpr65/pods?labelSelector=EntandoResourceKind%3DEntandoKeycloakServer HTTP/1.1 and responded: HTTP/1.1 200 OK
Jan 17, 2021 3:59:30 PM okhttp3.mockwebserver.MockWebServer$3 processOneRequest
INFO: MockWebServer[46669] received request: GET /api/v1/namespaces/entando-k8s-controller-coordinator-carcpr65/pods?labelSelector=EntandoResourceKind%3DEntandoKeycloakServer HTTP/1.1 and responded: HTTP/1.1 200 OK
Jan 17, 2021 3:59:30 PM okhttp3.mockwebserver.MockWebServer$3 processOneRequest
INFO: MockWebServer[46669] received request: GET /api/v1/namespaces/entando-k8s-controller-coordinator-carcpr65/pods?labelSelector=EntandoResourceKind%3DEntandoKeycloakServer HTTP/1.1 and responded: HTTP/1.1 200 OK
Jan 17, 2021 3:59:30 PM io.fabric8.kubernetes.client.dsl.internal.WatchHTTPManager$1 onResponse
INFO: Watch terminated unexpectedly. reason: \n not found: limit=46 content=7b2261706956657273696f6e223a227631222c226b696e64223a224c69737422…
Jan 17, 2021 3:59:30 PM okhttp3.mockwebserver.MockWebServer$3 processOneRequest
INFO: MockWebServer[46669] received request: GET /apis/entando.org/v1/namespaces/entando-k8s-controller-coordinator-carcpr65/entandoplugins?watch=**** HTTP/1.1 and responded: HTTP/1.1 200 OK
Jan 17, 2021 3:59:30 PM okhttp3.mockwebserver.MockWebServer$3 processOneRequest
INFO: MockWebServer[46669] received request: GET /api/v1/namespaces/entando-k8s-controller-coordinator-carcpr65/pods?labelSelector=EntandoResourceKind%3DEntandoKeycloakServer HTTP/1.1 and responded: HTTP/1.1 200 OK
Jan 17, 2021 3:59:31 PM okhttp3.mockwebserver.MockWebServer$3 processOneRequest
INFO: MockWebServer[46669] received request: GET /api/v1/namespaces/entando-k8s-controller-coordinator-carcpr65/pods?labelSelector=EntandoResourceKind%3DEntandoKeycloakServer HTTP/1.1 and responded: HTTP/1.1 200 OK
Jan 17, 2021 3:59:31 PM okhttp3.mockwebserver.MockWebServer$3 processOneRequest
INFO: MockWebServer[46669] received request: GET /api/v1/namespaces/entando-k8s-controller-coordinator-carcpr65/pods?labelSelector=EntandoResourceKind%3DEntandoKeycloakServer HTTP/1.1 and responded: HTTP/1.1 200 OK
Jan 17, 2021 3:59:31 PM okhttp3.mockwebserver.MockWebServer$3 processOneRequest
INFO: MockWebServer[46669] received request: GET /api/v1/namespaces/entando-k8s-controller-coordinator-carcpr65/pods?labelSelector=EntandoResourceKind%3DEntandoKeycloakServer HTTP/1.1 and responded: HTTP/1.1 200 OK
Jan 17, 2021 3:59:31 PM okhttp3.mockwebserver.MockWebServer$3 processOneRequest
INFO: MockWebServer[46669] received request: GET /api/v1/namespaces/entando-k8s-controller-coordinator-carcpr65/pods?labelSelector=EntandoResourceKind%3DEntandoKeycloakServer HTTP/1.1 and responded: HTTP/1.1 200 OK
Jan 17, 2021 3:59:31 PM okhttp3.mockwebserver.MockWebServer$3 processOneRequest
INFO: MockWebServer[46669] received request: GET /apis/entando.org/v1/namespaces/entando-k8s-controller-coordinator-carcpr65/entandoapppluginlinks?watch=**** HTTP/1.1 and responded: HTTP/1.1 200 OK
Jan 17, 2021 3:59:31 PM io.fabric8.kubernetes.client.dsl.internal.WatchHTTPManager$1 onResponse
INFO: Watch terminated unexpectedly. reason: \n not found: limit=46 content=7b2261706956657273696f6e223a227631222c226b696e64223a224c69737422…
Jan 17, 2021 3:59:31 PM okhttp3.mockwebserver.MockWebServer$3 processOneRequest
INFO: MockWebServer[46669] received request: GET /api/v1/namespaces/entando-k8s-controller-coordinator-carcpr65/pods?labelSelector=EntandoResourceKind%3DEntandoKeycloakServer HTTP/1.1 and responded: HTTP/1.1 200 OK
Jan 17, 2021 3:59:31 PM okhttp3.mockwebserver.MockWebServer$3 processOneRequest
INFO: MockWebServer[46669] received request: GET /api/v1/namespaces/entando-k8s-controller-coordinator-carcpr65/pods?labelSelector=EntandoResourceKind%3DEntandoKeycloakServer HTTP/1.1 and responded: HTTP/1.1 200 OK
Jan 17, 2021 3:59:31 PM okhttp3.mockwebserver.MockWebServer$3 processOneRequest
INFO: MockWebServer[46669] received request: GET /api/v1/namespaces/entando-k8s-controller-coordinator-carcpr65/pods?labelSelector=EntandoResourceKind%3DEntandoKeycloakServer HTTP/1.1 and responded: HTTP/1.1 200 OK
Jan 17, 2021 3:59:32 PM okhttp3.mockwebserver.MockWebServer$3 processOneRequest
INFO: MockWebServer[46669] received request: GET /api/v1/namespaces/entando-k8s-controller-coordinator-carcpr65/pods?labelSelector=EntandoResourceKind%3DEntandoKeycloakServer HTTP/1.1 and responded: HTTP/1.1 200 OK
Jan 17, 2021 3:59:32 PM okhttp3.mockwebserver.MockWebServer$3 processOneRequest
INFO: MockWebServer[46669] received request: GET /apis/entando.org/v1/namespaces/entando-k8s-controller-coordinator-carcpr65/entandocompositeapps?watch=**** HTTP/1.1 and responded: HTTP/1.1 200 OK
Jan 17, 2021 3:59:32 PM io.fabric8.kubernetes.client.dsl.internal.WatchHTTPManager$1 onResponse
INFO: Watch terminated unexpectedly. reason: \n not found: limit=46 content=7b2261706956657273696f6e223a227631222c226b696e64223a224c69737422…
Jan 17, 2021 3:59:32 PM okhttp3.mockwebserver.MockWebServer$3 processOneRequest
INFO: MockWebServer[46669] received request: GET /api/v1/namespaces/entando-k8s-controller-coordinator-carcpr65/pods?labelSelector=EntandoResourceKind%3DEntandoKeycloakServer HTTP/1.1 and responded: HTTP/1.1 200 OK
Jan 17, 2021 3:59:32 PM okhttp3.mockwebserver.MockWebServer$3 processOneRequest
INFO: MockWebServer[46669] received request: GET /api/v1/namespaces/entando-k8s-controller-coordinator-carcpr65/pods?labelSelector=EntandoResourceKind%3DEntandoKeycloakServer HTTP/1.1 and responded: HTTP/1.1 200 OK
Jan 17, 2021 3:59:32 PM okhttp3.mockwebserver.MockWebServer$3 processOneRequest
INFO: MockWebServer[46669] received request: GET /api/v1/namespaces/entando-k8s-controller-coordinator-carcpr65/pods?labelSelector=EntandoResourceKind%3DEntandoKeycloakServer HTTP/1.1 and responded: HTTP/1.1 200 OK
Jan 17, 2021 3:59:32 PM okhttp3.mockwebserver.MockWebServer$3 processOneRequest
INFO: MockWebServer[46669] received request: GET /api/v1/namespaces/entando-k8s-controller-coordinator-carcpr65/pods?labelSelector=EntandoResourceKind%3DEntandoKeycloakServer HTTP/1.1 and responded: HTTP/1.1 200 OK
Jan 17, 2021 3:59:32 PM okhttp3.mockwebserver.MockWebServer$3 processOneRequest
INFO: MockWebServer[46669] received request: GET /api/v1/namespaces/entando-k8s-controller-coordinator-carcpr65/pods?labelSelector=EntandoResourceKind%3DEntandoKeycloakServer HTTP/1.1 and responded: HTTP/1.1 200 OK
Jan 17, 2021 3:59:32 PM okhttp3.mockwebserver.MockWebServer$3 processOneRequest
INFO: MockWebServer[46669] received request: GET /apis/entando.org/v1/namespaces/entando-k8s-controller-coordinator-carcpr65/entandodatabaseservices?watch=**** HTTP/1.1 and responded: HTTP/1.1 200 OK
Jan 17, 2021 3:59:32 PM io.fabric8.kubernetes.client.dsl.internal.WatchHTTPManager$1 onResponse
INFO: Watch terminated unexpectedly. reason: \n not found: limit=46 content=7b2261706956657273696f6e223a227631222c226b696e64223a224c69737422…
Jan 17, 2021 3:59:32 PM okhttp3.mockwebserver.MockWebServer$3 processOneRequest
INFO: MockWebServer[46669] received request: GET /api/v1/namespaces/entando-k8s-controller-coordinator-carcpr65/pods?labelSelector=EntandoResourceKind%3DEntandoKeycloakServer HTTP/1.1 and responded: HTTP/1.1 200 OK
Jan 17, 2021 3:59:33 PM okhttp3.mockwebserver.MockWebServer$3 processOneRequest
INFO: MockWebServer[46669] received request: GET /api/v1/namespaces/entando-k8s-controller-coordinator-carcpr65/pods?labelSelector=EntandoResourceKind%3DEntandoKeycloakServer HTTP/1.1 and responded: HTTP/1.1 200 OK
Jan 17, 2021 3:59:33 PM okhttp3.mockwebserver.MockWebServer$3 processOneRequest
INFO: MockWebServer[46669] received request: GET /api/v1/namespaces/entando-k8s-controller-coordinator-carcpr65/pods?labelSelector=EntandoResourceKind%3DEntandoKeycloakServer HTTP/1.1 and responded: HTTP/1.1 200 OK
Jan 17, 2021 3:59:33 PM okhttp3.mockwebserver.MockWebServer$3 processOneRequest
INFO: MockWebServer[46669] received request: GET /api/v1/namespaces/entando-k8s-controller-coordinator-carcpr65/pods?labelSelector=EntandoResourceKind%3DEntandoKeycloakServer HTTP/1.1 and responded: HTTP/1.1 200 OK
Jan 17, 2021 3:59:33 PM okhttp3.mockwebserver.MockWebServer$3 processOneRequest
INFO: MockWebServer[46669] received request: GET /api/v1/namespaces/entando-k8s-controller-coordinator-carcpr65/pods?labelSelector=EntandoResourceKind%3DEntandoKeycloakServer HTTP/1.1 and responded: HTTP/1.1 200 OK
Jan 17, 2021 3:59:33 PM okhttp3.mockwebserver.MockWebServer$2 acceptConnections
INFO: MockWebServer[46669] done accepting connections: Socket closed
Jan 17, 2021 3:59:33 PM okhttp3.mockwebserver.MockWebServer$2 e**cute
INFO: MockWebServer[50670] starting to accept connections
Jan 17, 2021 3:59:33 PM okhttp3.mockwebserver.MockWebServer$3 processOneRequest
INFO: MockWebServer[50670] received request: GET /api/v1/namespaces/entando-k8s-controller-coordinator-carcpr65 HTTP/1.1 and responded: HTTP/1.1 404 Client Error
Jan 17, 2021 3:59:33 PM okhttp3.mockwebserver.MockWebServer$3 processOneRequest
INFO: MockWebServer[50670] received request: POST /api/v1/namespaces HTTP/1.1 and responded: HTTP/1.1 202 OK
Jan 17, 2021 3:59:33 PM okhttp3.mockwebserver.MockWebServer$3 processOneRequest
INFO: MockWebServer[50670] received request: POST /api/v1/namespaces/entando/configmaps HTTP/1.1 and responded: HTTP/1.1 202 OK
Jan 17, 2021 3:59:33 PM okhttp3.mockwebserver.MockWebServer$3 processOneRequest
INFO: MockWebServer[50670] received request: GET /api/v1/namespaces/entando-k8s-controller-coordinator-carcpr65 HTTP/1.1 and responded: HTTP/1.1 200 OK
Jan 17, 2021 3:59:34 PM okhttp3.mockwebserver.MockWebServer$3 processOneRequest
INFO: MockWebServer[50670] received request: GET /apis/entando.org/v1/namespaces/entando-k8s-controller-coordinator-carcpr65/entandokeycloakservers HTTP/1.1 and responded: HTTP/1.1 200 OK
Jan 17, 2021 3:59:34 PM okhttp3.mockwebserver.MockWebServer$3 processOneRequest
INFO: MockWebServer[50670] received request: GET /api/v1/namespaces/entando-k8s-controller-coordinator-carcpr65 HTTP/1.1 and responded: HTTP/1.1 200 OK
Jan 17, 2021 3:59:34 PM okhttp3.mockwebserver.MockWebServer$3 processOneRequest
INFO: MockWebServer[50670] received request: GET /apis/entando.org/v1/namespaces/entando-k8s-controller-coordinator-carcpr65/entandokeycloakservers HTTP/1.1 and responded: HTTP/1.1 200 OK
Jan 17, 2021 3:59:34 PM okhttp3.mockwebserver.MockWebServer$3 processOneRequest
INFO: MockWebServer[50670] received request: POST /apis/entando.org/v1/namespaces/entando-k8s-controller-coordinator-carcpr65/entandokeycloakservers HTTP/1.1 and responded: HTTP/1.1 202 OK
Jan 17, 2021 3:59:34 PM okhttp3.mockwebserver.MockWebServer$3 processOneRequest
INFO: MockWebServer[50670] received request: GET /api/v1/namespaces/entando-k8s-controller-coordinator-carcpr65/pods?labelSelector=EntandoResourceKind%3DEntandoKeycloakServer HTTP/1.1 and responded: HTTP/1.1 200 OK
Jan 17, 2021 3:59:34 PM okhttp3.mockwebserver.MockWebServer$3 processOneRequest
INFO: MockWebServer[50670] received request: GET /api/v1/namespaces/entando-k8s-controller-coordinator-carcpr65/pods?labelSelector=EntandoResourceKind%3DEntandoKeycloakServer HTTP/1.1 and responded: HTTP/1.1 200 OK
Jan 17, 2021 3:59:34 PM okhttp3.mockwebserver.MockWebServer$3 processOneRequest
INFO: MockWebServer[50670] received request: GET /api/v1/namespaces/entando-k8s-controller-coordinator-carcpr65/pods?labelSelector=EntandoResourceKind%3DEntandoKeycloakServer HTTP/1.1 and responded: HTTP/1.1 200 OK
Jan 17, 2021 3:59:34 PM okhttp3.mockwebserver.MockWebServer$3 processOneRequest
INFO: MockWebServer[50670] received request: GET /api/v1/namespaces/entando-k8s-controller-coordinator-carcpr65/pods?labelSelector=EntandoResourceKind%3DEntandoKeycloakServer HTTP/1.1 and responded: HTTP/1.1 200 OK
Jan 17, 2021 3:59:35 PM okhttp3.mockwebserver.MockWebServer$3 processOneRequest
INFO: MockWebServer[50670] received request: GET /api/v1/namespaces/entando-k8s-controller-coordinator-carcpr65/pods?labelSelector=EntandoResourceKind%3DEntandoKeycloakServer HTTP/1.1 and responded: HTTP/1.1 200 OK
Jan 17, 2021 3:59:35 PM okhttp3.mockwebserver.MockWebServer$3 processOneRequest
INFO: MockWebServer[50670] received request: GET /api/v1/namespaces/entando-k8s-controller-coordinator-carcpr65/pods?labelSelector=EntandoResourceKind%3DEntandoKeycloakServer HTTP/1.1 and responded: HTTP/1.1 200 OK
Jan 17, 2021 3:59:35 PM okhttp3.mockwebserver.MockWebServer$3 processOneRequest
INFO: MockWebServer[50670] received request: GET /api/v1/namespaces/entando-k8s-controller-coordinator-carcpr65/pods?labelSelector=EntandoResourceKind%3DEntandoKeycloakServer HTTP/1.1 and responded: HTTP/1.1 200 OK
Jan 17, 2021 3:59:35 PM okhttp3.mockwebserver.MockWebServer$3 processOneRequest
INFO: MockWebServer[50670] received request: GET /api/v1/namespaces/entando-k8s-controller-coordinator-carcpr65/pods?labelSelector=EntandoResourceKind%3DEntandoKeycloakServer HTTP/1.1 and responded: HTTP/1.1 200 OK
Jan 17, 2021 3:59:35 PM okhttp3.mockwebserver.MockWebServer$3 processOneRequest
INFO: MockWebServer[50670] received request: GET /api/v1/namespaces/entando-k8s-controller-coordinator-carcpr65/pods?labelSelector=EntandoResourceKind%3DEntandoKeycloakServer HTTP/1.1 and responded: HTTP/1.1 200 OK
Jan 17, 2021 3:59:35 PM okhttp3.mockwebserver.MockWebServer$3 processOneRequest
INFO: MockWebServer[50670] received request: GET /api/v1/namespaces/entando-k8s-controller-coordinator-carcpr65/pods?labelSelector=EntandoResourceKind%3DEntandoKeycloakServer HTTP/1.1 and responded: HTTP/1.1 200 OK
Jan 17, 2021 3:59:35 PM okhttp3.mockwebserver.MockWebServer$3 processOneRequest
INFO: MockWebServer[50670] received request: GET /api/v1/namespaces/entando-k8s-controller-coordinator-carcpr65/pods?labelSelector=EntandoResourceKind%3DEntandoKeycloakServer HTTP/1.1 and responded: HTTP/1.1 200 OK
Jan 17, 2021 3:59:36 PM okhttp3.mockwebserver.MockWebServer$3 processOneRequest
INFO: MockWebServer[50670] received request: GET /api/v1/namespaces/entando-k8s-controller-coordinator-carcpr65/pods?labelSelector=EntandoResourceKind%3DEntandoKeycloakServer HTTP/1.1 and responded: HTTP/1.1 200 OK
Jan 17, 2021 3:59:36 PM okhttp3.mockwebserver.MockWebServer$3 processOneRequest
INFO: MockWebServer[50670] received request: GET /api/v1/namespaces/entando-k8s-controller-coordinator-carcpr65/pods?labelSelector=EntandoResourceKind%3DEntandoKeycloakServer HTTP/1.1 and responded: HTTP/1.1 200 OK
Jan 17, 2021 3:59:36 PM okhttp3.mockwebserver.MockWebServer$3 processOneRequest
INFO: MockWebServer[50670] received request: GET /api/v1/namespaces/entando-k8s-controller-coordinator-carcpr65/pods?labelSelector=EntandoResourceKind%3DEntandoKeycloakServer HTTP/1.1 and responded: HTTP/1.1 200 OK
Jan 17, 2021 3:59:36 PM okhttp3.mockwebserver.MockWebServer$3 processOneRequest
INFO: MockWebServer[50670] received request: GET /api/v1/namespaces/entando-k8s-controller-coordinator-carcpr65/pods?labelSelector=EntandoResourceKind%3DEntandoKeycloakServer HTTP/1.1 and responded: HTTP/1.1 200 OK
Jan 17, 2021 3:59:36 PM io.fabric8.kubernetes.client.dsl.internal.WatchHTTPManager$1 onFailure
INFO: Watch connection failed. reason: e**cutor rejected
Jan 17, 2021 3:59:36 PM okhttp3.mockwebserver.MockWebServer$3 processOneRequest
INFO: MockWebServer[50670] received request: GET /api/v1/namespaces/entando-k8s-controller-coordinator-carcpr65/pods?labelSelector=EntandoResourceKind%3DEntandoKeycloakServer HTTP/1.1 and responded: HTTP/1.1 200 OK
Jan 17, 2021 3:59:36 PM okhttp3.mockwebserver.MockWebServer$3 processOneRequest
INFO: MockWebServer[50670] received request: GET /api/v1/namespaces/entando-k8s-controller-coordinator-carcpr65/pods?labelSelector=EntandoResourceKind%3DEntandoKeycloakServer HTTP/1.1 and responded: HTTP/1.1 200 OK
Jan 17, 2021 3:59:36 PM okhttp3.mockwebserver.MockWebServer$3 processOneRequest
INFO: MockWebServer[50670] received request: GET /api/v1/namespaces/entando-k8s-controller-coordinator-carcpr65/pods?labelSelector=EntandoResourceKind%3DEntandoKeycloakServer HTTP/1.1 and responded: HTTP/1.1 200 OK
Jan 17, 2021 3:59:37 PM okhttp3.mockwebserver.MockWebServer$3 processOneRequest
INFO: MockWebServer[50670] received request: GET /api/v1/namespaces/entando-k8s-controller-coordinator-carcpr65/pods?labelSelector=EntandoResourceKind%3DEntandoKeycloakServer HTTP/1.1 and responded: HTTP/1.1 200 OK
Jan 17, 2021 3:59:37 PM okhttp3.mockwebserver.MockWebServer$3 processOneRequest
INFO: MockWebServer[50670] received request: GET /api/v1/namespaces/entando-k8s-controller-coordinator-carcpr65/pods?labelSelector=EntandoResourceKind%3DEntandoKeycloakServer HTTP/1.1 and responded: HTTP/1.1 200 OK
Jan 17, 2021 3:59:37 PM io.fabric8.kubernetes.client.dsl.internal.WatchHTTPManager$1 onFailure
INFO: Watch connection failed. reason: e**cutor rejected
Jan 17, 2021 3:59:37 PM okhttp3.mockwebserver.MockWebServer$3 processOneRequest
INFO: MockWebServer[50670] received request: GET /api/v1/namespaces/entando-k8s-controller-coordinator-carcpr65/pods?labelSelector=EntandoResourceKind%3DEntandoKeycloakServer HTTP/1.1 and responded: HTTP/1.1 200 OK
Jan 17, 2021 3:59:37 PM okhttp3.mockwebserver.MockWebServer$3 processOneRequest
INFO: MockWebServer[50670] received request: GET /api/v1/namespaces/entando-k8s-controller-coordinator-carcpr65/pods?labelSelector=EntandoResourceKind%3DEntandoKeycloakServer HTTP/1.1 and responded: HTTP/1.1 200 OK
Jan 17, 2021 3:59:37 PM okhttp3.mockwebserver.MockWebServer$3 processOneRequest
INFO: MockWebServer[50670] received request: GET /api/v1/namespaces/entando-k8s-controller-coordinator-carcpr65/pods?labelSelector=EntandoResourceKind%3DEntandoKeycloakServer HTTP/1.1 and responded: HTTP/1.1 200 OK
Jan 17, 2021 3:59:37 PM okhttp3.mockwebserver.MockWebServer$3 processOneRequest
INFO: MockWebServer[50670] received request: GET /api/v1/namespaces/entando-k8s-controller-coordinator-carcpr65/pods?labelSelector=EntandoResourceKind%3DEntandoKeycloakServer HTTP/1.1 and responded: HTTP/1.1 200 OK
Jan 17, 2021 3:59:37 PM okhttp3.mockwebserver.MockWebServer$3 processOneRequest
INFO: MockWebServer[50670] received request: GET /api/v1/namespaces/entando-k8s-controller-coordinator-carcpr65/pods?labelSelector=EntandoResourceKind%3DEntandoKeycloakServer HTTP/1.1 and responded: HTTP/1.1 200 OK
Jan 17, 2021 3:59:38 PM io.fabric8.kubernetes.client.dsl.internal.WatchHTTPManager$1 onFailure
INFO: Watch connection failed. reason: e**cutor rejected
Jan 17, 2021 3:59:38 PM okhttp3.mockwebserver.MockWebServer$3 processOneRequest
INFO: MockWebServer[50670] received request: GET /api/v1/namespaces/entando-k8s-controller-coordinator-carcpr65/pods?labelSelector=EntandoResourceKind%3DEntandoKeycloakServer HTTP/1.1 and responded: HTTP/1.1 200 OK
Jan 17, 2021 3:59:38 PM okhttp3.mockwebserver.MockWebServer$3 processOneRequest
INFO: MockWebServer[50670] received request: GET /api/v1/namespaces/entando-k8s-controller-coordinator-carcpr65/pods?labelSelector=EntandoResourceKind%3DEntandoKeycloakServer HTTP/1.1 and responded: HTTP/1.1 200 OK
Jan 17, 2021 3:59:38 PM okhttp3.mockwebserver.MockWebServer$3 processOneRequest
INFO: MockWebServer[50670] received request: GET /api/v1/namespaces/entando-k8s-controller-coordinator-carcpr65/pods?labelSelector=EntandoResourceKind%3DEntandoKeycloakServer HTTP/1.1 and responded: HTTP/1.1 200 OK
Jan 17, 2021 3:59:38 PM okhttp3.mockwebserver.MockWebServer$3 processOneRequest
INFO: MockWebServer[50670] received request: GET /api/v1/namespaces/entando-k8s-controller-coordinator-carcpr65/pods?labelSelector=EntandoResourceKind%3DEntandoKeycloakServer HTTP/1.1 and responded: HTTP/1.1 200 OK
Jan 17, 2021 3:59:38 PM okhttp3.mockwebserver.MockWebServer$3 processOneRequest
INFO: MockWebServer[50670] received request: GET /api/v1/namespaces/entando-k8s-controller-coordinator-carcpr65/pods?labelSelector=EntandoResourceKind%3DEntandoKeycloakServer HTTP/1.1 and responded: HTTP/1.1 200 OK
Jan 17, 2021 3:59:38 PM io.fabric8.kubernetes.client.dsl.internal.WatchHTTPManager$1 onFailure
INFO: Watch connection failed. reason: e**cutor rejected
Jan 17, 2021 3:59:38 PM okhttp3.mockwebserver.MockWebServer$3 processOneRequest
INFO: MockWebServer[50670] received request: GET /api/v1/namespaces/entando-k8s-controller-coordinator-carcpr65/pods?labelSelector=EntandoResourceKind%3DEntandoKeycloakServer HTTP/1.1 and responded: HTTP/1.1 200 OK
Jan 17, 2021 3:59:38 PM okhttp3.mockwebserver.MockWebServer$3 processOneRequest
INFO: MockWebServer[50670] received request: GET /api/v1/namespaces/entando-k8s-controller-coordinator-carcpr65/pods?labelSelector=EntandoResourceKind%3DEntandoKeycloakServer HTTP/1.1 and responded: HTTP/1.1 200 OK
Jan 17, 2021 3:59:39 PM okhttp3.mockwebserver.MockWebServer$3 processOneRequest
INFO: MockWebServer[50670] received request: GET /api/v1/namespaces/entando-k8s-controller-coordinator-carcpr65/pods?labelSelector=EntandoResourceKind%3DEntandoKeycloakServer HTTP/1.1 and responded: HTTP/1.1 200 OK
Jan 17, 2021 3:59:39 PM okhttp3.mockwebserver.MockWebServer$3 processOneRequest
INFO: MockWebServer[50670] received request: GET /api/v1/namespaces/entando-k8s-controller-coordinator-carcpr65/pods?labelSelector=EntandoResourceKind%3DEntandoKeycloakServer HTTP/1.1 and responded: HTTP/1.1 200 OK
Jan 17, 2021 3:59:39 PM okhttp3.mockwebserver.MockWebServer$3 processOneRequest
INFO: MockWebServer[50670] received request: GET /api/v1/namespaces/entando-k8s-controller-coordinator-carcpr65/pods?labelSelector=EntandoResourceKind%3DEntandoKeycloakServer HTTP/1.1 and responded: HTTP/1.1 200 OK
Jan 17, 2021 3:59:39 PM io.fabric8.kubernetes.client.dsl.internal.WatchHTTPManager$1 onFailure
INFO: Watch connection failed. reason: e**cutor rejected
Jan 17, 2021 3:59:39 PM okhttp3.mockwebserver.MockWebServer$3 processOneRequest
INFO: MockWebServer[50670] received request: GET /api/v1/namespaces/entando-k8s-controller-coordinator-carcpr65 HTTP/1.1 and responded: HTTP/1.1 200 OK
Jan 17, 2021 3:59:39 PM okhttp3.mockwebserver.MockWebServer$3 processOneRequest
INFO: MockWebServer[50670] received request: GET /apis/entando.org/v1/namespaces/entando-k8s-controller-coordinator-carcpr65/entandokeycloakservers HTTP/1.1 and responded: HTTP/1.1 200 OK
Jan 17, 2021 3:59:39 PM okhttp3.mockwebserver.MockWebServer$3 processOneRequest
INFO: MockWebServer[50670] received request: GET /api/v1/namespaces/entando-k8s-controller-coordinator-carcpr65 HTTP/1.1 and responded: HTTP/1.1 200 OK
Jan 17, 2021 3:59:39 PM okhttp3.mockwebserver.MockWebServer$3 processOneRequest
INFO: MockWebServer[50670] received request: GET /apis/entando.org/v1/namespaces/entando-k8s-controller-coordinator-carcpr65/entandokeycloakservers HTTP/1.1 and responded: HTTP/1.1 200 OK
Jan 17, 2021 3:59:39 PM okhttp3.mockwebserver.MockWebServer$3 processOneRequest
INFO: MockWebServer[50670] received request: GET /apis/entando.org/v1/namespaces/entando-k8s-controller-coordinator-carcpr65/entandokeycloakservers HTTP/1.1 and responded: HTTP/1.1 200 OK
Jan 17, 2021 3:59:39 PM org.entando.kubernetes.controller.coordinator.EntandoResourceObserver logAction
INFO: Received ADDED for resource EntandoKeycloakServer entando-k8s-controller-coordinator-carcpr65/test-keycloak
Jan 17, 2021 3:59:39 PM okhttp3.mockwebserver.MockWebServer$3 processOneRequest
INFO: MockWebServer[50670] received request: GET /api/v1/namespaces/entando/configmaps/entando-docker-image-info-v6.3 HTTP/1.1 and responded: HTTP/1.1 200 OK
Jan 17, 2021 3:59:39 PM okhttp3.mockwebserver.MockWebServer$3 processOneRequest
INFO: MockWebServer[50670] received request: GET /apis/entando.org/v1/namespaces/entando-k8s-controller-coordinator-carcpr65/entandokeycloakservers/test-keycloak?watch=**** HTTP/1.1 and responded: HTTP/1.1 200 OK
Jan 17, 2021 3:59:40 PM okhttp3.mockwebserver.MockWebServer$3 processOneRequest
INFO: MockWebServer[50670] received request: GET /apis/entando.org/v1/namespaces/entando-k8s-controller-coordinator-carcpr65/entandokeycloakservers/test-keycloak?watch=**** HTTP/1.1 and responded: HTTP/1.1 200 OK
Jan 17, 2021 3:59:40 PM okhttp3.mockwebserver.MockWebServer$3 processOneRequest
INFO: MockWebServer[50670] received request: GET /apis/entando.org/v1/namespaces/entando-k8s-controller-coordinator-carcpr65/entandokeycloakservers/test-keycloak HTTP/1.1 and responded: HTTP/1.1 200 OK
Jan 17, 2021 3:59:40 PM okhttp3.mockwebserver.MockWebServer$3 processOneRequest
INFO: MockWebServer[50670] received request: GET /api/v1/namespaces/entando-k8s-controller-coordinator-carcpr65/pods?labelSelector=EntandoResourceNamespace%3Dentando-k8s-controller-coordinator-carcpr65%2CEntandoResourceKind%3DEntandoKeycloakServer%2CEntandoKeycloakServer%3Dtest-keycloak HTTP/1.1 and responded: HTTP/1.1 200 OK
Jan 17, 2021 3:59:40 PM io.fabric8.kubernetes.client.dsl.internal.WatchHTTPManager$1 onFailure
INFO: Watch connection failed. reason: e**cutor rejected
Jan 17, 2021 3:59:40 PM okhttp3.mockwebserver.MockWebServer$3 processOneRequest
INFO: MockWebServer[50670] received request: GET /api/v1/namespaces/entando-k8s-controller-coordinator-carcpr65 HTTP/1.1 and responded: HTTP/1.1 200 OK
Jan 17, 2021 3:59:40 PM io.fabric8.kubernetes.client.dsl.internal.WatchHTTPManager$1 onResponse
INFO: Watch terminated unexpectedly. reason: \n not found: limit=279 content=7b226b696e64223a22456e74616e646f4b6579636c6f616b536572766572222c…
Jan 17, 2021 3:59:40 PM okhttp3.mockwebserver.MockWebServer$3 processOneRequest
INFO: MockWebServer[50670] received request: GET /api/v1/namespaces/entando-k8s-controller-coordinator-carcpr65/pods?labelSelector=EntandoResourceNamespace%3Dentando-k8s-controller-coordinator-carcpr65%2CEntandoResourceKind%3DEntandoKeycloakServer%2CEntandoKeycloakServer%3Dtest-keycloak&watch=**** HTTP/1.1 and responded: HTTP/1.1 200 OK
Jan 17, 2021 3:59:40 PM okhttp3.mockwebserver.MockWebServer$3 processOneRequest
INFO: MockWebServer[50670] received request: GET /apis/entando.org/v1/namespaces/entando-k8s-controller-coordinator-carcpr65/entandokeycloakservers HTTP/1.1 and responded: HTTP/1.1 200 OK
Jan 17, 2021 3:59:40 PM okhttp3.mockwebserver.MockWebServer$3 processOneRequest
INFO: MockWebServer[50670] received request: GET /api/v1/namespaces/entando-k8s-controller-coordinator-carcpr65/pods?labelSelector=EntandoResourceNamespace%3Dentando-k8s-controller-coordinator-carcpr65%2CEntandoResourceKind%3DEntandoKeycloakServer%2CEntandoKeycloakServer%3Dtest-keycloak&watch=**** HTTP/1.1 and responded: HTTP/1.1 200 OK
Jan 17, 2021 3:59:40 PM okhttp3.mockwebserver.MockWebServer$3 processOneRequest
INFO: MockWebServer[50670] received request: GET /api/v1/namespaces/entando-k8s-controller-coordinator-carcpr65/pods?labelSelector=EntandoResourceNamespace%3Dentando-k8s-controller-coordinator-carcpr65%2CEntandoResourceKind%3DEntandoKeycloakServer%2CEntandoKeycloakServer%3Dtest-keycloak HTTP/1.1 and responded: HTTP/1.1 200 OK
Jan 17, 2021 3:59:40 PM okhttp3.mockwebserver.MockWebServer$3 processOneRequest
INFO: MockWebServer[50670] received request: GET /api/v1/namespaces/entando-k8s-controller-coordinator-carcpr65 HTTP/1.1 and responded: HTTP/1.1 200 OK
Jan 17, 2021 3:59:40 PM io.fabric8.kubernetes.client.dsl.internal.WatchHTTPManager$1 onResponse
INFO: Watch terminated unexpectedly. reason: \n not found: limit=46 content=7b2261706956657273696f6e223a227631222c226b696e64223a224c69737422…
Jan 17, 2021 3:59:40 PM okhttp3.mockwebserver.MockWebServer$3 processOneRequest
INFO: MockWebServer[50670] received request: GET /api/v1/namespaces/entando-k8s-controller-coordinator-carcpr65/pods?labelSelector=EntandoResourceNamespace%3Dentando-k8s-controller-coordinator-carcpr65%2CEntandoResourceKind%3DEntandoKeycloakServer%2CEntandoKeycloakServer%3Dtest-keycloak HTTP/1.1 and responded: HTTP/1.1 200 OK
Jan 17, 2021 3:59:40 PM okhttp3.mockwebserver.MockWebServer$3 processOneRequest
INFO: MockWebServer[50670] received request: GET /apis/entando.org/v1/namespaces/entando-k8s-controller-coordinator-carcpr65/entandokeycloakservers HTTP/1.1 and responded: HTTP/1.1 200 OK
Jan 17, 2021 3:59:40 PM okhttp3.mockwebserver.MockWebServer$3 processOneRequest
INFO: MockWebServer[50670] received request: GET /apis/entando.org/v1/namespaces/entando-k8s-controller-coordinator-carcpr65/entandokeycloakservers/test-keycloak HTTP/1.1 and responded: HTTP/1.1 200 OK
Jan 17, 2021 3:59:40 PM okhttp3.mockwebserver.MockWebServer$3 processOneRequest
INFO: MockWebServer[50670] received request: GET /apis/entando.org/v1/namespaces/entando-k8s-controller-coordinator-carcpr65/entandokeycloakservers/test-keycloak HTTP/1.1 and responded: HTTP/1.1 200 OK
Jan 17, 2021 3:59:40 PM okhttp3.mockwebserver.MockWebServer$3 processOneRequest
INFO: MockWebServer[50670] received request: PATCH /apis/entando.org/v1/namespaces/entando-k8s-controller-coordinator-carcpr65/entandokeycloakservers/test-keycloak HTTP/1.1 and responded: HTTP/1.1 202 OK
Jan 17, 2021 3:59:40 PM io.fabric8.kubernetes.client.dsl.internal.WatchHTTPManager$1 onFailure
INFO: Watch connection failed. reason: e**cutor rejected
Jan 17, 2021 3:59:41 PM io.fabric8.kubernetes.client.dsl.internal.WatchHTTPManager$1 onResponse
INFO: Watch terminated unexpectedly. reason: \n not found: limit=325 content=7b226b696e64223a22456e74616e646f4b6579636c6f616b536572766572222c…
Jan 17, 2021 3:59:41 PM okhttp3.mockwebserver.MockWebServer$3 processOneRequest
INFO: MockWebServer[50670] received request: GET /apis/entando.org/v1/namespaces/entando-k8s-controller-coordinator-carcpr65/entandokeycloakservers/test-keycloak?watch=**** HTTP/1.1 and responded: HTTP/1.1 200 OK
Jan 17, 2021 3:59:41 PM io.fabric8.kubernetes.client.dsl.internal.WatchHTTPManager$1 onResponse
INFO: Watch terminated unexpectedly. reason: \n not found: limit=46 content=7b2261706956657273696f6e223a227631222c226b696e64223a224c69737422…
Jan 17, 2021 3:59:41 PM io.fabric8.kubernetes.client.dsl.internal.WatchHTTPManager scheduleReconnect
WARN: Ignoring error for already closed/closing connection
Jan 17, 2021 3:59:41 PM okhttp3.mockwebserver.MockWebServer$3 processOneRequest
INFO: MockWebServer[50670] received request: GET /api/v1/namespaces/entando-k8s-controller-coordinator-carcpr65/pods?labelSelector=EntandoResourceNamespace%3Dentando-k8s-controller-coordinator-carcpr65%2CEntandoResourceKind%3DEntandoKeycloakServer%2CEntandoKeycloakServer%3Dtest-keycloak&watch=**** HTTP/1.1 and responded: HTTP/1.1 200 OK
Jan 17, 2021 3:59:41 PM okhttp3.mockwebserver.MockWebServer$3 processOneRequest
INFO: MockWebServer[50670] received request: GET /api/v1/namespaces/entando-k8s-controller-coordinator-carcpr65/secrets/test-keycloak-controller-ca-cert-secret HTTP/1.1 and responded: HTTP/1.1 404 Client Error
Jan 17, 2021 3:59:41 PM okhttp3.mockwebserver.MockWebServer$3 processOneRequest
INFO: MockWebServer[50670] received request: POST /api/v1/namespaces/entando-k8s-controller-coordinator-carcpr65/secrets HTTP/1.1 and responded: HTTP/1.1 202 OK
Jan 17, 2021 3:59:41 PM okhttp3.mockwebserver.MockWebServer$3 processOneRequest
INFO: MockWebServer[50670] received request: POST /api/v1/namespaces/entando-k8s-controller-coordinator-carcpr65/pods HTTP/1.1 and responded: HTTP/1.1 202 OK
Jan 17, 2021 3:59:43 PM io.fabric8.kubernetes.client.dsl.internal.WatchHTTPManager$1 onResponse
INFO: Watch terminated unexpectedly. reason: \n not found: limit=325 content=7b226b696e64223a22456e74616e646f4b6579636c6f616b536572766572222c…
Jan 17, 2021 3:59:43 PM okhttp3.mockwebserver.MockWebServer$3 processOneRequest
INFO: MockWebServer[50670] received request: GET /apis/entando.org/v1/namespaces/entando-k8s-controller-coordinator-carcpr65/entandokeycloakservers/test-keycloak?watch=**** HTTP/1.1 and responded: HTTP/1.1 200 OK
Jan 17, 2021 3:59:45 PM okhttp3.mockwebserver.MockWebServer$3 processOneRequest
INFO: MockWebServer[50670] received request: GET /apis/entando.org/v1/namespaces/entando-k8s-controller-coordinator-carcpr65/entandokeycloakservers/test-keycloak HTTP/1.1 and responded: HTTP/1.1 200 OK
Jan 17, 2021 3:59:46 PM io.fabric8.kubernetes.client.dsl.internal.WatchHTTPManager close
WARN: E**cutor didn't terminate in time after shutdown in close(), killing it in: io.fabric8.kubernetes.client.dsl.internal.WatchHTTPManager@e22d9f1
Jan 17, 2021 3:59:46 PM okhttp3.mockwebserver.MockWebServer$3 processOneRequest
INFO: MockWebServer[50670] received request: GET /apis/entando.org/v1/namespaces/entando-k8s-controller-coordinator-carcpr65/entandokeycloakservers?watch=**** HTTP/1.1 and responded: HTTP/1.1 200 OK
Jan 17, 2021 3:59:46 PM okhttp3.mockwebserver.MockWebServer$3 processOneRequest
INFO: MockWebServer[50670] received request: GET /api/v1/namespaces/entando-k8s-controller-coordinator-carcpr65 HTTP/1.1 and responded: HTTP/1.1 200 OK
Jan 17, 2021 3:59:46 PM okhttp3.mockwebserver.MockWebServer$3 processOneRequest
INFO: MockWebServer[50670] received request: GET /apis/entando.org/v1/namespaces/entando-k8s-controller-coordinator-carcpr65/entandokeycloakservers?watch=**** HTTP/1.1 and responded: HTTP/1.1 200 OK
Jan 17, 2021 3:59:46 PM io.fabric8.kubernetes.client.dsl.internal.WatchHTTPManager$1 onResponse
INFO: Watch terminated unexpectedly. reason: \n not found: limit=371 content=7b2261706956657273696f6e223a227631222c226b696e64223a224c69737422…
Jan 17, 2021 3:59:46 PM okhttp3.mockwebserver.MockWebServer$3 processOneRequest
INFO: MockWebServer[50670] received request: GET /apis/entando.org/v1/namespaces/entando-k8s-controller-coordinator-carcpr65/entandoclusterinfrastructures HTTP/1.1 and responded: HTTP/1.1 200 OK
Jan 17, 2021 3:59:46 PM okhttp3.mockwebserver.MockWebServer$3 processOneRequest
INFO: MockWebServer[50670] received request: GET /api/v1/namespaces/entando-k8s-controller-coordinator-carcpr65 HTTP/1.1 and responded: HTTP/1.1 200 OK
Jan 17, 2021 3:59:46 PM okhttp3.mockwebserver.MockWebServer$3 processOneRequest
INFO: MockWebServer[50670] received request: GET /apis/entando.org/v1/namespaces/entando-k8s-controller-coordinator-carcpr65/entandoclusterinfrastructures HTTP/1.1 and responded: HTTP/1.1 200 OK
Jan 17, 2021 3:59:46 PM okhttp3.mockwebserver.MockWebServer$3 processOneRequest
INFO: MockWebServer[50670] received request: GET /apis/entando.org/v1/namespaces/entando-k8s-controller-coordinator-carcpr65/entandoclusterinfrastructures HTTP/1.1 and responded: HTTP/1.1 200 OK
Jan 17, 2021 3:59:46 PM okhttp3.mockwebserver.MockWebServer$3 processOneRequest
INFO: MockWebServer[50670] received request: GET /apis/entando.org/v1/namespaces/entando-k8s-controller-coordinator-carcpr65/entandoclusterinfrastructures?watch=**** HTTP/1.1 and responded: HTTP/1.1 200 OK
Jan 17, 2021 3:59:46 PM okhttp3.mockwebserver.MockWebServer$3 processOneRequest
INFO: MockWebServer[50670] received request: GET /api/v1/namespaces/entando-k8s-controller-coordinator-carcpr65 HTTP/1.1 and responded: HTTP/1.1 200 OK
Jan 17, 2021 3:59:46 PM okhttp3.mockwebserver.MockWebServer$3 processOneRequest
INFO: MockWebServer[50670] received request: GET /apis/entando.org/v1/namespaces/entando-k8s-controller-coordinator-carcpr65/entandoclusterinfrastructures?watch=**** HTTP/1.1 and responded: HTTP/1.1 200 OK
Jan 17, 2021 3:59:46 PM io.fabric8.kubernetes.client.dsl.internal.WatchHTTPManager$1 onResponse
INFO: Watch terminated unexpectedly. reason: \n not found: limit=46 content=7b2261706956657273696f6e223a227631222c226b696e64223a224c69737422…
Jan 17, 2021 3:59:46 PM okhttp3.mockwebserver.MockWebServer$3 processOneRequest
INFO: MockWebServer[50670] received request: GET /apis/entando.org/v1/namespaces/entando-k8s-controller-coordinator-carcpr65/entandoapps HTTP/1.1 and responded: HTTP/1.1 200 OK
Jan 17, 2021 3:59:46 PM okhttp3.mockwebserver.MockWebServer$3 processOneRequest
INFO: MockWebServer[50670] received request: GET /api/v1/namespaces/entando-k8s-controller-coordinator-carcpr65 HTTP/1.1 and responded: HTTP/1.1 200 OK
Jan 17, 2021 3:59:46 PM okhttp3.mockwebserver.MockWebServer$3 processOneRequest
INFO: MockWebServer[50670] received request: GET /apis/entando.org/v1/namespaces/entando-k8s-controller-coordinator-carcpr65/entandoapps HTTP/1.1 and responded: HTTP/1.1 200 OK
Jan 17, 2021 3:59:46 PM okhttp3.mockwebserver.MockWebServer$3 processOneRequest
INFO: MockWebServer[50670] received request: GET /apis/entando.org/v1/namespaces/entando-k8s-controller-coordinator-carcpr65/entandoapps HTTP/1.1 and responded: HTTP/1.1 200 OK
Jan 17, 2021 3:59:46 PM okhttp3.mockwebserver.MockWebServer$3 processOneRequest
INFO: MockWebServer[50670] received request: GET /apis/entando.org/v1/namespaces/entando-k8s-controller-coordinator-carcpr65/entandoapps?watch=**** HTTP/1.1 and responded: HTTP/1.1 200 OK
Jan 17, 2021 3:59:47 PM okhttp3.mockwebserver.MockWebServer$3 processOneRequest
INFO: MockWebServer[50670] received request: GET /api/v1/namespaces/entando-k8s-controller-coordinator-carcpr65 HTTP/1.1 and responded: HTTP/1.1 200 OK
Jan 17, 2021 3:59:47 PM okhttp3.mockwebserver.MockWebServer$3 processOneRequest
INFO: MockWebServer[50670] received request: GET /apis/entando.org/v1/namespaces/entando-k8s-controller-coordinator-carcpr65/entandoapps?watch=**** HTTP/1.1 and responded: HTTP/1.1 200 OK
Jan 17, 2021 3:59:47 PM io.fabric8.kubernetes.client.dsl.internal.WatchHTTPManager$1 onResponse
INFO: Watch terminated unexpectedly. reason: \n not found: limit=46 content=7b2261706956657273696f6e223a227631222c226b696e64223a224c69737422…
Jan 17, 2021 3:59:47 PM okhttp3.mockwebserver.MockWebServer$3 processOneRequest
INFO: MockWebServer[50670] received request: GET /apis/entando.org/v1/namespaces/entando-k8s-controller-coordinator-carcpr65/entandoplugins HTTP/1.1 and responded: HTTP/1.1 200 OK
Jan 17, 2021 3:59:47 PM okhttp3.mockwebserver.MockWebServer$3 processOneRequest
INFO: MockWebServer[50670] received request: GET /api/v1/namespaces/entando-k8s-controller-coordinator-carcpr65 HTTP/1.1 and responded: HTTP/1.1 200 OK
Jan 17, 2021 3:59:47 PM okhttp3.mockwebserver.MockWebServer$3 processOneRequest
INFO: MockWebServer[50670] received request: GET /apis/entando.org/v1/namespaces/entando-k8s-controller-coordinator-carcpr65/entandoplugins HTTP/1.1 and responded: HTTP/1.1 200 OK
Jan 17, 2021 3:59:47 PM okhttp3.mockwebserver.MockWebServer$3 processOneRequest
INFO: MockWebServer[50670] received request: GET /apis/entando.org/v1/namespaces/entando-k8s-controller-coordinator-carcpr65/entandokeycloakservers?watch=**** HTTP/1.1 and responded: HTTP/1.1 200 OK
Jan 17, 2021 3:59:47 PM io.fabric8.kubernetes.client.dsl.internal.WatchHTTPManager$1 onResponse
INFO: Watch terminated unexpectedly. reason: \n not found: limit=371 content=7b2261706956657273696f6e223a227631222c226b696e64223a224c69737422…
Jan 17, 2021 3:59:47 PM okhttp3.mockwebserver.MockWebServer$3 processOneRequest
INFO: MockWebServer[50670] received request: GET /apis/entando.org/v1/namespaces/entando-k8s-controller-coordinator-carcpr65/entandoplugins HTTP/1.1 and responded: HTTP/1.1 200 OK
Jan 17, 2021 3:59:47 PM okhttp3.mockwebserver.MockWebServer$3 processOneRequest
INFO: MockWebServer[50670] received request: GET /apis/entando.org/v1/namespaces/entando-k8s-controller-coordinator-carcpr65/entandoplugins?watch=**** HTTP/1.1 and responded: HTTP/1.1 200 OK
Jan 17, 2021 3:59:47 PM okhttp3.mockwebserver.MockWebServer$3 processOneRequest
INFO: MockWebServer[50670] received request: GET /api/v1/namespaces/entando-k8s-controller-coordinator-carcpr65 HTTP/1.1 and responded: HTTP/1.1 200 OK
Jan 17, 2021 3:59:47 PM okhttp3.mockwebserver.MockWebServer$3 processOneRequest
INFO: MockWebServer[50670] received request: GET /apis/entando.org/v1/namespaces/entando-k8s-controller-coordinator-carcpr65/entandoplugins?watch=**** HTTP/1.1 and responded: HTTP/1.1 200 OK
Jan 17, 2021 3:59:47 PM io.fabric8.kubernetes.client.dsl.internal.WatchHTTPManager$1 onResponse
INFO: Watch terminated unexpectedly. reason: \n not found: limit=46 content=7b2261706956657273696f6e223a227631222c226b696e64223a224c69737422…
Jan 17, 2021 3:59:47 PM okhttp3.mockwebserver.MockWebServer$3 processOneRequest
INFO: MockWebServer[50670] received request: GET /apis/entando.org/v1/namespaces/entando-k8s-controller-coordinator-carcpr65/entandoapppluginlinks HTTP/1.1 and responded: HTTP/1.1 200 OK
Jan 17, 2021 3:59:47 PM okhttp3.mockwebserver.MockWebServer$3 processOneRequest
INFO: MockWebServer[50670] received request: GET /api/v1/namespaces/entando-k8s-controller-coordinator-carcpr65 HTTP/1.1 and responded: HTTP/1.1 200 OK
Jan 17, 2021 3:59:47 PM okhttp3.mockwebserver.MockWebServer$3 processOneRequest
INFO: MockWebServer[50670] received request: GET /apis/entando.org/v1/namespaces/entando-k8s-controller-coordinator-carcpr65/entandoapppluginlinks HTTP/1.1 and responded: HTTP/1.1 200 OK
Jan 17, 2021 3:59:47 PM okhttp3.mockwebserver.MockWebServer$3 processOneRequest
INFO: MockWebServer[50670] received request: GET /apis/entando.org/v1/namespaces/entando-k8s-controller-coordinator-carcpr65/entandoclusterinfrastructures?watch=**** HTTP/1.1 and responded: HTTP/1.1 200 OK
Jan 17, 2021 3:59:47 PM io.fabric8.kubernetes.client.dsl.internal.WatchHTTPManager$1 onResponse
INFO: Watch terminated unexpectedly. reason: \n not found: limit=46 content=7b2261706956657273696f6e223a227631222c226b696e64223a224c69737422…
Jan 17, 2021 3:59:47 PM okhttp3.mockwebserver.MockWebServer$3 processOneRequest
INFO: MockWebServer[50670] received request: GET /apis/entando.org/v1/namespaces/entando-k8s-controller-coordinator-carcpr65/entandoapppluginlinks HTTP/1.1 and responded: HTTP/1.1 200 OK
Jan 17, 2021 3:59:47 PM okhttp3.mockwebserver.MockWebServer$3 processOneRequest
INFO: MockWebServer[50670] received request: GET /apis/entando.org/v1/namespaces/entando-k8s-controller-coordinator-carcpr65/entandoapppluginlinks?watch=**** HTTP/1.1 and responded: HTTP/1.1 200 OK
Jan 17, 2021 3:59:47 PM okhttp3.mockwebserver.MockWebServer$3 processOneRequest
INFO: MockWebServer[50670] received request: GET /api/v1/namespaces/entando-k8s-controller-coordinator-carcpr65 HTTP/1.1 and responded: HTTP/1.1 200 OK
Jan 17, 2021 3:59:47 PM okhttp3.mockwebserver.MockWebServer$3 processOneRequest
INFO: MockWebServer[50670] received request: GET /apis/entando.org/v1/namespaces/entando-k8s-controller-coordinator-carcpr65/entandoapppluginlinks?watch=**** HTTP/1.1 and responded: HTTP/1.1 200 OK
Jan 17, 2021 3:59:47 PM io.fabric8.kubernetes.client.dsl.internal.WatchHTTPManager$1 onResponse
INFO: Watch terminated unexpectedly. reason: \n not found: limit=46 content=7b2261706956657273696f6e223a227631222c226b696e64223a224c69737422…
Jan 17, 2021 3:59:47 PM okhttp3.mockwebserver.MockWebServer$3 processOneRequest
INFO: MockWebServer[50670] received request: GET /apis/entando.org/v1/namespaces/entando-k8s-controller-coordinator-carcpr65/entandocompositeapps HTTP/1.1 and responded: HTTP/1.1 200 OK
Jan 17, 2021 3:59:48 PM okhttp3.mockwebserver.MockWebServer$3 processOneRequest
INFO: MockWebServer[50670] received request: GET /api/v1/namespaces/entando-k8s-controller-coordinator-carcpr65 HTTP/1.1 and responded: HTTP/1.1 200 OK
Jan 17, 2021 3:59:48 PM okhttp3.mockwebserver.MockWebServer$3 processOneRequest
INFO: MockWebServer[50670] received request: GET /apis/entando.org/v1/namespaces/entando-k8s-controller-coordinator-carcpr65/entandocompositeapps HTTP/1.1 and responded: HTTP/1.1 200 OK
Jan 17, 2021 3:59:48 PM okhttp3.mockwebserver.MockWebServer$3 processOneRequest
INFO: MockWebServer[50670] received request: GET /apis/entando.org/v1/namespaces/entando-k8s-controller-coordinator-carcpr65/entandoapps?watch=**** HTTP/1.1 and responded: HTTP/1.1 200 OK
Jan 17, 2021 3:59:48 PM io.fabric8.kubernetes.client.dsl.internal.WatchHTTPManager$1 onResponse
INFO: Watch terminated unexpectedly. reason: \n not found: limit=46 content=7b2261706956657273696f6e223a227631222c226b696e64223a224c69737422…
Jan 17, 2021 3:59:48 PM okhttp3.mockwebserver.MockWebServer$3 processOneRequest
INFO: MockWebServer[50670] received request: GET /apis/entando.org/v1/namespaces/entando-k8s-controller-coordinator-carcpr65/entandocompositeapps HTTP/1.1 and responded: HTTP/1.1 200 OK
Jan 17, 2021 3:59:48 PM okhttp3.mockwebserver.MockWebServer$3 processOneRequest
INFO: MockWebServer[50670] received request: GET /apis/entando.org/v1/namespaces/entando-k8s-controller-coordinator-carcpr65/entandocompositeapps?watch=**** HTTP/1.1 and responded: HTTP/1.1 200 OK
Jan 17, 2021 3:59:48 PM okhttp3.mockwebserver.MockWebServer$3 processOneRequest
INFO: MockWebServer[50670] received request: GET /api/v1/namespaces/entando-k8s-controller-coordinator-carcpr65 HTTP/1.1 and responded: HTTP/1.1 200 OK
Jan 17, 2021 3:59:48 PM okhttp3.mockwebserver.MockWebServer$3 processOneRequest
INFO: MockWebServer[50670] received request: GET /apis/entando.org/v1/namespaces/entando-k8s-controller-coordinator-carcpr65/entandocompositeapps?watch=**** HTTP/1.1 and responded: HTTP/1.1 200 OK
Jan 17, 2021 3:59:48 PM io.fabric8.kubernetes.client.dsl.internal.WatchHTTPManager$1 onResponse
INFO: Watch terminated unexpectedly. reason: \n not found: limit=46 content=7b2261706956657273696f6e223a227631222c226b696e64223a224c69737422…
Jan 17, 2021 3:59:48 PM okhttp3.mockwebserver.MockWebServer$3 processOneRequest
INFO: MockWebServer[50670] received request: GET /apis/entando.org/v1/namespaces/entando-k8s-controller-coordinator-carcpr65/entandodatabaseservices HTTP/1.1 and responded: HTTP/1.1 200 OK
Jan 17, 2021 3:59:48 PM okhttp3.mockwebserver.MockWebServer$3 processOneRequest
INFO: MockWebServer[50670] received request: GET /api/v1/namespaces/entando-k8s-controller-coordinator-carcpr65 HTTP/1.1 and responded: HTTP/1.1 200 OK
Jan 17, 2021 3:59:48 PM okhttp3.mockwebserver.MockWebServer$3 processOneRequest
INFO: MockWebServer[50670] received request: GET /apis/entando.org/v1/namespaces/entando-k8s-controller-coordinator-carcpr65/entandodatabaseservices HTTP/1.1 and responded: HTTP/1.1 200 OK
Jan 17, 2021 3:59:48 PM okhttp3.mockwebserver.MockWebServer$3 processOneRequest
INFO: MockWebServer[50670] received request: GET /apis/entando.org/v1/namespaces/entando-k8s-controller-coordinator-carcpr65/entandoplugins?watch=**** HTTP/1.1 and responded: HTTP/1.1 200 OK
Jan 17, 2021 3:59:48 PM io.fabric8.kubernetes.client.dsl.internal.WatchHTTPManager$1 onResponse
INFO: Watch terminated unexpectedly. reason: \n not found: limit=46 content=7b2261706956657273696f6e223a227631222c226b696e64223a224c69737422…
Jan 17, 2021 3:59:48 PM okhttp3.mockwebserver.MockWebServer$3 processOneRequest
INFO: MockWebServer[50670] received request: GET /apis/entando.org/v1/namespaces/entando-k8s-controller-coordinator-carcpr65/entandodatabaseservices HTTP/1.1 and responded: HTTP/1.1 200 OK
Jan 17, 2021 3:59:48 PM okhttp3.mockwebserver.MockWebServer$3 processOneRequest
INFO: MockWebServer[50670] received request: GET /apis/entando.org/v1/namespaces/entando-k8s-controller-coordinator-carcpr65/entandodatabaseservices?watch=**** HTTP/1.1 and responded: HTTP/1.1 200 OK
Jan 17, 2021 3:59:48 PM okhttp3.mockwebserver.MockWebServer$3 processOneRequest
INFO: MockWebServer[50670] received request: GET /apis/entando.org/v1/namespaces/entando-k8s-controller-coordinator-carcpr65/entandodatabaseservices?watch=**** HTTP/1.1 and responded: HTTP/1.1 200 OK
Jan 17, 2021 3:59:48 PM io.fabric8.kubernetes.client.dsl.internal.WatchHTTPManager$1 onResponse
INFO: Watch terminated unexpectedly. reason: \n not found: limit=46 content=7b2261706956657273696f6e223a227631222c226b696e64223a224c69737422…
Jan 17, 2021 3:59:48 PM okhttp3.mockwebserver.MockWebServer$3 processOneRequest
INFO: MockWebServer[50670] received request: GET /api/v1/namespaces/entando-k8s-controller-coordinator-carcpr65/pods?labelSelector=EntandoResourceKind%3DEntandoKeycloakServer HTTP/1.1 and responded: HTTP/1.1 200 OK
Jan 17, 2021 3:59:48 PM okhttp3.mockwebserver.MockWebServer$2 acceptConnections
INFO: MockWebServer[50670] done accepting connections: Socket closed
[INFO] Tests run: 2, Failures: 0, Errors: 0, Skipped: 0, Time elapsed: 30.513 s - in org.entando.kubernetes.controller.coordinator.inprocesstests.ControllerCoordinatorEdgeConditionsTest
[INFO] Running org.entando.kubernetes.controller.coordinator.inprocesstests.DeploymentPhaseWatcherTest
Jan 17, 2021 3:59:48 PM okhttp3.mockwebserver.MockWebServer$2 e**cute
INFO: MockWebServer[60594] starting to accept connections
Jan 17, 2021 3:59:48 PM io.fabric8.kubernetes.client.dsl.internal.WatchHTTPManager$1 onFailure
INFO: Watch connection failed. reason: e**cutor rejected
Jan 17, 2021 3:59:49 PM okhttp3.mockwebserver.MockWebServer$3 processOneRequest
INFO: MockWebServer[60594] received request: GET /api/v1/namespaces/test HTTP/1.1 and responded: HTTP/1.1 404 Client Error
Jan 17, 2021 3:59:49 PM okhttp3.mockwebserver.MockWebServer$3 processOneRequest
INFO: MockWebServer[60594] received request: GET /apis/entando.org/v1/namespaces/default/entandoapps HTTP/1.1 and responded: HTTP/1.1 200 OK
Jan 17, 2021 3:59:49 PM okhttp3.mockwebserver.MockWebServer$3 processOneRequest
INFO: MockWebServer[60594] received request: GET /api/v1/namespaces/test HTTP/1.1 and responded: HTTP/1.1 404 Client Error
Jan 17, 2021 3:59:49 PM okhttp3.mockwebserver.MockWebServer$3 processOneRequest
INFO: MockWebServer[60594] received request: GET /apis/entando.org/v1/namespaces/default/entandoapps HTTP/1.1 and responded: HTTP/1.1 200 OK
Jan 17, 2021 3:59:49 PM io.fabric8.kubernetes.client.dsl.internal.WatchHTTPManager$1 onFailure
INFO: Watch connection failed. reason: e**cutor rejected
Jan 17, 2021 3:59:49 PM okhttp3.mockwebserver.MockWebServer$3 processOneRequest
INFO: MockWebServer[60594] received request: POST /apis/entando.org/v1/namespaces/test/entandoapps HTTP/1.1 and responded: HTTP/1.1 202 OK
Jan 17, 2021 3:59:49 PM io.fabric8.kubernetes.client.dsl.internal.WatchHTTPManager$1 onFailure
INFO: Watch connection failed. reason: e**cutor rejected
Jan 17, 2021 3:59:49 PM okhttp3.mockwebserver.MockWebServer$3 processOneRequest
INFO: MockWebServer[60594] received request: GET /apis/entando.org/v1/namespaces/test/entandoapps/test-app?watch=**** HTTP/1.1 and responded: HTTP/1.1 200 OK
Jan 17, 2021 3:59:49 PM okhttp3.mockwebserver.MockWebServer$3 processOneRequest
INFO: MockWebServer[60594] received request: GET /apis/entando.org/v1/namespaces/test/entandoapps/test-app HTTP/1.1 and responded: HTTP/1.1 200 OK
Jan 17, 2021 3:59:49 PM okhttp3.mockwebserver.MockWebServer$3 processOneRequest
INFO: MockWebServer[60594] received request: GET /apis/entando.org/v1/namespaces/test/entandoapps/test-app?watch=**** HTTP/1.1 and responded: HTTP/1.1 200 OK
Jan 17, 2021 3:59:49 PM io.fabric8.kubernetes.client.dsl.internal.WatchHTTPManager$1 onResponse
INFO: Watch terminated unexpectedly. reason: \n not found: limit=220 content=7b226b696e64223a22456e74616e646f417070222c2261706956657273696f6e…
Jan 17, 2021 3:59:49 PM io.fabric8.kubernetes.client.dsl.internal.WatchHTTPManager$1 onFailure
INFO: Watch connection failed. reason: e**cutor rejected
Jan 17, 2021 3:59:49 PM io.fabric8.kubernetes.client.dsl.internal.WatchHTTPManager$1 onFailure
INFO: Watch connection failed. reason: e**cutor rejected
Jan 17, 2021 3:59:49 PM okhttp3.mockwebserver.MockWebServer$3 processOneRequest
INFO: MockWebServer[60594] received request: GET /apis/entando.org/v1/namespaces/test/entandoapps/test-app HTTP/1.1 and responded: HTTP/1.1 200 OK
Jan 17, 2021 3:59:49 PM okhttp3.mockwebserver.MockWebServer$3 processOneRequest
INFO: MockWebServer[60594] received request: GET /apis/entando.org/v1/namespaces/test/entandoapps/test-app HTTP/1.1 and responded: HTTP/1.1 200 OK
Jan 17, 2021 3:59:50 PM okhttp3.mockwebserver.MockWebServer$3 processOneRequest
INFO: MockWebServer[60594] received request: PATCH /apis/entando.org/v1/namespaces/test/entandoapps/test-app HTTP/1.1 and responded: HTTP/1.1 202 OK
Jan 17, 2021 3:59:50 PM okhttp3.mockwebserver.MockWebServer$3 processOneRequest
INFO: MockWebServer[60594] received request: GET /apis/entando.org/v1/namespaces/test/entandoapps/test-app HTTP/1.1 and responded: HTTP/1.1 200 OK
Jan 17, 2021 3:59:50 PM io.fabric8.kubernetes.client.dsl.internal.WatchHTTPManager$1 onFailure
INFO: Watch connection failed. reason: e**cutor rejected
Jan 17, 2021 3:59:50 PM okhttp3.mockwebserver.MockWebServer$2 acceptConnections
INFO: MockWebServer[60594] done accepting connections: Socket closed
Jan 17, 2021 3:59:50 PM io.fabric8.kubernetes.client.dsl.internal.WatchHTTPManager$1 onFailure
INFO: Watch connection failed. reason: e**cutor rejected
Jan 17, 2021 3:59:50 PM io.fabric8.kubernetes.client.dsl.internal.WatchHTTPManager$1 onFailure
INFO: Watch connection failed. reason: Canceled
Jan 17, 2021 3:59:50 PM io.fabric8.kubernetes.client.dsl.internal.WatchHTTPManager scheduleReconnect
WARN: Ignoring error for already closed/closing connection
[INFO] Tests run: 1, Failures: 0, Errors: 0, Skipped: 0, Time elapsed: 1.671 s - in org.entando.kubernetes.controller.coordinator.inprocesstests.DeploymentPhaseWatcherTest
[INFO] Running org.entando.kubernetes.controller.coordinator.inprocesstests.ControllerCoordinatorMockedTest
Jan 17, 2021 3:59:50 PM okhttp3.mockwebserver.MockWebServer$2 e**cute
INFO: MockWebServer[46035] starting to accept connections
Jan 17, 2021 3:59:50 PM okhttp3.mockwebserver.MockWebServer$3 processOneRequest
INFO: MockWebServer[46035] received request: GET /api/v1/namespaces/entando-k8s-controller-coordinator-carcpr65 HTTP/1.1 and responded: HTTP/1.1 404 Client Error
Jan 17, 2021 3:59:50 PM okhttp3.mockwebserver.MockWebServer$3 processOneRequest
INFO: MockWebServer[46035] received request: GET /apis/entando.org/v1/namespaces/default/entandokeycloakservers HTTP/1.1 and responded: HTTP/1.1 200 OK
Jan 17, 2021 3:59:50 PM okhttp3.mockwebserver.MockWebServer$3 processOneRequest
INFO: MockWebServer[46035] received request: GET /api/v1/namespaces/entando-k8s-controller-coordinator-carcpr65 HTTP/1.1 and responded: HTTP/1.1 404 Client Error
Jan 17, 2021 3:59:50 PM okhttp3.mockwebserver.MockWebServer$3 processOneRequest
INFO: MockWebServer[46035] received request: GET /apis/entando.org/v1/namespaces/default/entandokeycloakservers HTTP/1.1 and responded: HTTP/1.1 200 OK
Jan 17, 2021 3:59:50 PM io.fabric8.kubernetes.client.dsl.internal.WatchHTTPManager$1 onFailure
INFO: Watch connection failed. reason: e**cutor rejected
Jan 17, 2021 3:59:51 PM okhttp3.mockwebserver.MockWebServer$3 processOneRequest
INFO: MockWebServer[46035] received request: GET /apis/entando.org/v1/namespaces/entando-k8s-controller-coordinator-carcpr65/entandokeycloakservers HTTP/1.1 and responded: HTTP/1.1 200 OK
Jan 17, 2021 3:59:51 PM okhttp3.mockwebserver.MockWebServer$3 processOneRequest
INFO: MockWebServer[46035] received request: GET /apis/entando.org/v1/namespaces/entando-k8s-controller-coordinator-carcpr65/entandokeycloakservers?watch=**** HTTP/1.1 and responded: HTTP/1.1 200 OK
Jan 17, 2021 3:59:51 PM okhttp3.mockwebserver.MockWebServer$3 processOneRequest
INFO: MockWebServer[46035] received request: GET /api/v1/namespaces/entando-k8s-controller-coordinator-carcpr65 HTTP/1.1 and responded: HTTP/1.1 404 Client Error
Jan 17, 2021 3:59:51 PM okhttp3.mockwebserver.MockWebServer$3 processOneRequest
INFO: MockWebServer[46035] received request: GET /apis/entando.org/v1/namespaces/entando-k8s-controller-coordinator-carcpr65/entandokeycloakservers?watch=**** HTTP/1.1 and responded: HTTP/1.1 200 OK
Jan 17, 2021 3:59:51 PM io.fabric8.kubernetes.client.dsl.internal.WatchHTTPManager$1 onResponse
INFO: Watch terminated unexpectedly. reason: \n not found: limit=46 content=7b2261706956657273696f6e223a227631222c226b696e64223a224c69737422…
Jan 17, 2021 3:59:51 PM okhttp3.mockwebserver.MockWebServer$3 processOneRequest
INFO: MockWebServer[46035] received request: GET /apis/entando.org/v1/namespaces/default/entandoclusterinfrastructures HTTP/1.1 and responded: HTTP/1.1 200 OK
Jan 17, 2021 3:59:51 PM okhttp3.mockwebserver.MockWebServer$3 processOneRequest
INFO: MockWebServer[46035] received request: GET /api/v1/namespaces/entando-k8s-controller-coordinator-carcpr65 HTTP/1.1 and responded: HTTP/1.1 404 Client Error
Jan 17, 2021 3:59:51 PM io.fabric8.kubernetes.client.dsl.internal.WatchHTTPManager$1 onFailure
INFO: Watch connection failed. reason: e**cutor rejected
Jan 17, 2021 3:59:51 PM okhttp3.mockwebserver.MockWebServer$3 processOneRequest
INFO: MockWebServer[46035] received request: GET /apis/entando.org/v1/namespaces/default/entandoclusterinfrastructures HTTP/1.1 and responded: HTTP/1.1 200 OK
Jan 17, 2021 3:59:51 PM okhttp3.mockwebserver.MockWebServer$3 processOneRequest
INFO: MockWebServer[46035] received request: GET /apis/entando.org/v1/namespaces/entando-k8s-controller-coordinator-carcpr65/entandoclusterinfrastructures HTTP/1.1 and responded: HTTP/1.1 200 OK
Jan 17, 2021 3:59:51 PM okhttp3.mockwebserver.MockWebServer$3 processOneRequest
INFO: MockWebServer[46035] received request: GET /apis/entando.org/v1/namespaces/entando-k8s-controller-coordinator-carcpr65/entandoclusterinfrastructures?watch=**** HTTP/1.1 and responded: HTTP/1.1 200 OK
Jan 17, 2021 3:59:51 PM okhttp3.mockwebserver.MockWebServer$3 processOneRequest
INFO: MockWebServer[46035] received request: GET /api/v1/namespaces/entando-k8s-controller-coordinator-carcpr65 HTTP/1.1 and responded: HTTP/1.1 404 Client Error
Jan 17, 2021 3:59:51 PM okhttp3.mockwebserver.MockWebServer$3 processOneRequest
INFO: MockWebServer[46035] received request: GET /apis/entando.org/v1/namespaces/entando-k8s-controller-coordinator-carcpr65/entandoclusterinfrastructures?watch=**** HTTP/1.1 and responded: HTTP/1.1 200 OK
Jan 17, 2021 3:59:51 PM okhttp3.mockwebserver.MockWebServer$3 processOneRequest
INFO: MockWebServer[46035] received request: GET /apis/entando.org/v1/namespaces/default/entandoapps HTTP/1.1 and responded: HTTP/1.1 200 OK
Jan 17, 2021 3:59:51 PM io.fabric8.kubernetes.client.dsl.internal.WatchHTTPManager$1 onResponse
INFO: Watch terminated unexpectedly. reason: \n not found: limit=46 content=7b2261706956657273696f6e223a227631222c226b696e64223a224c69737422…
Jan 17, 2021 3:59:51 PM okhttp3.mockwebserver.MockWebServer$3 processOneRequest
INFO: MockWebServer[46035] received request: GET /api/v1/namespaces/entando-k8s-controller-coordinator-carcpr65 HTTP/1.1 and responded: HTTP/1.1 404 Client Error
Jan 17, 2021 3:59:51 PM io.fabric8.kubernetes.client.dsl.internal.WatchHTTPManager$1 onFailure
INFO: Watch connection failed. reason: e**cutor rejected
Jan 17, 2021 3:59:51 PM okhttp3.mockwebserver.MockWebServer$3 processOneRequest
INFO: MockWebServer[46035] received request: GET /apis/entando.org/v1/namespaces/default/entandoapps HTTP/1.1 and responded: HTTP/1.1 200 OK
Jan 17, 2021 3:59:51 PM okhttp3.mockwebserver.MockWebServer$3 processOneRequest
INFO: MockWebServer[46035] received request: GET /apis/entando.org/v1/namespaces/entando-k8s-controller-coordinator-carcpr65/entandoapps HTTP/1.1 and responded: HTTP/1.1 200 OK
Jan 17, 2021 3:59:52 PM okhttp3.mockwebserver.MockWebServer$3 processOneRequest
INFO: MockWebServer[46035] received request: GET /apis/entando.org/v1/namespaces/entando-k8s-controller-coordinator-carcpr65/entandoapps?watch=**** HTTP/1.1 and responded: HTTP/1.1 200 OK
Jan 17, 2021 3:59:52 PM okhttp3.mockwebserver.MockWebServer$3 processOneRequest
INFO: MockWebServer[46035] received request: GET /apis/entando.org/v1/namespaces/entando-k8s-controller-coordinator-carcpr65/entandoapps?watch=**** HTTP/1.1 and responded: HTTP/1.1 200 OK
Jan 17, 2021 3:59:52 PM okhttp3.mockwebserver.MockWebServer$3 processOneRequest
INFO: MockWebServer[46035] received request: GET /api/v1/namespaces/entando-k8s-controller-coordinator-carcpr65 HTTP/1.1 and responded: HTTP/1.1 404 Client Error
Jan 17, 2021 3:59:52 PM io.fabric8.kubernetes.client.dsl.internal.WatchHTTPManager$1 onResponse
INFO: Watch terminated unexpectedly. reason: \n not found: limit=46 content=7b2261706956657273696f6e223a227631222c226b696e64223a224c69737422…
Jan 17, 2021 3:59:52 PM okhttp3.mockwebserver.MockWebServer$3 processOneRequest
INFO: MockWebServer[46035] received request: GET /apis/entando.org/v1/namespaces/default/entandoplugins HTTP/1.1 and responded: HTTP/1.1 200 OK
Jan 17, 2021 3:59:52 PM okhttp3.mockwebserver.MockWebServer$3 processOneRequest
INFO: MockWebServer[46035] received request: GET /api/v1/namespaces/entando-k8s-controller-coordinator-carcpr65 HTTP/1.1 and responded: HTTP/1.1 404 Client Error
Jan 17, 2021 3:59:52 PM okhttp3.mockwebserver.MockWebServer$3 processOneRequest
INFO: MockWebServer[46035] received request: GET /apis/entando.org/v1/namespaces/entando-k8s-controller-coordinator-carcpr65/entandokeycloakservers?watch=**** HTTP/1.1 and responded: HTTP/1.1 200 OK
Jan 17, 2021 3:59:52 PM okhttp3.mockwebserver.MockWebServer$3 processOneRequest
INFO: MockWebServer[46035] received request: GET /apis/entando.org/v1/namespaces/default/entandoplugins HTTP/1.1 and responded: HTTP/1.1 200 OK
Jan 17, 2021 3:59:52 PM io.fabric8.kubernetes.client.dsl.internal.WatchHTTPManager$1 onResponse
INFO: Watch terminated unexpectedly. reason: \n not found: limit=46 content=7b2261706956657273696f6e223a227631222c226b696e64223a224c69737422…
Jan 17, 2021 3:59:52 PM okhttp3.mockwebserver.MockWebServer$3 processOneRequest
INFO: MockWebServer[46035] received request: GET /apis/entando.org/v1/namespaces/entando-k8s-controller-coordinator-carcpr65/entandoplugins HTTP/1.1 and responded: HTTP/1.1 200 OK
Jan 17, 2021 3:59:52 PM okhttp3.mockwebserver.MockWebServer$3 processOneRequest
INFO: MockWebServer[46035] received request: GET /apis/entando.org/v1/namespaces/entando-k8s-controller-coordinator-carcpr65/entandoplugins?watch=**** HTTP/1.1 and responded: HTTP/1.1 200 OK
Jan 17, 2021 3:59:52 PM okhttp3.mockwebserver.MockWebServer$3 processOneRequest
INFO: MockWebServer[46035] received request: GET /apis/entando.org/v1/namespaces/entando-k8s-controller-coordinator-carcpr65/entandoplugins?watch=**** HTTP/1.1 and responded: HTTP/1.1 200 OK
Jan 17, 2021 3:59:52 PM okhttp3.mockwebserver.MockWebServer$3 processOneRequest
INFO: MockWebServer[46035] received request: GET /api/v1/namespaces/entando-k8s-controller-coordinator-carcpr65 HTTP/1.1 and responded: HTTP/1.1 404 Client Error
Jan 17, 2021 3:59:52 PM io.fabric8.kubernetes.client.dsl.internal.WatchHTTPManager$1 onResponse
INFO: Watch terminated unexpectedly. reason: \n not found: limit=46 content=7b2261706956657273696f6e223a227631222c226b696e64223a224c69737422…
Jan 17, 2021 3:59:52 PM okhttp3.mockwebserver.MockWebServer$3 processOneRequest
INFO: MockWebServer[46035] received request: GET /apis/entando.org/v1/namespaces/default/entandoapppluginlinks HTTP/1.1 and responded: HTTP/1.1 200 OK
Jan 17, 2021 3:59:52 PM io.fabric8.kubernetes.client.dsl.internal.WatchHTTPManager$1 onFailure
INFO: Watch connection failed. reason: e**cutor rejected
Jan 17, 2021 3:59:52 PM okhttp3.mockwebserver.MockWebServer$3 processOneRequest
INFO: MockWebServer[46035] received request: GET /api/v1/namespaces/entando-k8s-controller-coordinator-carcpr65 HTTP/1.1 and responded: HTTP/1.1 404 Client Error
Jan 17, 2021 3:59:52 PM okhttp3.mockwebserver.MockWebServer$3 processOneRequest
INFO: MockWebServer[46035] received request: GET /apis/entando.org/v1/namespaces/default/entandoapppluginlinks HTTP/1.1 and responded: HTTP/1.1 200 OK
Jan 17, 2021 3:59:52 PM okhttp3.mockwebserver.MockWebServer$3 processOneRequest
INFO: MockWebServer[46035] received request: GET /apis/entando.org/v1/namespaces/entando-k8s-controller-coordinator-carcpr65/entandoclusterinfrastructures?watch=**** HTTP/1.1 and responded: HTTP/1.1 200 OK
Jan 17, 2021 3:59:52 PM okhttp3.mockwebserver.MockWebServer$3 processOneRequest
INFO: MockWebServer[46035] received request: GET /apis/entando.org/v1/namespaces/entando-k8s-controller-coordinator-carcpr65/entandoapppluginlinks HTTP/1.1 and responded: HTTP/1.1 200 OK
Jan 17, 2021 3:59:52 PM io.fabric8.kubernetes.client.dsl.internal.WatchHTTPManager$1 onResponse
INFO: Watch terminated unexpectedly. reason: \n not found: limit=46 content=7b2261706956657273696f6e223a227631222c226b696e64223a224c69737422…
Jan 17, 2021 3:59:52 PM okhttp3.mockwebserver.MockWebServer$3 processOneRequest
INFO: MockWebServer[46035] received request: GET /apis/entando.org/v1/namespaces/entando-k8s-controller-coordinator-carcpr65/entandoapppluginlinks?watch=**** HTTP/1.1 and responded: HTTP/1.1 200 OK
Jan 17, 2021 3:59:52 PM okhttp3.mockwebserver.MockWebServer$3 processOneRequest
INFO: MockWebServer[46035] received request: GET /api/v1/namespaces/entando-k8s-controller-coordinator-carcpr65 HTTP/1.1 and responded: HTTP/1.1 404 Client Error
Jan 17, 2021 3:59:52 PM io.fabric8.kubernetes.client.dsl.internal.WatchHTTPManager$1 onResponse
INFO: Watch terminated unexpectedly. reason: \n not found: limit=46 content=7b2261706956657273696f6e223a227631222c226b696e64223a224c69737422…
Jan 17, 2021 3:59:52 PM okhttp3.mockwebserver.MockWebServer$3 processOneRequest
INFO: MockWebServer[46035] received request: GET /apis/entando.org/v1/namespaces/entando-k8s-controller-coordinator-carcpr65/entandoapppluginlinks?watch=**** HTTP/1.1 and responded: HTTP/1.1 200 OK
Jan 17, 2021 3:59:53 PM okhttp3.mockwebserver.MockWebServer$3 processOneRequest
INFO: MockWebServer[46035] received request: GET /apis/entando.org/v1/namespaces/default/entandocompositeapps HTTP/1.1 and responded: HTTP/1.1 200 OK
Jan 17, 2021 3:59:53 PM okhttp3.mockwebserver.MockWebServer$3 processOneRequest
INFO: MockWebServer[46035] received request: GET /api/v1/namespaces/entando-k8s-controller-coordinator-carcpr65 HTTP/1.1 and responded: HTTP/1.1 404 Client Error
Jan 17, 2021 3:59:53 PM okhttp3.mockwebserver.MockWebServer$3 processOneRequest
INFO: MockWebServer[46035] received request: GET /apis/entando.org/v1/namespaces/default/entandocompositeapps HTTP/1.1 and responded: HTTP/1.1 200 OK
Jan 17, 2021 3:59:53 PM okhttp3.mockwebserver.MockWebServer$3 processOneRequest
INFO: MockWebServer[46035] received request: GET /apis/entando.org/v1/namespaces/entando-k8s-controller-coordinator-carcpr65/entandoapps?watch=**** HTTP/1.1 and responded: HTTP/1.1 200 OK
Jan 17, 2021 3:59:53 PM io.fabric8.kubernetes.client.dsl.internal.WatchHTTPManager$1 onResponse
INFO: Watch terminated unexpectedly. reason: \n not found: limit=46 content=7b2261706956657273696f6e223a227631222c226b696e64223a224c69737422…
Jan 17, 2021 3:59:53 PM okhttp3.mockwebserver.MockWebServer$3 processOneRequest
INFO: MockWebServer[46035] received request: GET /apis/entando.org/v1/namespaces/entando-k8s-controller-coordinator-carcpr65/entandocompositeapps HTTP/1.1 and responded: HTTP/1.1 200 OK
Jan 17, 2021 3:59:53 PM io.fabric8.kubernetes.client.dsl.internal.WatchHTTPManager$1 onFailure
INFO: Watch connection failed. reason: e**cutor rejected
Jan 17, 2021 3:59:53 PM io.fabric8.kubernetes.client.dsl.internal.WatchHTTPManager$1 onFailure
INFO: Watch connection failed. reason: e**cutor rejected
Jan 17, 2021 3:59:53 PM okhttp3.mockwebserver.MockWebServer$3 processOneRequest
INFO: MockWebServer[46035] received request: GET /apis/entando.org/v1/namespaces/entando-k8s-controller-coordinator-carcpr65/entandocompositeapps?watch=**** HTTP/1.1 and responded: HTTP/1.1 200 OK
Jan 17, 2021 3:59:53 PM okhttp3.mockwebserver.MockWebServer$3 processOneRequest
INFO: MockWebServer[46035] received request: GET /apis/entando.org/v1/namespaces/entando-k8s-controller-coordinator-carcpr65/entandocompositeapps?watch=**** HTTP/1.1 and responded: HTTP/1.1 200 OK
Jan 17, 2021 3:59:53 PM okhttp3.mockwebserver.MockWebServer$3 processOneRequest
INFO: MockWebServer[46035] received request: GET /api/v1/namespaces/entando-k8s-controller-coordinator-carcpr65 HTTP/1.1 and responded: HTTP/1.1 404 Client Error
Jan 17, 2021 3:59:53 PM io.fabric8.kubernetes.client.dsl.internal.WatchHTTPManager$1 onResponse
INFO: Watch terminated unexpectedly. reason: \n not found: limit=46 content=7b2261706956657273696f6e223a227631222c226b696e64223a224c69737422…
Jan 17, 2021 3:59:53 PM okhttp3.mockwebserver.MockWebServer$3 processOneRequest
INFO: MockWebServer[46035] received request: GET /apis/entando.org/v1/namespaces/default/entandodatabaseservices HTTP/1.1 and responded: HTTP/1.1 200 OK
Jan 17, 2021 3:59:53 PM okhttp3.mockwebserver.MockWebServer$3 processOneRequest
INFO: MockWebServer[46035] received request: GET /api/v1/namespaces/entando-k8s-controller-coordinator-carcpr65 HTTP/1.1 and responded: HTTP/1.1 404 Client Error
Jan 17, 2021 3:59:53 PM okhttp3.mockwebserver.MockWebServer$3 processOneRequest
INFO: MockWebServer[46035] received request: GET /apis/entando.org/v1/namespaces/entando-k8s-controller-coordinator-carcpr65/entandoplugins?watch=**** HTTP/1.1 and responded: HTTP/1.1 200 OK
Jan 17, 2021 3:59:53 PM io.fabric8.kubernetes.client.dsl.internal.WatchHTTPManager$1 onResponse
INFO: Watch terminated unexpectedly. reason: \n not found: limit=46 content=7b2261706956657273696f6e223a227631222c226b696e64223a224c69737422…
Jan 17, 2021 3:59:53 PM okhttp3.mockwebserver.MockWebServer$3 processOneRequest
INFO: MockWebServer[46035] received request: GET /apis/entando.org/v1/namespaces/default/entandodatabaseservices HTTP/1.1 and responded: HTTP/1.1 200 OK
Jan 17, 2021 3:59:53 PM io.fabric8.kubernetes.client.dsl.internal.WatchHTTPManager$1 onFailure
INFO: Watch connection failed. reason: e**cutor rejected
Jan 17, 2021 3:59:53 PM okhttp3.mockwebserver.MockWebServer$3 processOneRequest
INFO: MockWebServer[46035] received request: GET /apis/entando.org/v1/namespaces/entando-k8s-controller-coordinator-carcpr65/entandodatabaseservices HTTP/1.1 and responded: HTTP/1.1 200 OK
Jan 17, 2021 3:59:53 PM okhttp3.mockwebserver.MockWebServer$3 processOneRequest
INFO: MockWebServer[46035] received request: GET /apis/entando.org/v1/namespaces/entando-k8s-controller-coordinator-carcpr65/entandodatabaseservices?watch=**** HTTP/1.1 and responded: HTTP/1.1 200 OK
Jan 17, 2021 3:59:53 PM okhttp3.mockwebserver.MockWebServer$3 processOneRequest
INFO: MockWebServer[46035] received request: GET /apis/entando.org/v1/namespaces/entando-k8s-controller-coordinator-carcpr65/entandodatabaseservices?watch=**** HTTP/1.1 and responded: HTTP/1.1 200 OK
Jan 17, 2021 3:59:53 PM okhttp3.mockwebserver.MockWebServer$3 processOneRequest
INFO: MockWebServer[46035] received request: GET /api/v1/namespaces/entando-k8s-controller-coordinator-carcpr65 HTTP/1.1 and responded: HTTP/1.1 404 Client Error
Jan 17, 2021 3:59:53 PM io.fabric8.kubernetes.client.dsl.internal.WatchHTTPManager$1 onResponse
INFO: Watch terminated unexpectedly. reason: \n not found: limit=46 content=7b2261706956657273696f6e223a227631222c226b696e64223a224c69737422…
Jan 17, 2021 3:59:53 PM okhttp3.mockwebserver.MockWebServer$3 processOneRequest
INFO: MockWebServer[46035] received request: POST /api/v1/namespaces HTTP/1.1 and responded: HTTP/1.1 202 OK
Jan 17, 2021 3:59:53 PM okhttp3.mockwebserver.MockWebServer$3 processOneRequest
INFO: MockWebServer[46035] received request: GET /apis/entando.org/v1/namespaces/entando-k8s-controller-coordinator-carcpr65/entandoapppluginlinks?watch=**** HTTP/1.1 and responded: HTTP/1.1 200 OK
Jan 17, 2021 3:59:53 PM io.fabric8.kubernetes.client.dsl.internal.WatchHTTPManager$1 onResponse
INFO: Watch terminated unexpectedly. reason: \n not found: limit=46 content=7b2261706956657273696f6e223a227631222c226b696e64223a224c69737422…
Jan 17, 2021 3:59:54 PM okhttp3.mockwebserver.MockWebServer$3 processOneRequest
INFO: MockWebServer[46035] received request: GET /api/v1/namespaces/entando-k8s-controller-coordinator-carcpr65 HTTP/1.1 and responded: HTTP/1.1 200 OK
Jan 17, 2021 3:59:54 PM okhttp3.mockwebserver.MockWebServer$3 processOneRequest
INFO: MockWebServer[46035] received request: GET /apis/entando.org/v1/namespaces/entando-k8s-controller-coordinator-carcpr65/entandokeycloakservers HTTP/1.1 and responded: HTTP/1.1 200 OK
Jan 17, 2021 3:59:54 PM io.fabric8.kubernetes.client.dsl.internal.WatchHTTPManager$1 onFailure
INFO: Watch connection failed. reason: e**cutor rejected
Jan 17, 2021 3:59:54 PM io.fabric8.kubernetes.client.dsl.internal.WatchHTTPManager$1 onFailure
INFO: Watch connection failed. reason: e**cutor rejected
Jan 17, 2021 3:59:54 PM okhttp3.mockwebserver.MockWebServer$3 processOneRequest
INFO: MockWebServer[46035] received request: GET /api/v1/namespaces/entando-k8s-controller-coordinator-carcpr65 HTTP/1.1 and responded: HTTP/1.1 200 OK
Jan 17, 2021 3:59:54 PM okhttp3.mockwebserver.MockWebServer$3 processOneRequest
INFO: MockWebServer[46035] received request: GET /apis/entando.org/v1/namespaces/entando-k8s-controller-coordinator-carcpr65/entandokeycloakservers HTTP/1.1 and responded: HTTP/1.1 200 OK
Jan 17, 2021 3:59:54 PM okhttp3.mockwebserver.MockWebServer$3 processOneRequest
INFO: MockWebServer[46035] received request: POST /apis/entando.org/v1/namespaces/entando-k8s-controller-coordinator-carcpr65/entandokeycloakservers HTTP/1.1 and responded: HTTP/1.1 202 OK
Jan 17, 2021 3:59:54 PM okhttp3.mockwebserver.MockWebServer$3 processOneRequest
INFO: MockWebServer[46035] received request: GET /apis/entando.org/v1/namespaces/entando-k8s-controller-coordinator-carcpr65/entandokeycloakservers?watch=**** HTTP/1.1 and responded: HTTP/1.1 200 OK
Jan 17, 2021 3:59:54 PM io.fabric8.kubernetes.client.dsl.internal.WatchHTTPManager$1 onResponse
INFO: Watch terminated unexpectedly. reason: \n not found: limit=282 content=7b2261706956657273696f6e223a227631222c226b696e64223a224c69737422…
Jan 17, 2021 3:59:54 PM org.entando.kubernetes.controller.coordinator.EntandoResourceObserver logAction
INFO: Received ADDED for resource EntandoKeycloakServer entando-k8s-controller-coordinator-carcpr65/test-keycloak
Jan 17, 2021 3:59:54 PM okhttp3.mockwebserver.MockWebServer$3 processOneRequest
INFO: MockWebServer[46035] received request: GET /api/v1/namespaces/entando/configmaps/entando-docker-image-info-v6.3 HTTP/1.1 and responded: HTTP/1.1 404 Client Error
Jan 17, 2021 3:59:54 PM okhttp3.mockwebserver.MockWebServer$3 processOneRequest
INFO: MockWebServer[46035] received request: GET /apis/entando.org/v1/namespaces/entando-k8s-controller-coordinator-carcpr65/entandocompositeapps?watch=**** HTTP/1.1 and responded: HTTP/1.1 200 OK
Jan 17, 2021 3:59:54 PM io.fabric8.kubernetes.client.dsl.internal.WatchHTTPManager$1 onResponse
INFO: Watch terminated unexpectedly. reason: \n not found: limit=46 content=7b2261706956657273696f6e223a227631222c226b696e64223a224c69737422…
Jan 17, 2021 3:59:54 PM okhttp3.mockwebserver.MockWebServer$3 processOneRequest
INFO: MockWebServer[46035] received request: GET /api/v1/namespaces/entando-k8s-controller-coordinator-carcpr65/pods?labelSelector=EntandoResourceNamespace%3Dentando-k8s-controller-coordinator-carcpr65%2CEntandoResourceKind%3DEntandoKeycloakServer%2CEntandoKeycloakServer%3Dtest-keycloak HTTP/1.1 and responded: HTTP/1.1 200 OK
Jan 17, 2021 3:59:54 PM okhttp3.mockwebserver.MockWebServer$3 processOneRequest
INFO: MockWebServer[46035] received request: GET /api/v1/namespaces/entando-k8s-controller-coordinator-carcpr65/pods?labelSelector=EntandoResourceKind%3DEntandoKeycloakServer HTTP/1.1 and responded: HTTP/1.1 200 OK
Jan 17, 2021 3:59:54 PM io.fabric8.kubernetes.client.dsl.internal.WatchHTTPManager$1 onFailure
INFO: Watch connection failed. reason: e**cutor rejected
Jan 17, 2021 3:59:54 PM okhttp3.mockwebserver.MockWebServer$3 processOneRequest
INFO: MockWebServer[46035] received request: GET /api/v1/namespaces/entando-k8s-controller-coordinator-carcpr65/pods?labelSelector=EntandoResourceNamespace%3Dentando-k8s-controller-coordinator-carcpr65%2CEntandoResourceKind%3DEntandoKeycloakServer%2CEntandoKeycloakServer%3Dtest-keycloak&watch=**** HTTP/1.1 and responded: HTTP/1.1 200 OK
Jan 17, 2021 3:59:54 PM okhttp3.mockwebserver.MockWebServer$3 processOneRequest
INFO: MockWebServer[46035] received request: GET /api/v1/namespaces/entando-k8s-controller-coordinator-carcpr65/pods?labelSelector=EntandoResourceNamespace%3Dentando-k8s-controller-coordinator-carcpr65%2CEntandoResourceKind%3DEntandoKeycloakServer%2CEntandoKeycloakServer%3Dtest-keycloak&watch=**** HTTP/1.1 and responded: HTTP/1.1 200 OK
Jan 17, 2021 3:59:54 PM okhttp3.mockwebserver.MockWebServer$3 processOneRequest
INFO: MockWebServer[46035] received request: GET /api/v1/namespaces/entando-k8s-controller-coordinator-carcpr65/pods?labelSelector=EntandoResourceNamespace%3Dentando-k8s-controller-coordinator-carcpr65%2CEntandoResourceKind%3DEntandoKeycloakServer%2CEntandoKeycloakServer%3Dtest-keycloak HTTP/1.1 and responded: HTTP/1.1 200 OK
Jan 17, 2021 3:59:54 PM okhttp3.mockwebserver.MockWebServer$3 processOneRequest
INFO: MockWebServer[46035] received request: GET /api/v1/namespaces/entando-k8s-controller-coordinator-carcpr65/pods?labelSelector=EntandoResourceKind%3DEntandoKeycloakServer HTTP/1.1 and responded: HTTP/1.1 200 OK
Jan 17, 2021 3:59:54 PM io.fabric8.kubernetes.client.dsl.internal.WatchHTTPManager$1 onResponse
INFO: Watch terminated unexpectedly. reason: \n not found: limit=46 content=7b2261706956657273696f6e223a227631222c226b696e64223a224c69737422…
Jan 17, 2021 3:59:54 PM okhttp3.mockwebserver.MockWebServer$3 processOneRequest
INFO: MockWebServer[46035] received request: GET /api/v1/namespaces/entando-k8s-controller-coordinator-carcpr65/pods?labelSelector=EntandoResourceNamespace%3Dentando-k8s-controller-coordinator-carcpr65%2CEntandoResourceKind%3DEntandoKeycloakServer%2CEntandoKeycloakServer%3Dtest-keycloak HTTP/1.1 and responded: HTTP/1.1 200 OK
Jan 17, 2021 3:59:54 PM io.fabric8.kubernetes.client.dsl.internal.WatchHTTPManager$1 onFailure
INFO: Watch connection failed. reason: e**cutor rejected
Jan 17, 2021 3:59:54 PM okhttp3.mockwebserver.MockWebServer$3 processOneRequest
INFO: MockWebServer[46035] received request: GET /api/v1/namespaces/entando-k8s-controller-coordinator-carcpr65/pods?labelSelector=EntandoResourceKind%3DEntandoKeycloakServer HTTP/1.1 and responded: HTTP/1.1 200 OK
Jan 17, 2021 3:59:54 PM okhttp3.mockwebserver.MockWebServer$3 processOneRequest
INFO: MockWebServer[46035] received request: GET /apis/entando.org/v1/namespaces/entando-k8s-controller-coordinator-carcpr65/entandoclusterinfrastructures?watch=**** HTTP/1.1 and responded: HTTP/1.1 200 OK
Jan 17, 2021 3:59:54 PM io.fabric8.kubernetes.client.dsl.internal.WatchHTTPManager$1 onResponse
INFO: Watch terminated unexpectedly. reason: \n not found: limit=46 content=7b2261706956657273696f6e223a227631222c226b696e64223a224c69737422…
Jan 17, 2021 3:59:54 PM io.fabric8.kubernetes.client.dsl.internal.WatchHTTPManager$1 onFailure
INFO: Watch connection failed. reason: e**cutor rejected
Jan 17, 2021 3:59:55 PM okhttp3.mockwebserver.MockWebServer$3 processOneRequest
INFO: MockWebServer[46035] received request: GET /apis/entando.org/v1/namespaces/entando-k8s-controller-coordinator-carcpr65/entandodatabaseservices?watch=**** HTTP/1.1 and responded: HTTP/1.1 200 OK
Jan 17, 2021 3:59:55 PM io.fabric8.kubernetes.client.dsl.internal.WatchHTTPManager$1 onResponse
INFO: Watch terminated unexpectedly. reason: \n not found: limit=46 content=7b2261706956657273696f6e223a227631222c226b696e64223a224c69737422…
Jan 17, 2021 3:59:55 PM okhttp3.mockwebserver.MockWebServer$3 processOneRequest
INFO: MockWebServer[46035] received request: GET /api/v1/namespaces/entando-k8s-controller-coordinator-carcpr65/pods?labelSelector=EntandoResourceKind%3DEntandoKeycloakServer HTTP/1.1 and responded: HTTP/1.1 200 OK
Jan 17, 2021 3:59:55 PM okhttp3.mockwebserver.MockWebServer$3 processOneRequest
INFO: MockWebServer[46035] received request: GET /api/v1/namespaces/entando-k8s-controller-coordinator-carcpr65/pods?labelSelector=EntandoResourceKind%3DEntandoKeycloakServer HTTP/1.1 and responded: HTTP/1.1 200 OK
Jan 17, 2021 3:59:55 PM io.fabric8.kubernetes.client.dsl.internal.WatchHTTPManager$1 onResponse
INFO: Watch terminated unexpectedly. reason: \n not found: limit=46 content=7b2261706956657273696f6e223a227631222c226b696e64223a224c69737422…
Jan 17, 2021 3:59:55 PM okhttp3.mockwebserver.MockWebServer$3 processOneRequest
INFO: MockWebServer[46035] received request: GET /apis/entando.org/v1/namespaces/entando-k8s-controller-coordinator-carcpr65/entandoapps?watch=**** HTTP/1.1 and responded: HTTP/1.1 200 OK
Jan 17, 2021 3:59:55 PM okhttp3.mockwebserver.MockWebServer$3 processOneRequest
INFO: MockWebServer[46035] received request: GET /api/v1/namespaces/entando-k8s-controller-coordinator-carcpr65/pods?labelSelector=EntandoResourceKind%3DEntandoKeycloakServer HTTP/1.1 and responded: HTTP/1.1 200 OK
Jan 17, 2021 3:59:55 PM io.fabric8.kubernetes.client.dsl.internal.WatchHTTPManager$1 onFailure
INFO: Watch connection failed. reason: e**cutor rejected
Jan 17, 2021 3:59:55 PM okhttp3.mockwebserver.MockWebServer$3 processOneRequest
INFO: MockWebServer[46035] received request: GET /api/v1/namespaces/entando-k8s-controller-coordinator-carcpr65/pods?labelSelector=EntandoResourceKind%3DEntandoKeycloakServer HTTP/1.1 and responded: HTTP/1.1 200 OK
Jan 17, 2021 3:59:55 PM io.fabric8.kubernetes.client.dsl.internal.WatchHTTPManager$1 onFailure
INFO: Watch connection failed. reason: e**cutor rejected
Jan 17, 2021 3:59:55 PM okhttp3.mockwebserver.MockWebServer$3 processOneRequest
INFO: MockWebServer[46035] received request: GET /api/v1/namespaces/entando-k8s-controller-coordinator-carcpr65/pods?labelSelector=EntandoResourceKind%3DEntandoKeycloakServer HTTP/1.1 and responded: HTTP/1.1 200 OK
Jan 17, 2021 3:59:55 PM okhttp3.mockwebserver.MockWebServer$3 processOneRequest
INFO: MockWebServer[46035] received request: GET /apis/entando.org/v1/namespaces/entando-k8s-controller-coordinator-carcpr65/entandoplugins?watch=**** HTTP/1.1 and responded: HTTP/1.1 200 OK
Jan 17, 2021 3:59:55 PM io.fabric8.kubernetes.client.dsl.internal.WatchHTTPManager$1 onResponse
INFO: Watch terminated unexpectedly. reason: \n not found: limit=46 content=7b2261706956657273696f6e223a227631222c226b696e64223a224c69737422…
Jan 17, 2021 3:59:55 PM okhttp3.mockwebserver.MockWebServer$3 processOneRequest
INFO: MockWebServer[46035] received request: GET /api/v1/namespaces/entando-k8s-controller-coordinator-carcpr65/pods?labelSelector=EntandoResourceKind%3DEntandoKeycloakServer HTTP/1.1 and responded: HTTP/1.1 200 OK
Jan 17, 2021 3:59:55 PM okhttp3.mockwebserver.MockWebServer$3 processOneRequest
INFO: MockWebServer[46035] received request: GET /api/v1/namespaces/entando-k8s-controller-coordinator-carcpr65/pods?labelSelector=EntandoResourceNamespace%3Dentando-k8s-controller-coordinator-carcpr65%2CEntandoResourceKind%3DEntandoKeycloakServer%2CEntandoKeycloakServer%3Dtest-keycloak&watch=**** HTTP/1.1 and responded: HTTP/1.1 200 OK
Jan 17, 2021 3:59:55 PM io.fabric8.kubernetes.client.dsl.internal.WatchHTTPManager$1 onResponse
INFO: Watch terminated unexpectedly. reason: \n not found: limit=46 content=7b2261706956657273696f6e223a227631222c226b696e64223a224c69737422…
Jan 17, 2021 3:59:55 PM io.fabric8.kubernetes.client.dsl.internal.WatchHTTPManager scheduleReconnect
WARN: Ignoring error for already closed/closing connection
Jan 17, 2021 3:59:55 PM io.fabric8.kubernetes.client.dsl.internal.WatchHTTPManager$1 onFailure
INFO: Watch connection failed. reason: e**cutor rejected
Jan 17, 2021 3:59:55 PM okhttp3.mockwebserver.MockWebServer$3 processOneRequest
INFO: MockWebServer[46035] received request: GET /api/v1/namespaces/entando-k8s-controller-coordinator-carcpr65/secrets/test-keycloak-controller-ca-cert-secret HTTP/1.1 and responded: HTTP/1.1 404 Client Error
Jan 17, 2021 3:59:55 PM okhttp3.mockwebserver.MockWebServer$3 processOneRequest
INFO: MockWebServer[46035] received request: POST /api/v1/namespaces/entando-k8s-controller-coordinator-carcpr65/secrets HTTP/1.1 and responded: HTTP/1.1 202 OK
Jan 17, 2021 3:59:55 PM okhttp3.mockwebserver.MockWebServer$3 processOneRequest
INFO: MockWebServer[46035] received request: GET /api/v1/namespaces/entando-k8s-controller-coordinator-carcpr65/pods?labelSelector=EntandoResourceKind%3DEntandoKeycloakServer HTTP/1.1 and responded: HTTP/1.1 200 OK
Jan 17, 2021 3:59:55 PM okhttp3.mockwebserver.MockWebServer$3 processOneRequest
INFO: MockWebServer[46035] received request: POST /api/v1/namespaces/entando-k8s-controller-coordinator-carcpr65/pods HTTP/1.1 and responded: HTTP/1.1 202 OK
Jan 17, 2021 3:59:56 PM okhttp3.mockwebserver.MockWebServer$3 processOneRequest
INFO: MockWebServer[46035] received request: GET /apis/entando.org/v1/namespaces/entando-k8s-controller-coordinator-carcpr65/entandoapppluginlinks?watch=**** HTTP/1.1 and responded: HTTP/1.1 200 OK
Jan 17, 2021 3:59:56 PM io.fabric8.kubernetes.client.dsl.internal.WatchHTTPManager$1 onResponse
INFO: Watch terminated unexpectedly. reason: \n not found: limit=46 content=7b2261706956657273696f6e223a227631222c226b696e64223a224c69737422…
Jan 17, 2021 3:59:56 PM okhttp3.mockwebserver.MockWebServer$3 processOneRequest
INFO: MockWebServer[46035] received request: GET /api/v1/namespaces/entando-k8s-controller-coordinator-carcpr65/pods?labelSelector=EntandoResourceKind%3DEntandoKeycloakServer HTTP/1.1 and responded: HTTP/1.1 200 OK
Jan 17, 2021 3:59:56 PM io.fabric8.kubernetes.client.dsl.internal.WatchHTTPManager$1 onFailure
INFO: Watch connection failed. reason: e**cutor rejected
Jan 17, 2021 3:59:56 PM okhttp3.mockwebserver.MockWebServer$3 processOneRequest
INFO: MockWebServer[46035] received request: GET /api/v1/namespaces/entando-k8s-controller-coordinator-carcpr65/pods?labelSelector=EntandoResourceKind%3DEntandoKeycloakServer HTTP/1.1 and responded: HTTP/1.1 200 OK
Jan 17, 2021 3:59:56 PM okhttp3.mockwebserver.MockWebServer$2 acceptConnections
INFO: MockWebServer[46035] done accepting connections: Socket closed
[INFO] Tests run: 1, Failures: 0, Errors: 0, Skipped: 0, Time elapsed: 5.573 s - in org.entando.kubernetes.controller.coordinator.inprocesstests.ControllerCoordinatorMockedTest
[INFO] 
[INFO] Results:
[INFO] 
[INFO] Tests run: 11, Failures: 0, Errors: 0, Skipped: 0
[INFO] 
[INFO] 
[INFO] --- maven-jar-plugin:3.2.0:jar (default-jar) @ entando-k8s-controller-coordinator ---
[INFO] Building jar: /workspace/source/target/entando-k8s-controller-coordinator-0.0.0-SNAPSHOT-PR-65-6.jar
[INFO] 
[INFO] --- maven-jar-plugin:3.2.0:test-jar (build-test-jar) @ entando-k8s-controller-coordinator ---
[INFO] Building jar: /workspace/source/target/entando-k8s-controller-coordinator-0.0.0-SNAPSHOT-PR-65-6-tests.jar
[INFO] 
[INFO] --- maven-javadoc-plugin:3.2.0:jar (attach-javadocs) @ entando-k8s-controller-coordinator ---
[INFO] No previous run data found, generating javadoc.
[INFO] 
Loading source files for package org.entando.kubernetes.controller.coordinator...
Constructing Javadoc information...
Standard Doclet version 11.0.6
Building tree for all the packages and classes...
Generating /workspace/source/target/apidocs/org/entando/kubernetes/controller/coordinator/EntandoControllerCoordinator.html...
Generating /workspace/source/target/apidocs/org/entando/kubernetes/controller/coordinator/EntandoDeploymentPhaseWatcher.html...
Generating /workspace/source/target/apidocs/org/entando/kubernetes/controller/coordinator/EntandoOperatorMatcher.html...
Generating /workspace/source/target/apidocs/org/entando/kubernetes/controller/coordinator/EntandoResourceObserver.html...
Generating /workspace/source/target/apidocs/org/entando/kubernetes/controller/coordinator/package-summary.html...
Generating /workspace/source/target/apidocs/org/entando/kubernetes/controller/coordinator/package-tree.html...
Generating /workspace/source/target/apidocs/constant-values.html...
Generating /workspace/source/target/apidocs/org/entando/kubernetes/controller/coordinator/class-use/EntandoControllerCoordinator.html...
Generating /workspace/source/target/apidocs/org/entando/kubernetes/controller/coordinator/class-use/EntandoOperatorMatcher.html...
Generating /workspace/source/target/apidocs/org/entando/kubernetes/controller/coordinator/class-use/EntandoResourceObserver.html...
Generating /workspace/source/target/apidocs/org/entando/kubernetes/controller/coordinator/class-use/EntandoDeploymentPhaseWatcher.html...
Generating /workspace/source/target/apidocs/org/entando/kubernetes/controller/coordinator/package-use.html...
Building index for all the packages and classes...
Generating /workspace/source/target/apidocs/overview-tree.html...
Generating /workspace/source/target/apidocs/index-all.html...
Building index for all classes...
Generating /workspace/source/target/apidocs/allclasses-index.html...
Generating /workspace/source/target/apidocs/allpackages-index.html...
Generating /workspace/source/target/apidocs/deprecated-list.html...
Building index for all classes...
Generating /workspace/source/target/apidocs/allclasses.html...
Generating /workspace/source/target/apidocs/allclasses.html...
Generating /workspace/source/target/apidocs/index.html...
Generating /workspace/source/target/apidocs/help-doc.html...
[INFO] Building jar: /workspace/source/target/entando-k8s-controller-coordinator-0.0.0-SNAPSHOT-PR-65-6-javadoc.jar
[INFO] 
[INFO] --- quarkus-maven-plugin:1.2.0.Final:build (default) @ entando-k8s-controller-coordinator ---
[WARNING] [io.quarkus.creator.curator.Curator] These dependencies are not recommended:
	- javax.servlet:javax.servlet-api should be replaced by jakarta.servlet:jakarta.servlet-api
You might end up with two different versions of the same classes or with an artifact you shouldn't have in your classpath.
[INFO] [org.jboss.threads] JBoss Threads version 3.0.0.Final
[WARNING] [io.quarkus.kubernetes.client.deployment.KubernetesClientProcessor] Watcher 'org.entando.kubernetes.controller.coordinator.EntandoResourceObserver' will most likely not work correctly in native mode. Consider specifying the generic type of 'io.fabric8.kubernetes.client.Watcher' that this class handles. See https://quarkus.io/guides/kubernetes-client#note-on-implementing-the-watcher-interface for more details
[WARNING] [io.quarkus.kubernetes.client.deployment.KubernetesClientProcessor] Watcher 'org.entando.kubernetes.controller.coordinator.EntandoDeploymentPhaseWatcher' will most likely not work correctly in native mode. Consider specifying the generic type of 'io.fabric8.kubernetes.client.Watcher' that this class handles. See https://quarkus.io/guides/kubernetes-client#note-on-implementing-the-watcher-interface for more details
[INFO] [io.quarkus.deployment.pkg.steps.JarResultBuildStep] Building thin jar: /workspace/source/target/entando-k8s-controller-coordinator-0.0.0-SNAPSHOT-PR-65-6-runner.jar
[INFO] [io.quarkus.deployment.QuarkusAugmentor] Quarkus augmentation completed in 1687ms
[INFO] 
[INFO] --- maven-surefire-report-plugin:3.0.0-M4:failsafe-report-only (integration-tests) @ entando-k8s-controller-coordinator ---
[INFO] 
[INFO] --- dependency-check-maven:6.0.3:aggregate (default) @ entando-k8s-controller-coordinator ---
[INFO] Checking for updates
[INFO] Skipping NVD check since last check was within 4 hours.
[INFO] Check for updates complete (68 ms)
[INFO] 

Dependency-Check is an open source tool performing a best effort analysis of 3rd party dependencies; false positives and false negatives may exist in the analysis performed by the tool. Use of the tool and the reporting provided constitutes acceptance for use in an AS IS condition, and there are NO warranties, implied or otherwise, with regard to the analysis or its use. Any use of the tool and the reporting provided is at the user’s risk. In no event shall the copyright holder or OWASP be held liable for any damages whatsoever arising out of or in connection with the use of this tool, the analysis performed, or the resulting report.


[INFO] Analysis Started
[INFO] Finished Archive Analyzer (0 seconds)
[INFO] Finished File Name Analyzer (0 seconds)
[INFO] Finished Jar Analyzer (0 seconds)
[INFO] Finished Dependency Merging Analyzer (0 seconds)
[INFO] Finished Version Filter Analyzer (0 seconds)
[INFO] Finished Hint Analyzer (0 seconds)
[INFO] Created CPE Index (2 seconds)
[INFO] Finished CPE Analyzer (3 seconds)
[INFO] Finished False Positive Analyzer (0 seconds)
[INFO] Finished NVD CVE Analyzer (0 seconds)
[INFO] Finished Sonatype OSS Index Analyzer (1 seconds)
[INFO] Finished Vulnerability Suppression Analyzer (0 seconds)
[INFO] Finished Dependency Bundling Analyzer (0 seconds)
[INFO] Analysis Complete (8 seconds)
[INFO] 
[INFO] --- jacoco-maven-plugin:0.8.5:report (report) @ entando-k8s-controller-coordinator ---
[INFO] Loading e**cution data file /workspace/source/target/jacoco.e**c
[INFO] Analyzed bundle 'Entando K8S Controller Coordinator' with 4 classes
[INFO] 
[INFO] --- maven-surefire-report-plugin:3.0.0-M4:report-only (unit-tests) @ entando-k8s-controller-coordinator ---
[WARNING] Unable to locate Test Source XRef to link to - DISABLED
[INFO] 
[INFO] --- maven-install-plugin:2.4:install (default-install) @ entando-k8s-controller-coordinator ---
[INFO] Installing /workspace/source/target/entando-k8s-controller-coordinator-0.0.0-SNAPSHOT-PR-65-6.jar to /home/jenkins/.mvnrepository/org/entando/entando-k8s-controller-coordinator/0.0.0-SNAPSHOT-PR-65-6/entando-k8s-controller-coordinator-0.0.0-SNAPSHOT-PR-65-6.jar
[INFO] Installing /workspace/source/pom.xml to /home/jenkins/.mvnrepository/org/entando/entando-k8s-controller-coordinator/0.0.0-SNAPSHOT-PR-65-6/entando-k8s-controller-coordinator-0.0.0-SNAPSHOT-PR-65-6.pom
[INFO] Installing /workspace/source/target/entando-k8s-controller-coordinator-0.0.0-SNAPSHOT-PR-65-6-tests.jar to /home/jenkins/.mvnrepository/org/entando/entando-k8s-controller-coordinator/0.0.0-SNAPSHOT-PR-65-6/entando-k8s-controller-coordinator-0.0.0-SNAPSHOT-PR-65-6-tests.jar
[INFO] Installing /workspace/source/target/entando-k8s-controller-coordinator-0.0.0-SNAPSHOT-PR-65-6-javadoc.jar to /home/jenkins/.mvnrepository/org/entando/entando-k8s-controller-coordinator/0.0.0-SNAPSHOT-PR-65-6/entando-k8s-controller-coordinator-0.0.0-SNAPSHOT-PR-65-6-javadoc.jar
[INFO] 
[INFO] --- maven-deploy-plugin:2.8.2:deploy (default-deploy) @ entando-k8s-controller-coordinator ---
[INFO] Using alternate deployment repository local-nexus::default::http://nexus/repository/maven-releases/
[INFO] 
[INFO] -----------< org.entando:entando-k8s-controller-coordinator >-----------
[INFO] Building Entando K8S Controller Coordinator 0.0.0-SNAPSHOT-PR-65-6
[INFO] --------------------------------[ jar ]---------------------------------
[INFO] 
[INFO] --- sonar-maven-plugin:3.8.0.2131:sonar (default-cli) @ entando-k8s-controller-coordinator ---
[INFO] User cache: /****/.sonar/cache
[INFO] SonarQube version: 8.5.0
[INFO] Default locale: "en_US", source code encoding: "UTF-8"
[INFO] Load global settings
[INFO] Load global settings (done) | time=222ms
[INFO] Server id: 1BD809FA-AWHW8ct9-T_TB3XqouNu
[INFO] User cache: /****/.sonar/cache
[INFO] Load/download plugins
[INFO] Load plugins index
[INFO] Load plugins index (done) | time=95ms
[INFO] Load/download plugins (done) | time=20894ms
[INFO] Loaded core extensions: developer-scanner
[INFO] JavaScript/TypeScript frontend is enabled
[INFO] Load project settings for component key: 'entando-k8s_entando-k8s-controller-coordinator'
[INFO] Load project settings for component key: 'entando-k8s_entando-k8s-controller-coordinator' (done) | time=37ms
[INFO] Process project properties
[INFO] E**cute project builders
[INFO] E**cute project builders (done) | time=1ms
[INFO] Project key: entando-k8s_entando-k8s-controller-coordinator
[INFO] Base dir: /workspace/source
[INFO] Working dir: /workspace/source/target/sonar
[INFO] Load project branches
[INFO] Load project branches (done) | time=33ms
[INFO] Check ALM binding of project 'entando-k8s_entando-k8s-controller-coordinator'
[INFO] Detected project binding: BOUND
[INFO] Check ALM binding of project 'entando-k8s_entando-k8s-controller-coordinator' (done) | time=19ms
[INFO] Load project pull requests
[INFO] Load project pull requests (done) | time=34ms
[INFO] Load branch configuration
[INFO] Load branch configuration (done) | time=467ms
[INFO] Load quality profiles
[INFO] Load quality profiles (done) | time=79ms
[INFO] Load active rules
[INFO] Load active rules (done) | time=1239ms
[INFO] Organization key: entando-k8s
[INFO] Pull request 65 for merge into master from ENG-1737_redhat_certification
[INFO] SCM collecting changed files in the branch
[WARNING] Exception caught during e**cution of command '[/usr/local/git/bin/git, config, --******, --edit]' in '/usr/local/git/bin', return code '128', error message 'fatal: Invalid path '/usr/local/git/etc': No such file or directory
'
[INFO] SCM collecting changed files in the branch (done) | time=389ms
[INFO] Indexing files...
[INFO] Project configuration:
[INFO] 11 files inde**d
[INFO] 0 files ignored because of scm ignore settings
[INFO] Quality profile for java: Sonar way
[INFO] Quality profile for xml: Sonar way
[INFO] ------------- Run sensors on module Entando K8S Controller Coordinator
[INFO] JavaScript/TypeScript frontend is enabled
[INFO] Load metrics repository
[INFO] Load metrics repository (done) | time=29ms
[INFO] Sensor JavaSquidSensor [java]
[INFO] Configured Java source version (sonar.java.source): 8
[INFO] JavaClasspath initialization
[INFO] JavaClasspath initialization (done) | time=19ms
[INFO] JavaTestClasspath initialization
[INFO] JavaTestClasspath initialization (done) | time=1ms
[INFO] Java Main Files AST scan
[INFO] 4 source files to be analyzed
[INFO] Java Main Files AST scan (done) | time=3586ms
[INFO] 4/4 source files have been analyzed
[INFO] Java Test Files AST scan
[INFO] 6 source files to be analyzed
[INFO] Java Test Files AST scan (done) | time=862ms
[INFO] Java Generated Files AST scan
[INFO] 0 source files to be analyzed
[INFO] Java Generated Files AST scan (done) | time=1ms
[INFO] Sensor JavaSquidSensor [java] (done) | time=4878ms
[INFO] 6/6 source files have been analyzed
[INFO] 0/0 source files have been analyzed
[INFO] Sensor SonarCSS Rules [cssfamily]
[INFO] No CSS, PHP, HTML or VueJS files are found in the project. CSS analysis is skipped.
[INFO] Sensor SonarCSS Rules [cssfamily] (done) | time=1ms
[INFO] Sensor C# Properties [csharp]
[INFO] Sensor C# Properties [csharp] (done) | time=2ms
[INFO] Sensor Import of Checkstyle issues [java]
[INFO] Importing /workspace/source/target/checkstyle-result.xml
[INFO] Sensor Import of Checkstyle issues [java] (done) | time=78ms
[INFO] Sensor SurefireSensor [java]
[INFO] parsing [/workspace/source/target/surefire-reports]
[INFO] Sensor SurefireSensor [java] (done) | time=44ms
[INFO] Sensor JavaXmlSensor [java]
[INFO] 1 source files to be analyzed
[INFO] Sensor JavaXmlSensor [java] (done) | time=214ms
[INFO] 1/1 source files have been analyzed
[INFO] Sensor HTML [web]
[INFO] Sensor HTML [web] (done) | time=5ms
[INFO] Sensor XML Sensor [xml]
[INFO] 1 source files to be analyzed
[INFO] Sensor XML Sensor [xml] (done) | time=192ms
[INFO] 1/1 source files have been analyzed
[INFO] Sensor VB.NET Properties [vbnet]
[INFO] Sensor VB.NET Properties [vbnet] (done) | time=2ms
[INFO] Sensor JaCoCo XML Report Importer [jacoco]
[INFO] Importing 1 report(s). Turn your logs in debug mode in order to see the exhaustive list.
[INFO] Sensor JaCoCo XML Report Importer [jacoco] (done) | time=45ms
[INFO] Sensor ThymeLeaf template sensor [securityjavafrontend]
[INFO] Sensor ThymeLeaf template sensor [securityjavafrontend] (done) | time=3ms
[INFO] Sensor JavaSecuritySensor [security]
[INFO] Reading type hierarchy from: /workspace/source/target/sonar/ucfg2/java
[INFO] Read 100 type definitions
[INFO] Reading UCFGs from: /workspace/source/target/sonar/ucfg2/java
[INFO] 16:00:55.342169 Building Runtime Type propagation graph
[INFO] 16:00:55.353087 Running Tarjan on 88 nodes
[INFO] 16:00:55.355383 Tarjan found 88 components
[INFO] 16:00:55.358389 Variable type analysis: done
[INFO] 16:00:55.363414 Building Runtime Type propagation graph
[INFO] 16:00:55.368213 Running Tarjan on 88 nodes
[INFO] 16:00:55.368795 Tarjan found 88 components
[INFO] 16:00:55.369474 Variable type analysis: done
[INFO] Analyzing 28 ucfgs to detect vulnerabilities.
[INFO] All rules entrypoints : 0 Retained UCFGs : 0
[INFO] rule: S5131, entrypoints: 0
[INFO] rule: S5131 done
[INFO] rule: S3649, entrypoints: 0
[INFO] rule: S3649 done
[INFO] rule: S2076, entrypoints: 0
[INFO] rule: S2076 done
[INFO] rule: S2091, entrypoints: 0
[INFO] rule: S2091 done
[INFO] rule: S2078, entrypoints: 0
[INFO] rule: S2078 done
[INFO] rule: S2631, entrypoints: 0
[INFO] rule: S2631 done
[INFO] rule: S5135, entrypoints: 0
[INFO] rule: S5135 done
[INFO] rule: S2083, entrypoints: 0
[INFO] rule: S2083 done
[INFO] rule: S5167, entrypoints: 0
[INFO] rule: S5167 done
[INFO] rule: S5144, entrypoints: 0
[INFO] rule: S5144 done
[INFO] rule: S5145, entrypoints: 0
[INFO] rule: S5145 done
[INFO] rule: S5146, entrypoints: 0
[INFO] rule: S5146 done
[INFO] rule: S5334, entrypoints: 0
[INFO] rule: S5334 done
[INFO] Sensor JavaSecuritySensor [security] (done) | time=530ms
[INFO] Sensor CSharpSecuritySensor [security]
[INFO] Reading type hierarchy from: /workspace/source/target/ucfg_cs2
[INFO] Read 0 type definitions
[INFO] Reading UCFGs from: /workspace/source/target/ucfg_cs2
[INFO] No UCFGs have been included for analysis.
[INFO] Sensor CSharpSecuritySensor [security] (done) | time=2ms
[INFO] Sensor PhpSecuritySensor [security]
[INFO] Reading type hierarchy from: /workspace/source/target/sonar/ucfg2/php
[INFO] Read 0 type definitions
[INFO] Reading UCFGs from: /workspace/source/target/sonar/ucfg2/php
[INFO] No UCFGs have been included for analysis.
[INFO] Sensor PhpSecuritySensor [security] (done) | time=2ms
[INFO] Sensor PythonSecuritySensor [security]
[INFO] Reading type hierarchy from: /workspace/source/target/sonar/ucfg2/python
[INFO] Read 0 type definitions
[INFO] Reading UCFGs from: /workspace/source/target/sonar/ucfg2/python
[INFO] No UCFGs have been included for analysis.
[INFO] Sensor PythonSecuritySensor [security] (done) | time=1ms
[INFO] Sensor JsSecuritySensor [security]
[INFO] Reading type hierarchy from: /workspace/source/target/sonar/ucfg2/js
[INFO] Read 0 type definitions
[INFO] Reading UCFGs from: /workspace/source/target/sonar/ucfg2/js
[INFO] No UCFGs have been included for analysis.
[INFO] Sensor JsSecuritySensor [security] (done) | time=1ms
[INFO] ------------- Run sensors on project
[INFO] Sensor Zero Coverage Sensor
[INFO] Sensor Zero Coverage Sensor (done) | time=1ms
[INFO] Sensor Java CPD Block Inde**r
[INFO] Sensor Java CPD Block Inde**r (done) | time=45ms
[INFO] SCM Publisher SCM provider for this project is: git
[INFO] SCM Publisher 11 source files to be analyzed
[INFO] SCM Publisher 10/11 source files have been analyzed (done) | time=248ms
[WARNING] Missing blame information for the following files:
[WARNING]   * pom.xml
[WARNING] This may lead to missing/broken features in SonarCloud
[INFO] CPD E**cutor Calculating CPD for 4 files
[INFO] CPD E**cutor CPD calculation finished (done) | time=11ms
[INFO] SCM writing changed lines
[INFO] SCM writing changed lines (done) | time=125ms
[INFO] Analysis report generated in 239ms, dir size=299 KB
[INFO] Analysis report compressed in 37ms, zip size=88 KB
[INFO] Analysis report uploaded in 112ms
[INFO] ANALYSIS SUCCESSFUL, you can find the results at: https://sonarcloud.io/dashboard?id=entando-k8s_entando-k8s-controller-coordinator&pullRequest=65
[INFO] Note that you will be able to access the updated dashboard once the server has processed the submitted analysis report
[INFO] More about the report processing at https://sonarcloud.io/api/ce/task?id=AXcRE_PtR5g9sNg-VTWz
[INFO] Analysis total time: 12.322 s
[INFO] ------------------------------------------------------------------------
[INFO] BUILD SUCCESS
[INFO] ------------------------------------------------------------------------
[INFO] Total time:  01:57 min
[INFO] Finished at: 2021-01-17T16:00:56Z
[INFO] ------------------------------------------------------------------------
Picked up _JAVA_OPTIONS: -XX:+UnlockExperimentalVMOptions -Dsun.zip.disableMemoryMapping=**** -XX:+UseParallelGC -XX:MinHeapFreeRatio=5 -XX:MaxHeapFreeRatio=10 -XX:GCTimeRatio=4 -XX:AdaptiveSizePolicyWeight=90 -Xms1000m -Xmx12000m
[INFO] Scanning for projects...
[INFO] 
[INFO] -----------< org.entando:entando-k8s-controller-coordinator >-----------
[INFO] Building Entando K8S Controller Coordinator 0.0.0-SNAPSHOT-PR-65-6
[INFO] --------------------------------[ jar ]---------------------------------
[INFO] 
[INFO] --- maven-site-plugin:3.9.0:site (default-site) @ entando-k8s-controller-coordinator ---
[INFO] configuring report plugin org.apache.maven.plugins:maven-project-info-reports-plugin:3.0.0
[INFO] 9 reports configured for maven-project-info-reports-plugin:3.0.0: dependency-info, distribution-management, index, ci-management, issue-management, licenses, plugins, scm, summary
[INFO] Rendering site with default locale English (en)
[WARNING] Unable to find a URL to the parent project. The parent menu will NOT be added.
[INFO] Relativizing decoration links with respect to localized project URL: https://central.entando.com
[INFO] Rendering content with org.apache.maven.skins:maven-default-skin:jar:1.3 skin.
[INFO] Generating "Dependency Information" report --- maven-project-info-reports-plugin:3.0.0:dependency-info
[INFO] Generating "About" report         --- maven-project-info-reports-plugin:3.0.0:index
[INFO] Generating "Issue Management" report --- maven-project-info-reports-plugin:3.0.0:issue-management
[INFO] Generating "Licenses" report      --- maven-project-info-reports-plugin:3.0.0:licenses
[INFO] Generating "Plugins" report       --- maven-project-info-reports-plugin:3.0.0:plugins
[INFO] Generating "Source Code Management" report --- maven-project-info-reports-plugin:3.0.0:scm
[INFO] Generating "Summary" report       --- maven-project-info-reports-plugin:3.0.0:summary
[INFO] ------------------------------------------------------------------------
[INFO] BUILD SUCCESS
[INFO] ------------------------------------------------------------------------
[INFO] Total time:  9.007 s
[INFO] Finished at: 2021-01-17T16:01:07Z
[INFO] ------------------------------------------------------------------------
shallow cloning https://github.com/entando-k8s/devops-results.git branch gh-pages
ran git init in /tmp/jenkins-x-collect106015220
ran git add remote origin https://github.com/entando-k8s/devops-results.git in /tmp/jenkins-x-collect106015220
ran git fetch origin --depth=1 gh-pages in dir /tmp/jenkins-x-collect106015220
Publishing https://raw.githubusercontent.com/entando-k8s/devops-results/gh-pages/entando-k8s-controller-coordinator/PR-65/checkstyle.html
Publishing https://raw.githubusercontent.com/entando-k8s/devops-results/gh-pages/entando-k8s-controller-coordinator/PR-65/checkstyle.rss
Publishing https://raw.githubusercontent.com/entando-k8s/devops-results/gh-pages/entando-k8s-controller-coordinator/PR-65/css/maven-base.css
Publishing https://raw.githubusercontent.com/entando-k8s/devops-results/gh-pages/entando-k8s-controller-coordinator/PR-65/css/maven-theme.css
Publishing https://raw.githubusercontent.com/entando-k8s/devops-results/gh-pages/entando-k8s-controller-coordinator/PR-65/css/print.css
Publishing https://raw.githubusercontent.com/entando-k8s/devops-results/gh-pages/entando-k8s-controller-coordinator/PR-65/css/site.css
Publishing https://raw.githubusercontent.com/entando-k8s/devops-results/gh-pages/entando-k8s-controller-coordinator/PR-65/dependency-check-junit.xml
Publishing https://raw.githubusercontent.com/entando-k8s/devops-results/gh-pages/entando-k8s-controller-coordinator/PR-65/dependency-check-report.html
Publishing https://raw.githubusercontent.com/entando-k8s/devops-results/gh-pages/entando-k8s-controller-coordinator/PR-65/dependency-check-report.xml
Publishing https://raw.githubusercontent.com/entando-k8s/devops-results/gh-pages/entando-k8s-controller-coordinator/PR-65/dependency-info.html
Publishing https://raw.githubusercontent.com/entando-k8s/devops-results/gh-pages/entando-k8s-controller-coordinator/PR-65/images/collapsed.gif
Publishing https://raw.githubusercontent.com/entando-k8s/devops-results/gh-pages/entando-k8s-controller-coordinator/PR-65/images/expanded.gif
Publishing https://raw.githubusercontent.com/entando-k8s/devops-results/gh-pages/entando-k8s-controller-coordinator/PR-65/images/external.png
Publishing https://raw.githubusercontent.com/entando-k8s/devops-results/gh-pages/entando-k8s-controller-coordinator/PR-65/images/icon_error_sml.gif
Publishing https://raw.githubusercontent.com/entando-k8s/devops-results/gh-pages/entando-k8s-controller-coordinator/PR-65/images/icon_info_sml.gif
Publishing https://raw.githubusercontent.com/entando-k8s/devops-results/gh-pages/entando-k8s-controller-coordinator/PR-65/images/icon_success_sml.gif
Publishing https://raw.githubusercontent.com/entando-k8s/devops-results/gh-pages/entando-k8s-controller-coordinator/PR-65/images/icon_warning_sml.gif
Publishing https://raw.githubusercontent.com/entando-k8s/devops-results/gh-pages/entando-k8s-controller-coordinator/PR-65/images/logos/build-by-maven-black.png
Publishing https://raw.githubusercontent.com/entando-k8s/devops-results/gh-pages/entando-k8s-controller-coordinator/PR-65/images/logos/build-by-maven-white.png
Publishing https://raw.githubusercontent.com/entando-k8s/devops-results/gh-pages/entando-k8s-controller-coordinator/PR-65/images/logos/maven-feather.png
Publishing https://raw.githubusercontent.com/entando-k8s/devops-results/gh-pages/entando-k8s-controller-coordinator/PR-65/images/newwindow.png
Publishing https://raw.githubusercontent.com/entando-k8s/devops-results/gh-pages/entando-k8s-controller-coordinator/PR-65/images/rss.png
Publishing https://raw.githubusercontent.com/entando-k8s/devops-results/gh-pages/entando-k8s-controller-coordinator/PR-65/index.html
Publishing https://raw.githubusercontent.com/entando-k8s/devops-results/gh-pages/entando-k8s-controller-coordinator/PR-65/issue-management.html
Publishing https://raw.githubusercontent.com/entando-k8s/devops-results/gh-pages/entando-k8s-controller-coordinator/PR-65/jacoco/index.html
Publishing https://raw.githubusercontent.com/entando-k8s/devops-results/gh-pages/entando-k8s-controller-coordinator/PR-65/jacoco/jacoco-resources/branchfc.gif
Publishing https://raw.githubusercontent.com/entando-k8s/devops-results/gh-pages/entando-k8s-controller-coordinator/PR-65/jacoco/jacoco-resources/branchnc.gif
Publishing https://raw.githubusercontent.com/entando-k8s/devops-results/gh-pages/entando-k8s-controller-coordinator/PR-65/jacoco/jacoco-resources/branchpc.gif
Publishing https://raw.githubusercontent.com/entando-k8s/devops-results/gh-pages/entando-k8s-controller-coordinator/PR-65/jacoco/jacoco-resources/bundle.gif
Publishing https://raw.githubusercontent.com/entando-k8s/devops-results/gh-pages/entando-k8s-controller-coordinator/PR-65/jacoco/jacoco-resources/class.gif
Publishing https://raw.githubusercontent.com/entando-k8s/devops-results/gh-pages/entando-k8s-controller-coordinator/PR-65/jacoco/jacoco-resources/down.gif
Publishing https://raw.githubusercontent.com/entando-k8s/devops-results/gh-pages/entando-k8s-controller-coordinator/PR-65/jacoco/jacoco-resources/greenbar.gif
Publishing https://raw.githubusercontent.com/entando-k8s/devops-results/gh-pages/entando-k8s-controller-coordinator/PR-65/jacoco/jacoco-resources/group.gif
Publishing https://raw.githubusercontent.com/entando-k8s/devops-results/gh-pages/entando-k8s-controller-coordinator/PR-65/jacoco/jacoco-resources/method.gif
Publishing https://raw.githubusercontent.com/entando-k8s/devops-results/gh-pages/entando-k8s-controller-coordinator/PR-65/jacoco/jacoco-resources/package.gif
Publishing https://raw.githubusercontent.com/entando-k8s/devops-results/gh-pages/entando-k8s-controller-coordinator/PR-65/jacoco/jacoco-resources/prettify.css
Publishing https://raw.githubusercontent.com/entando-k8s/devops-results/gh-pages/entando-k8s-controller-coordinator/PR-65/jacoco/jacoco-resources/prettify.js
Publishing https://raw.githubusercontent.com/entando-k8s/devops-results/gh-pages/entando-k8s-controller-coordinator/PR-65/jacoco/jacoco-resources/redbar.gif
Publishing https://raw.githubusercontent.com/entando-k8s/devops-results/gh-pages/entando-k8s-controller-coordinator/PR-65/jacoco/jacoco-resources/report.css
Publishing https://raw.githubusercontent.com/entando-k8s/devops-results/gh-pages/entando-k8s-controller-coordinator/PR-65/jacoco/jacoco-resources/report.gif
Publishing https://raw.githubusercontent.com/entando-k8s/devops-results/gh-pages/entando-k8s-controller-coordinator/PR-65/jacoco/jacoco-resources/session.gif
Publishing https://raw.githubusercontent.com/entando-k8s/devops-results/gh-pages/entando-k8s-controller-coordinator/PR-65/jacoco/jacoco-resources/sort.gif
Publishing https://raw.githubusercontent.com/entando-k8s/devops-results/gh-pages/entando-k8s-controller-coordinator/PR-65/jacoco/jacoco-resources/sort.js
Publishing https://raw.githubusercontent.com/entando-k8s/devops-results/gh-pages/entando-k8s-controller-coordinator/PR-65/jacoco/jacoco-resources/source.gif
Publishing https://raw.githubusercontent.com/entando-k8s/devops-results/gh-pages/entando-k8s-controller-coordinator/PR-65/jacoco/jacoco-resources/up.gif
Publishing https://raw.githubusercontent.com/entando-k8s/devops-results/gh-pages/entando-k8s-controller-coordinator/PR-65/jacoco/jacoco-sessions.html
Publishing https://raw.githubusercontent.com/entando-k8s/devops-results/gh-pages/entando-k8s-controller-coordinator/PR-65/jacoco/jacoco.csv
Publishing https://raw.githubusercontent.com/entando-k8s/devops-results/gh-pages/entando-k8s-controller-coordinator/PR-65/jacoco/jacoco.xml
Publishing https://raw.githubusercontent.com/entando-k8s/devops-results/gh-pages/entando-k8s-controller-coordinator/PR-65/jacoco/org.entando.kubernetes.controller.coordinator/EntandoControllerCoordinator.html
Publishing https://raw.githubusercontent.com/entando-k8s/devops-results/gh-pages/entando-k8s-controller-coordinator/PR-65/jacoco/org.entando.kubernetes.controller.coordinator/EntandoControllerCoordinator.java.html
Publishing https://raw.githubusercontent.com/entando-k8s/devops-results/gh-pages/entando-k8s-controller-coordinator/PR-65/jacoco/org.entando.kubernetes.controller.coordinator/EntandoDeploymentPhaseWatcher.html
Publishing https://raw.githubusercontent.com/entando-k8s/devops-results/gh-pages/entando-k8s-controller-coordinator/PR-65/jacoco/org.entando.kubernetes.controller.coordinator/EntandoDeploymentPhaseWatcher.java.html
Publishing https://raw.githubusercontent.com/entando-k8s/devops-results/gh-pages/entando-k8s-controller-coordinator/PR-65/jacoco/org.entando.kubernetes.controller.coordinator/EntandoOperatorMatcher.html
Publishing https://raw.githubusercontent.com/entando-k8s/devops-results/gh-pages/entando-k8s-controller-coordinator/PR-65/jacoco/org.entando.kubernetes.controller.coordinator/EntandoOperatorMatcher.java.html
Publishing https://raw.githubusercontent.com/entando-k8s/devops-results/gh-pages/entando-k8s-controller-coordinator/PR-65/jacoco/org.entando.kubernetes.controller.coordinator/EntandoResourceObserver.html
Publishing https://raw.githubusercontent.com/entando-k8s/devops-results/gh-pages/entando-k8s-controller-coordinator/PR-65/jacoco/org.entando.kubernetes.controller.coordinator/EntandoResourceObserver.java.html
Publishing https://raw.githubusercontent.com/entando-k8s/devops-results/gh-pages/entando-k8s-controller-coordinator/PR-65/jacoco/org.entando.kubernetes.controller.coordinator/index.html
Publishing https://raw.githubusercontent.com/entando-k8s/devops-results/gh-pages/entando-k8s-controller-coordinator/PR-65/jacoco/org.entando.kubernetes.controller.coordinator/index.source.html
Publishing https://raw.githubusercontent.com/entando-k8s/devops-results/gh-pages/entando-k8s-controller-coordinator/PR-65/licenses.html
Publishing https://raw.githubusercontent.com/entando-k8s/devops-results/gh-pages/entando-k8s-controller-coordinator/PR-65/plugins.html
Publishing https://raw.githubusercontent.com/entando-k8s/devops-results/gh-pages/entando-k8s-controller-coordinator/PR-65/project-info.html
Publishing https://raw.githubusercontent.com/entando-k8s/devops-results/gh-pages/entando-k8s-controller-coordinator/PR-65/scm.html
Publishing https://raw.githubusercontent.com/entando-k8s/devops-results/gh-pages/entando-k8s-controller-coordinator/PR-65/summary.html
Publishing https://raw.githubusercontent.com/entando-k8s/devops-results/gh-pages/entando-k8s-controller-coordinator/PR-65/surefire-report.html
stashed: https://raw.githubusercontent.com/entando-k8s/devops-results/gh-pages/entando-k8s-controller-coordinator/PR-65/checkstyle.html
stashed: https://raw.githubusercontent.com/entando-k8s/devops-results/gh-pages/entando-k8s-controller-coordinator/PR-65/checkstyle.rss
stashed: https://raw.githubusercontent.com/entando-k8s/devops-results/gh-pages/entando-k8s-controller-coordinator/PR-65/css/maven-base.css
stashed: https://raw.githubusercontent.com/entando-k8s/devops-results/gh-pages/entando-k8s-controller-coordinator/PR-65/css/maven-theme.css
stashed: https://raw.githubusercontent.com/entando-k8s/devops-results/gh-pages/entando-k8s-controller-coordinator/PR-65/css/print.css
stashed: https://raw.githubusercontent.com/entando-k8s/devops-results/gh-pages/entando-k8s-controller-coordinator/PR-65/css/site.css
stashed: https://raw.githubusercontent.com/entando-k8s/devops-results/gh-pages/entando-k8s-controller-coordinator/PR-65/dependency-check-junit.xml
stashed: https://raw.githubusercontent.com/entando-k8s/devops-results/gh-pages/entando-k8s-controller-coordinator/PR-65/dependency-check-report.html
stashed: https://raw.githubusercontent.com/entando-k8s/devops-results/gh-pages/entando-k8s-controller-coordinator/PR-65/dependency-check-report.xml
stashed: https://raw.githubusercontent.com/entando-k8s/devops-results/gh-pages/entando-k8s-controller-coordinator/PR-65/dependency-info.html
stashed: https://raw.githubusercontent.com/entando-k8s/devops-results/gh-pages/entando-k8s-controller-coordinator/PR-65/images/collapsed.gif
stashed: https://raw.githubusercontent.com/entando-k8s/devops-results/gh-pages/entando-k8s-controller-coordinator/PR-65/images/expanded.gif
stashed: https://raw.githubusercontent.com/entando-k8s/devops-results/gh-pages/entando-k8s-controller-coordinator/PR-65/images/external.png
stashed: https://raw.githubusercontent.com/entando-k8s/devops-results/gh-pages/entando-k8s-controller-coordinator/PR-65/images/icon_error_sml.gif
stashed: https://raw.githubusercontent.com/entando-k8s/devops-results/gh-pages/entando-k8s-controller-coordinator/PR-65/images/icon_info_sml.gif
stashed: https://raw.githubusercontent.com/entando-k8s/devops-results/gh-pages/entando-k8s-controller-coordinator/PR-65/images/icon_success_sml.gif
stashed: https://raw.githubusercontent.com/entando-k8s/devops-results/gh-pages/entando-k8s-controller-coordinator/PR-65/images/icon_warning_sml.gif
stashed: https://raw.githubusercontent.com/entando-k8s/devops-results/gh-pages/entando-k8s-controller-coordinator/PR-65/images/logos/build-by-maven-black.png
stashed: https://raw.githubusercontent.com/entando-k8s/devops-results/gh-pages/entando-k8s-controller-coordinator/PR-65/images/logos/build-by-maven-white.png
stashed: https://raw.githubusercontent.com/entando-k8s/devops-results/gh-pages/entando-k8s-controller-coordinator/PR-65/images/logos/maven-feather.png
stashed: https://raw.githubusercontent.com/entando-k8s/devops-results/gh-pages/entando-k8s-controller-coordinator/PR-65/images/newwindow.png
stashed: https://raw.githubusercontent.com/entando-k8s/devops-results/gh-pages/entando-k8s-controller-coordinator/PR-65/images/rss.png
stashed: https://raw.githubusercontent.com/entando-k8s/devops-results/gh-pages/entando-k8s-controller-coordinator/PR-65/index.html
stashed: https://raw.githubusercontent.com/entando-k8s/devops-results/gh-pages/entando-k8s-controller-coordinator/PR-65/issue-management.html
stashed: https://raw.githubusercontent.com/entando-k8s/devops-results/gh-pages/entando-k8s-controller-coordinator/PR-65/jacoco/index.html
stashed: https://raw.githubusercontent.com/entando-k8s/devops-results/gh-pages/entando-k8s-controller-coordinator/PR-65/jacoco/jacoco-resources/branchfc.gif
stashed: https://raw.githubusercontent.com/entando-k8s/devops-results/gh-pages/entando-k8s-controller-coordinator/PR-65/jacoco/jacoco-resources/branchnc.gif
stashed: https://raw.githubusercontent.com/entando-k8s/devops-results/gh-pages/entando-k8s-controller-coordinator/PR-65/jacoco/jacoco-resources/branchpc.gif
stashed: https://raw.githubusercontent.com/entando-k8s/devops-results/gh-pages/entando-k8s-controller-coordinator/PR-65/jacoco/jacoco-resources/bundle.gif
stashed: https://raw.githubusercontent.com/entando-k8s/devops-results/gh-pages/entando-k8s-controller-coordinator/PR-65/jacoco/jacoco-resources/class.gif
stashed: https://raw.githubusercontent.com/entando-k8s/devops-results/gh-pages/entando-k8s-controller-coordinator/PR-65/jacoco/jacoco-resources/down.gif
stashed: https://raw.githubusercontent.com/entando-k8s/devops-results/gh-pages/entando-k8s-controller-coordinator/PR-65/jacoco/jacoco-resources/greenbar.gif
stashed: https://raw.githubusercontent.com/entando-k8s/devops-results/gh-pages/entando-k8s-controller-coordinator/PR-65/jacoco/jacoco-resources/group.gif
stashed: https://raw.githubusercontent.com/entando-k8s/devops-results/gh-pages/entando-k8s-controller-coordinator/PR-65/jacoco/jacoco-resources/method.gif
stashed: https://raw.githubusercontent.com/entando-k8s/devops-results/gh-pages/entando-k8s-controller-coordinator/PR-65/jacoco/jacoco-resources/package.gif
stashed: https://raw.githubusercontent.com/entando-k8s/devops-results/gh-pages/entando-k8s-controller-coordinator/PR-65/jacoco/jacoco-resources/prettify.css
stashed: https://raw.githubusercontent.com/entando-k8s/devops-results/gh-pages/entando-k8s-controller-coordinator/PR-65/jacoco/jacoco-resources/prettify.js
stashed: https://raw.githubusercontent.com/entando-k8s/devops-results/gh-pages/entando-k8s-controller-coordinator/PR-65/jacoco/jacoco-resources/redbar.gif
stashed: https://raw.githubusercontent.com/entando-k8s/devops-results/gh-pages/entando-k8s-controller-coordinator/PR-65/jacoco/jacoco-resources/report.css
stashed: https://raw.githubusercontent.com/entando-k8s/devops-results/gh-pages/entando-k8s-controller-coordinator/PR-65/jacoco/jacoco-resources/report.gif
stashed: https://raw.githubusercontent.com/entando-k8s/devops-results/gh-pages/entando-k8s-controller-coordinator/PR-65/jacoco/jacoco-resources/session.gif
stashed: https://raw.githubusercontent.com/entando-k8s/devops-results/gh-pages/entando-k8s-controller-coordinator/PR-65/jacoco/jacoco-resources/sort.gif
stashed: https://raw.githubusercontent.com/entando-k8s/devops-results/gh-pages/entando-k8s-controller-coordinator/PR-65/jacoco/jacoco-resources/sort.js
stashed: https://raw.githubusercontent.com/entando-k8s/devops-results/gh-pages/entando-k8s-controller-coordinator/PR-65/jacoco/jacoco-resources/source.gif
stashed: https://raw.githubusercontent.com/entando-k8s/devops-results/gh-pages/entando-k8s-controller-coordinator/PR-65/jacoco/jacoco-resources/up.gif
stashed: https://raw.githubusercontent.com/entando-k8s/devops-results/gh-pages/entando-k8s-controller-coordinator/PR-65/jacoco/jacoco-sessions.html
stashed: https://raw.githubusercontent.com/entando-k8s/devops-results/gh-pages/entando-k8s-controller-coordinator/PR-65/jacoco/jacoco.csv
stashed: https://raw.githubusercontent.com/entando-k8s/devops-results/gh-pages/entando-k8s-controller-coordinator/PR-65/jacoco/jacoco.xml
stashed: https://raw.githubusercontent.com/entando-k8s/devops-results/gh-pages/entando-k8s-controller-coordinator/PR-65/jacoco/org.entando.kubernetes.controller.coordinator/EntandoControllerCoordinator.html
stashed: https://raw.githubusercontent.com/entando-k8s/devops-results/gh-pages/entando-k8s-controller-coordinator/PR-65/jacoco/org.entando.kubernetes.controller.coordinator/EntandoControllerCoordinator.java.html
stashed: https://raw.githubusercontent.com/entando-k8s/devops-results/gh-pages/entando-k8s-controller-coordinator/PR-65/jacoco/org.entando.kubernetes.controller.coordinator/EntandoDeploymentPhaseWatcher.html
stashed: https://raw.githubusercontent.com/entando-k8s/devops-results/gh-pages/entando-k8s-controller-coordinator/PR-65/jacoco/org.entando.kubernetes.controller.coordinator/EntandoDeploymentPhaseWatcher.java.html
stashed: https://raw.githubusercontent.com/entando-k8s/devops-results/gh-pages/entando-k8s-controller-coordinator/PR-65/jacoco/org.entando.kubernetes.controller.coordinator/EntandoOperatorMatcher.html
stashed: https://raw.githubusercontent.com/entando-k8s/devops-results/gh-pages/entando-k8s-controller-coordinator/PR-65/jacoco/org.entando.kubernetes.controller.coordinator/EntandoOperatorMatcher.java.html
stashed: https://raw.githubusercontent.com/entando-k8s/devops-results/gh-pages/entando-k8s-controller-coordinator/PR-65/jacoco/org.entando.kubernetes.controller.coordinator/EntandoResourceObserver.html
stashed: https://raw.githubusercontent.com/entando-k8s/devops-results/gh-pages/entando-k8s-controller-coordinator/PR-65/jacoco/org.entando.kubernetes.controller.coordinator/EntandoResourceObserver.java.html
stashed: https://raw.githubusercontent.com/entando-k8s/devops-results/gh-pages/entando-k8s-controller-coordinator/PR-65/jacoco/org.entando.kubernetes.controller.coordinator/index.html
stashed: https://raw.githubusercontent.com/entando-k8s/devops-results/gh-pages/entando-k8s-controller-coordinator/PR-65/jacoco/org.entando.kubernetes.controller.coordinator/index.source.html
stashed: https://raw.githubusercontent.com/entando-k8s/devops-results/gh-pages/entando-k8s-controller-coordinator/PR-65/licenses.html
stashed: https://raw.githubusercontent.com/entando-k8s/devops-results/gh-pages/entando-k8s-controller-coordinator/PR-65/plugins.html
stashed: https://raw.githubusercontent.com/entando-k8s/devops-results/gh-pages/entando-k8s-controller-coordinator/PR-65/project-info.html
stashed: https://raw.githubusercontent.com/entando-k8s/devops-results/gh-pages/entando-k8s-controller-coordinator/PR-65/scm.html
stashed: https://raw.githubusercontent.com/entando-k8s/devops-results/gh-pages/entando-k8s-controller-coordinator/PR-65/summary.html
stashed: https://raw.githubusercontent.com/entando-k8s/devops-results/gh-pages/entando-k8s-controller-coordinator/PR-65/surefire-report.html
error: etcdserver: request is too large
  % Total    % Received % Xferd  Average Speed   Time    Time     Time  Current
                                 Dload  Upload   Total   Spent    Left  Speed
  0     0    0     0    0     0      0      0 --:--:-- --:--:-- --:--:--     0 11  1891    0     0  100   226      0    347 --:--:-- --:--:-- --:--:--   347100  1891  100  1665  100   226   2559    347 --:--:-- --:--:-- --:--:--  2557
{
  "url": "https://api.github.com/repos/entando-k8s/entando-k8s-controller-coordinator/statuses/83a63594581e7ddaa072132c2ea32ac0c138f919",
  "avatar_url": "https://avatars2.githubusercontent.com/u/57885396?v=4",
  "id": 11881121259,
  "node_id": "MDEzOlN0YXR1c0NvbnRleHQxMTg4MTEyMTI1OQ==",
  "state": "success",
  "description": "Pre-deployment tests success!",
  "target_url": "https://entando-k8s.github.io/devops-results/entando-k8s-controller-coordinator/PR-65/surefire-report.html",
  "context": "Pre-deployment tests",
  "created_at": "2021-01-17T16:01:19Z",
  "updated_at": "2021-01-17T16:01:19Z",
  "creator": {
    "login": "entando-**",
    "id": 57885396,
    "node_id": "MDQ6VXNlcjU3ODg1Mzk2",
    "avatar_url": "https://avatars2.githubusercontent.com/u/57885396?v=4",
    "gravatar_id": "",
    "url": "https://api.github.com/users/**********",
    "html_url": "https://github.com/entando-**",
    "followers_url": "https://api.github.com/users/entando-**/followers",
    "following_url": "https://api.github.com/users/**********/following{/other_user}",
    "gists_url": "https://api.github.com/users/**********/gists{/gist_id}",
    "starred_url": "https://api.github.com/users/**********/starred{/owner}{/repo}",
    "subscriptions_url": "https://api.github.com/users/entando-**/subscriptions",
    "organizations_url": "https://api.github.com/users/entando-**/orgs",
    "repos_url": "https://api.github.com/users/**********/repos",
    "events_url": "https://api.github.com/users/entando-**/events{/privacy}",
    "received_events_url": "https://api.github.com/users/entando-**/received_events",
    "type": "User",
    "site_*****": false
  }
}
  % Total    % Received % Xferd  Average Speed   Time    Time     Time  Current
                                 Dload  Upload   Total   Spent    Left  Speed
  0     0    0     0    0     0      0      0 --:--:-- --:--:-- --:--:--     0100  1841  100  1640  100   201   2407    295 --:--:-- --:--:-- --:--:--  2408
{
  "url": "https://api.github.com/repos/entando-k8s/entando-k8s-controller-coordinator/statuses/83a63594581e7ddaa072132c2ea32ac0c138f919",
  "avatar_url": "https://avatars2.githubusercontent.com/u/57885396?v=4",
  "id": 11881121297,
  "node_id": "MDEzOlN0YXR1c0NvbnRleHQxMTg4MTEyMTI5Nw==",
  "state": "success",
  "description": "Checkstyle success!",
  "target_url": "https://entando-k8s.github.io/devops-results/entando-k8s-controller-coordinator/PR-65/checkstyle.html",
  "context": "Checkstyle",
  "created_at": "2021-01-17T16:01:20Z",
  "updated_at": "2021-01-17T16:01:20Z",
  "creator": {
    "login": "**********",
    "id": 57885396,
    "node_id": "MDQ6VXNlcjU3ODg1Mzk2",
    "avatar_url": "https://avatars2.githubusercontent.com/u/57885396?v=4",
    "gravatar_id": "",
    "url": "https://api.github.com/users/**********",
    "html_url": "https://github.com/**********",
    "followers_url": "https://api.github.com/users/**********/followers",
    "following_url": "https://api.github.com/users/**********/following{/other_user}",
    "gists_url": "https://api.github.com/users/entando-**/gists{/gist_id}",
    "starred_url": "https://api.github.com/users/**********/starred{/owner}{/repo}",
    "subscriptions_url": "https://api.github.com/users/**********/subscriptions",
    "organizations_url": "https://api.github.com/users/**********/orgs",
    "repos_url": "https://api.github.com/users/**********/repos",
    "events_url": "https://api.github.com/users/**********/events{/privacy}",
    "received_events_url": "https://api.github.com/users/**********/received_events",
    "type": "User",
    "site_*****": false
  }
}
  % Total    % Received % Xferd  Average Speed   Time    Time     Time  Current
                                 Dload  Upload   Total   Spent    Left  Speed
{
  "url": "https://api.github.com/repos/entando-k8s/entando-k8s-controller-coordinator/statuses/83a63594581e7ddaa072132c2ea32ac0c138f919",
  "avatar_url": "https://avatars2.githubusercontent.com/u/57885396?v=4",
  "id": 11881121331,
  "node_id": "MDEzOlN0YXR1c0NvbnRleHQxMTg4MTEyMTMzMQ==",
  "state": "success",
  "description": "OWASP CVE success!",
  "target_url": "https://entando-k8s.github.io/devops-results/entando-k8s-controller-coordinator/PR-65/dependency-check-report.html",
  "context": "OWASP CVE",
  "created_at": "2021-01-17T16:01:21Z",
  "updated_at": "2021-01-17T16:01:21Z",
  "creator": {
    "login": "entando-**",
    "id": 57885396,
    "node_id": "MDQ6VXNlcjU3ODg1Mzk2",
    "avatar_url": "https://avatars2.githubusercontent.com/u/57885396?v=4",
    "gravatar_id": "",
    "url": "https://api.github.com/users/**********",
    "html_url": "https://github.com/entando-**",
    "followers_url": "https://api.github.com/users/**********/followers",
    "following_url": "https://api.github.com/users/**********/following{/other_user}",
    "gists_url": "https://api.github.com/users/entando-**/gists{/gist_id}",
    "starred_url": "https://api.github.com/users/**********/starred{/owner}{/repo}",
    "subscriptions_url": "https://api.github.com/users/entando-**/subscriptions",
    "organizations_url": "https://api.github.com/users/**********/orgs",
    "repos_url": "https://api.github.com/users/entando-**/repos",
    "events_url": "https://api.github.com/users/**********/events{/privacy}",
    "received_events_url": "https://api.github.com/users/**********/received_events",
    "type": "User",
    "site_*****": false
  }
}
  0     0    0     0    0     0      0      0 --:--:-- --:--:-- --:--:--     0  0     0    0     0    0     0      0      0 --:--:-- --:--:-- --:--:--     0100  1863  100  1651  100   212   2100    269 --:--:-- --:--:-- --:--:--  2100
Congratulations! No build failures found for entando-k8s-controller-coordinator-PR-65.

Showing logs for build [32mentando-k8s-entando-k8s-control-mn6v4-6[0m stage [32mfrom-build-pack[0m and container [32mstep-build-container-build[0m
Generating tags...
 - entando/entando-k8s-controller-coordinator -> docker.io/entando/entando-k8s-controller-coordinator:0.0.0-SNAPSHOT-PR-65-6
Checking cache...
 - entando/entando-k8s-controller-coordinator: Not found. Building
Building [entando/entando-k8s-controller-coordinator]...
Sending build context to Docker daemon  528.9kBSending build context to Docker daemon  9.334MBSending build context to Docker daemon  20.43MBSending build context to Docker daemon  28.17MBSending build context to Docker daemon  38.06MBSending build context to Docker daemon  42.89MB
Step 1/9 : FROM fabric8/java-ubi-openjdk11-jdk
 ---> 2c1e34a951ba
Step 2/9 : ARG VERSION
 ---> Using cache
 ---> 8ff2b7f091ff
Step 3/9 : LABEL name "Entando K8S Controller Coordinator" vendor "Entando" version "v${VERSION}" release "6" summary "This container is the entrypoint for the Entando Operator and launches delegate containers to process Entando custom resources." description "This is container runs background threads that observe events occurring against Entando custom resources.                    When it detects an event against a known Entando custom resource, it spawns the appropriate run-to-completion                    container to process the event in question."
 ---> Running in 79d8ac5bc226
 ---> 1be749d652ea
Step 4/9 : ENV JAVA_OPTIONS "-Djava.util.logging.manager=org.jboss.logmanager.LogManager"
 ---> Running in 990cba74c42d
 ---> 706b9e9b6f29
Step 5/9 : ENV AB_ENABLED jmx_exporter
 ---> Running in dda240559e34
 ---> 43e69a5081ef
Step 6/9 : COPY LICENSE /licences/entando-lgpl.txt
 ---> 1ef8ab93443b
Step 7/9 : COPY target/lib/* /deployments/lib/
 ---> 801bcbd933ec
Step 8/9 : COPY target/*-runner.jar /deployments/app.jar
 ---> 0f41d8e904c3
Step 9/9 : ENTRYPOINT /deployments/run-java.sh
 ---> Running in a4ab18b14536
 ---> 3520671f8814
Successfully built 3520671f8814
The push refers to a repository [docker.io/entando/entando-k8s-controller-coordinator]
b8a22b6ad913: Preparing
9829eb6b0e30: Preparing
17e3e840a31b: Preparing
943a7fa5534b: Preparing
a96f62b50f06: Preparing
31dbb7ba3eaa: Preparing
0352bd717f81: Preparing
d0e90c560ab7: Preparing
8e46467f757e: Preparing
1b054d7b5a74: Preparing
93757f8ff483: Preparing
133b5003f6eb: Preparing
1776c40df06e: Preparing
0352bd717f81: Waiting
d0e90c560ab7: Waiting
8e46467f757e: Waiting
1b054d7b5a74: Waiting
93757f8ff483: Waiting
133b5003f6eb: Waiting
1776c40df06e: Waiting
31dbb7ba3eaa: Waiting
943a7fa5534b: Layer already exists
a96f62b50f06: Layer already exists
0352bd717f81: Layer already exists
31dbb7ba3eaa: Layer already exists
d0e90c560ab7: Layer already exists
8e46467f757e: Layer already exists
1b054d7b5a74: Layer already exists
93757f8ff483: Layer already exists
1776c40df06e: Layer already exists
133b5003f6eb: Layer already exists
b8a22b6ad913: Pushed
17e3e840a31b: Pushed
9829eb6b0e30: Pushed
0.0.0-SNAPSHOT-PR-65-6: digest: sha256:3e54557eb94572b73887f516f067a3d665099e09ae049b8f883b811db2b60395 size: 3036
There is a new version (1.17.2) of Skaffold available. Download it at https://storage.googleapis.com/skaffold/releases/latest/skaffold-linux-amd64


Showing logs for build [32mentando-k8s-entando-k8s-control-mn6v4-6[0m stage [32mfrom-build-pack[0m and container [32mstep-postbuild-post-build[0m
no CVE provider running in the current ** namespace so skip adding image to be analysed

Showing logs for build [32mentando-k8s-entando-k8s-control-mn6v4-6[0m stage [32mfrom-build-pack[0m and container [32mstep-promote-make-preview[0m
Creating /builder/home/.helm 
Creating /builder/home/.helm/repository 
Creating /builder/home/.helm/repository/cache 
Creating /builder/home/.helm/repository/local 
Creating /builder/home/.helm/plugins 
Creating /builder/home/.helm/starters 
Creating /builder/home/.helm/cache/archive 
Creating /builder/home/.helm/repository/repositories.yaml 
Adding stable repo with URL: https://charts.helm.sh/stable 
Adding local repo with URL: http://127.0.0.1:8879/charts 
$HELM_HOME has been configured at /builder/home/.helm.
Not installing Tiller due to 'client-only' flag having been set
sed -i -e "s/version:.*/version: 0.0.0-SNAPSHOT-PR-65-6/" Chart.yaml
sed -i -e "s/version:.*/version: 0.0.0-SNAPSHOT-PR-65-6/" ../*/Chart.yaml
sed -i -e "s|repository:.*|repository: docker.io\/entando\/entando-k8s-controller-coordinator|" values.yaml
sed -i -e "s/tag:.*/tag: 0.0.0-SNAPSHOT-PR-65-6/" values.yaml
sed -i -e "s/redhatRegistryCredentials:.*/redhatCredentials: /" values.yaml
sed -i -e "s/ENTANDO_DOCKER_REGISTRY_OVERRIDE:.*/ENTANDO_DOCKER_REGISTRY_OVERRIDE: docker.io/" values.yaml
echo "  version: 0.0.0-SNAPSHOT-PR-65-6" >> requirements.yaml
** step helm build
WARNING: No $CHART_REPOSITORY defined so using the default value of: http://jenkins-x-chartmuseum:8080
Adding missing Helm repo: storage.googleapis.com https://storage.googleapis.com/chartmuseum.jenkins-x.io
Successfully added Helm repository storage.googleapis.com.
Adding missing Helm repo: jenkins-x-chartmuseum http://jenkins-x-chartmuseum:8080
Successfully added Helm repository jenkins-x-chartmuseum.
WARNING: No $CHART_REPOSITORY defined so using the default value of: http://jenkins-x-chartmuseum:8080

Showing logs for build [32mentando-k8s-entando-k8s-control-mn6v4-6[0m stage [32mfrom-build-pack[0m and container [32mstep-promote-jx-preview[0m
Creating a preview
Found commit author match for: ampie with email address: ampie.private@gmail.com
Namespace entando-k8s-controller-coordinator-carcpr65 created 
expose:
  Annotations:
    helm.sh/hook: post-install,post-upgrade
    helm.sh/hook-delete-policy: hook-succeeded
  config:
    domain: *************
    exposer: Ingress
    http: "****"
preview:
  image:
    repository: docker.io/entando/entando-k8s-controller-coordinator
    tag: 0.0.0-SNAPSHOT-PR-65-6
error: failed to run 'kubectl apply --recursive -f /tmp/helm-template-workdir-041718714/preview/output/namespaces/entando-k8s-controller-coordinator-carcpr65 -l jenkins.io/chart-release=preview --namespace entando-k8s-controller-coordinator-carcpr65 --wait --validate=false' command in directory '', output: 'rolebinding.rbac.authorization.k8s.io/default-pod-viewer-rolebinding created
deployment.extensions/preview-preview created
configmap/entando-docker-image-info created
role.rbac.authorization.k8s.io/entando-k8s-service created
rolebinding.rbac.authorization.k8s.io/entando-k8s-service-rolebinding created
serviceaccount/entando-k8s-service created
role.rbac.authorization.k8s.io/entando-operator created
rolebinding.rbac.authorization.k8s.io/entando-operator-rolebinding created
serviceaccount/entando-operator created
role.rbac.authorization.k8s.io/entando-plugin created
rolebinding.rbac.authorization.k8s.io/entando-plugin-rolebinding created
serviceaccount/entando-plugin created
role.rbac.authorization.k8s.io/pod-viewer created
secret/test-ca-cert-secret created
secret/test-tls-secret created
The Secret "redhat-registry" is invalid: data[.dockerconfigjson]: Invalid value: "<secret contents redacted>": unexpected end of JSON input'
[31m
Pipeline failed on stage 'from-build-pack' : container 'step-promote-jx-preview'. The execution of the pipeline has stopped.[0m
